============================================================
  Generated by:           Genus(TM) Synthesis Solution 17.10-p007_1
  Generated on:           Apr 26 2019  06:19:07 pm
  Module:                 sbox_sr
  Technology libraries:   CORE65LPSVT 
                          CLOCK65LPSVT 
                          physical_cells 
  Operating conditions:   _nominal_ 
  Interconnect mode:      global
  Area mode:              physical library
============================================================

Instance     Module     Cells  Cell Area  Net Area   Total Area 
----------------------------------------------------------------
sbox_sr                   191        524       377          901 
  ff2    flipflop5_1        6         47         0           47 
  ff1    flipflop5          6         47         0           47 
  ff3    flipflop3          4         31         0           31 
  g486   porte_xor_3        1          5         0            5 
  g484   porte_xor_1        1          5         0            5 
  g482   porte_xor_2        1          5         0            5 
  g481   porte_xor          1          5         0            5 
  g478   porte_xor_4        1          5         0            5 
  g479   porte_xnor         1          4         0            4 
  g473   porte_or_14        1          3         0            3 
  g466   porte_or_15        1          3         0            3 
  g453   porte_or_11        1          3         0            3 
  g449   porte_or_13        1          3         0            3 
  g442   porte_or_12        1          3         0            3 
  g416   porte_or_10        1          3         0            3 
  g401   porte_or_9         1          3         0            3 
  g379   porte_or_8         1          3         0            3 
  g377   porte_or_7         1          3         0            3 
  g368   porte_or_6         1          3         0            3 
  g364   porte_or_5         1          3         0            3 
  g360   porte_or_3         1          3         0            3 
  g359   porte_or_4         1          3         0            3 
  g352   porte_or_2         1          3         0            3 
  g342   porte_or_1         1          3         0            3 
  g337   porte_or           1          3         0            3 
  g469   porte_and_19       1          3         0            3 
  g445   porte_and_18       1          3         0            3 
  g440   porte_and_15       1          3         0            3 
  g430   porte_and_14       1          3         0            3 
  g429   porte_and_17       1          3         0            3 
  g426   porte_and_16       1          3         0            3 
  g424   porte_and_13       1          3         0            3 
  g421   porte_and_9        1          3         0            3 
  g419   porte_and_11       1          3         0            3 
  g414   porte_and_12       1          3         0            3 
  g411   porte_and_10       1          3         0            3 
  g408   porte_and_8        1          3         0            3 
  g407   porte_and_7        1          3         0            3 
  g405   porte_and_6        1          3         0            3 
  g381   porte_and_5        1          3         0            3 
  g373   porte_and_4        1          3         0            3 
  g350   porte_and_3        1          3         0            3 
  g343   porte_and_1        1          3         0            3 
  g340   porte_and_2        1          3         0            3 
  g331   porte_and          1          3         0            3 
  g476   porte_nand_45      1          2         0            2 
  g475   porte_nor_60       1          2         0            2 
  g472   porte_nand_44      1          2         0            2 
  g470   porte_nor_62       1          2         0            2 
  g468   porte_nand_48      1          2         0            2 
  g467   porte_nand_47      1          2         0            2 
  g464   porte_nor_66       1          2         0            2 
  g463   porte_nor_63       1          2         0            2 
  g462   porte_nor_65       1          2         0            2 
  g461   porte_nand_51      1          2         0            2 
  g460   porte_nand_46      1          2         0            2 
  g459   porte_nand_50      1          2         0            2 
  g458   porte_nand_49      1          2         0            2 
  g456   porte_nor_61       1          2         0            2 
  g455   porte_nor_64       1          2         0            2 
  g454   porte_nand_42      1          2         0            2 
  g452   porte_nand_43      1          2         0            2 
  g451   porte_nand_41      1          2         0            2 
  g450   porte_nand_39      1          2         0            2 
  g447   porte_nand_40      1          2         0            2 
  g446   porte_nor_58       1          2         0            2 
  g444   porte_nor_57       1          2         0            2 
  g443   porte_nand_38      1          2         0            2 
  g439   porte_nand_37      1          2         0            2 
  g437   porte_nand_36      1          2         0            2 
  g435   porte_nand_35      1          2         0            2 
  g434   porte_nor_56       1          2         0            2 
  g433   porte_nor_55       1          2         0            2 
  g432   porte_nand_34      1          2         0            2 
  g431   porte_nand_32      1          2         0            2 
  g428   porte_nand_33      1          2         0            2 
  g427   porte_nor_59       1          2         0            2 
  g425   porte_nand_31      1          2         0            2 
  g423   porte_nor_53       1          2         0            2 
  g420   porte_nor_46       1          2         0            2 
  g418   porte_nand_30      1          2         0            2 
  g417   porte_nand_25      1          2         0            2 
  g415   porte_nor_52       1          2         0            2 
  g413   porte_nor_45       1          2         0            2 
  g412   porte_nor_51       1          2         0            2 
  g410   porte_nand_29      1          2         0            2 
  g409   porte_nor_50       1          2         0            2 
  g406   porte_nand_24      1          2         0            2 
  g404   porte_nor_49       1          2         0            2 
  g402   porte_nor_48       1          2         0            2 
  g400   porte_nor_42       1          2         0            2 
  g399   porte_nand_28      1          2         0            2 
  g398   porte_nor_54       1          2         0            2 
  g397   porte_nor_47       1          2         0            2 
  g396   porte_nand_27      1          2         0            2 
  g395   porte_nor_41       1          2         0            2 
  g394   porte_nand_26      1          2         0            2 
  g393   porte_nor_29       1          2         0            2 
  g392   porte_nor_34       1          2         0            2 
  g391   porte_nor_40       1          2         0            2 
  g390   porte_nor_28       1          2         0            2 
  g389   porte_nor_39       1          2         0            2 
  g388   porte_nor_27       1          2         0            2 
  g387   porte_nor_33       1          2         0            2 
  g386   porte_nand_23      1          2         0            2 
  g385   porte_nor_38       1          2         0            2 
  g384   porte_nor_26       1          2         0            2 
  g383   porte_nand_22      1          2         0            2 
  g382   porte_nor_37       1          2         0            2 
  g380   porte_nor_36       1          2         0            2 
  g378   porte_nor_32       1          2         0            2 
  g376   porte_nor_25       1          2         0            2 
  g375   porte_nor_35       1          2         0            2 
  g374   porte_nor_31       1          2         0            2 
  g372   porte_nor_44       1          2         0            2 
  g371   porte_nor_43       1          2         0            2 
  g370   porte_nor_30       1          2         0            2 
  g369   porte_nor_20       1          2         0            2 
  g367   porte_nand_15      1          2         0            2 
  g366   porte_nand_20      1          2         0            2 
  g365   porte_nand_19      1          2         0            2 
  g363   porte_nor_24       1          2         0            2 
  g362   porte_nor_23       1          2         0            2 
  g361   porte_nor_19       1          2         0            2 
  g358   porte_nor_22       1          2         0            2 
  g357   porte_nor_18       1          2         0            2 
  g356   porte_nand_21      1          2         0            2 
  g355   porte_nor_21       1          2         0            2 
  g354   porte_nor_17       1          2         0            2 
  g353   porte_nand_14      1          2         0            2 
  g351   porte_nor_16       1          2         0            2 
  g349   porte_nand_18      1          2         0            2 
  g348   porte_nand_17      1          2         0            2 
  g347   porte_nor_15       1          2         0            2 
  g346   porte_nand_13      1          2         0            2 
  g345   porte_nand_16      1          2         0            2 
  g344   porte_nor_13       1          2         0            2 
  g341   porte_nor_14       1          2         0            2 
  g339   porte_nor_12       1          2         0            2 
  g338   porte_nand_12      1          2         0            2 
  g336   porte_nor_8        1          2         0            2 
  g335   porte_nand_11      1          2         0            2 
  g334   porte_nand_10      1          2         0            2 
  g333   porte_nor_11       1          2         0            2 
  g332   porte_nor_10       1          2         0            2 
  g330   porte_nand_8       1          2         0            2 
  g329   porte_nand_7       1          2         0            2 
  g328   porte_nor_9        1          2         0            2 
  g327   porte_nand_9       1          2         0            2 
  g326   porte_nor_7        1          2         0            2 
  g325   porte_nor_4        1          2         0            2 
  g324   porte_nor_5        1          2         0            2 
  g323   porte_nor_6        1          2         0            2 
  g322   porte_nand_6       1          2         0            2 
  g321   porte_nor_2        1          2         0            2 
  g320   porte_nand_3       1          2         0            2 
  g319   porte_nand_5       1          2         0            2 
  g318   porte_nor_3        1          2         0            2 
  g317   porte_nand_2       1          2         0            2 
  g316   porte_nand_4       1          2         0            2 
  g315   porte_nor_1        1          2         0            2 
  g314   porte_nor          1          2         0            2 
  g313   porte_nand_1       1          2         0            2 
  g312   porte_nand         1          2         0            2 
