============================================================
  Generated by:           Genus(TM) Synthesis Solution 17.10-p007_1
  Generated on:           Apr 26 2019  06:19:07 pm
  Module:                 sbox_sr
  Technology libraries:   CORE65LPSVT 
                          CLOCK65LPSVT 
                          physical_cells 
  Operating conditions:   _nominal_ 
  Interconnect mode:      global
  Area mode:              physical library
============================================================

                                       Leakage   Internal  
      Gate        Instances   Area   Power (uW) Power (uW)     Library    
--------------------------------------------------------------------------
HS65_LSS_XNOR2X6          1    4.160      0.007      0.219    CORE65LPSVT 
HS65_LS_AND2X4           20   52.000      0.040      1.692    CORE65LPSVT 
HS65_LS_DFPQX9           16  124.800      0.152     28.771    CORE65LPSVT 
HS65_LS_IVX9             14   21.840      0.036      1.000    CORE65LPSVT 
HS65_LS_NAND2X7          52  108.160      0.173      7.647    CORE65LPSVT 
HS65_LS_NOR2X6           67  139.360      0.193      9.034    CORE65LPSVT 
HS65_LS_OR2X9            16   49.920      0.062      3.701    CORE65LPSVT 
HS65_LS_XOR2X4            5   23.400      0.030      1.176    CORE65LPSVT 
--------------------------------------------------------------------------
total                   191  523.640      0.692     53.240                


                                          Leakage  Leakage  Internal  Internal 
     Type      Instances   Area  Area % Power (uW) Power % Power (uW)  Power % 
-------------------------------------------------------------------------------
sequential            16 124.800   23.8      0.152    21.9     28.771     54.0 
inverter              14  21.840    4.2      0.036     5.2      1.000      1.9 
logic                161 377.000   72.0      0.505    72.9     23.469     44.1 
physical_cells         0   0.000    0.0      0.000     0.0      0.000      0.0 
-------------------------------------------------------------------------------
total                191 523.640  100.0      0.692   100.0     53.240    100.0 

