============================================================
  Generated by:           Genus(TM) Synthesis Solution 17.10-p007_1
  Generated on:           Apr 26 2019  06:19:07 pm
  Module:                 sbox_sr
  Technology libraries:   CORE65LPSVT 
                          CLOCK65LPSVT 
                          physical_cells 
  Operating conditions:   _nominal_ 
  Interconnect mode:      global
  Area mode:              physical library
============================================================

                Leakage   Dynamic    Total   
Instance Cells Power(uW) Power(uW) Power(uW) 
---------------------------------------------
sbox_sr    191     0.692   107.523   108.215 
  ff1        6     0.057     8.748     8.805 
  ff2        6     0.057     8.818     8.875 
  ff3        4     0.038    13.164    13.202 
  g479       1     0.007     1.205     1.212 
  g478       1     0.006     1.411     1.417 
  g481       1     0.006     0.911     0.917 
  g482       1     0.006     1.156     1.162 
  g484       1     0.006     2.145     2.151 
  g486       1     0.006     1.133     1.139 
  g346       1     0.006     0.159     0.165 
  g365       1     0.006     0.219     0.225 
  g366       1     0.006     0.391     0.397 
  g327       1     0.005     0.367     0.373 
  g348       1     0.005     0.249     0.254 
  g335       1     0.005     0.495     0.500 
  g399       1     0.005     0.395     0.400 
  g338       1     0.005     0.428     0.433 
  g379       1     0.005     0.460     0.465 
  g349       1     0.005     0.388     0.393 
  g330       1     0.005     0.385     0.390 
  g401       1     0.005     0.734     0.739 
  g352       1     0.005     0.667     0.672 
  g329       1     0.005     0.445     0.450 
  g367       1     0.005     0.387     0.392 
  g316       1     0.005     0.753     0.757 
  g322       1     0.005     0.776     0.780 
  g353       1     0.005     0.473     0.478 
  g312       1     0.004     0.758     0.763 
  g334       1     0.004     0.580     0.584 
  g317       1     0.004     0.638     0.642 
  g467       1     0.004     0.878     0.882 
  g449       1     0.004     0.733     0.737 
  g319       1     0.004     0.852     0.856 
  g356       1     0.004     0.624     0.628 
  g394       1     0.004     0.531     0.535 
  g369       1     0.004     0.096     0.100 
  g357       1     0.004     0.128     0.132 
  g364       1     0.004     0.500     0.504 
  g389       1     0.004     0.057     0.061 
  g384       1     0.004     0.263     0.267 
  g363       1     0.004     0.166     0.170 
  g400       1     0.004     0.581     0.585 
  g442       1     0.004     0.431     0.435 
  g385       1     0.004     0.240     0.244 
  g354       1     0.004     0.333     0.337 
  g333       1     0.004     0.363     0.366 
  g337       1     0.004     0.503     0.507 
  g461       1     0.004     0.858     0.862 
  g362       1     0.004     0.277     0.281 
  g409       1     0.004     0.319     0.323 
  g388       1     0.004     0.379     0.383 
  g313       1     0.004     0.733     0.737 
  g466       1     0.004     0.412     0.416 
  g398       1     0.004     0.380     0.384 
  g336       1     0.004     0.419     0.423 
  g342       1     0.004     0.592     0.595 
  g326       1     0.004     0.734     0.738 
  g361       1     0.004     0.350     0.354 
  g341       1     0.004     0.509     0.513 
  g416       1     0.004     0.224     0.228 
  g359       1     0.004     0.501     0.505 
  g324       1     0.004     0.509     0.512 
  g314       1     0.004     0.747     0.751 
  g355       1     0.004     0.418     0.422 
  g351       1     0.004     0.471     0.475 
  g396       1     0.004     0.385     0.388 
  g339       1     0.004     0.651     0.655 
  g318       1     0.004     0.769     0.773 
  g320       1     0.004     0.705     0.708 
  g368       1     0.004     0.135     0.139 
  g473       1     0.004     0.332     0.335 
  g452       1     0.004     0.477     0.480 
  g395       1     0.004     0.504     0.507 
  g427       1     0.004     0.777     0.781 
  g315       1     0.003     0.800     0.803 
  g328       1     0.003     0.656     0.660 
  g360       1     0.003     0.363     0.367 
  g378       1     0.003     0.412     0.416 
  g375       1     0.003     0.584     0.587 
  g376       1     0.003     0.396     0.400 
  g321       1     0.003     0.737     0.740 
  g371       1     0.003     0.693     0.696 
  g382       1     0.003     0.396     0.400 
  g453       1     0.003     0.186     0.190 
  g476       1     0.003     0.441     0.444 
  g344       1     0.003     0.462     0.465 
  g325       1     0.003     0.906     0.909 
  g460       1     0.003     0.319     0.322 
  g432       1     0.003     0.343     0.346 
  g459       1     0.003     0.665     0.668 
  g456       1     0.003     0.381     0.384 
  g377       1     0.003     0.181     0.184 
  g443       1     0.003     0.340     0.343 
  g370       1     0.003     0.342     0.345 
  g412       1     0.003     0.498     0.501 
  g420       1     0.003     0.369     0.372 
  g419       1     0.003     0.336     0.339 
  g472       1     0.003     0.464     0.467 
  g358       1     0.003     0.503     0.505 
  g397       1     0.003     0.341     0.344 
  g458       1     0.003     0.397     0.400 
  g434       1     0.002     0.147     0.149 
  g393       1     0.002     0.287     0.290 
  g404       1     0.002     0.299     0.302 
  g323       1     0.002     0.368     0.371 
  g413       1     0.002     0.128     0.131 
  g451       1     0.002     0.352     0.354 
  g463       1     0.002     0.301     0.303 
  g425       1     0.002     0.287     0.290 
  g469       1     0.002     0.503     0.506 
  g374       1     0.002     0.132     0.134 
  g411       1     0.002     0.255     0.257 
  g343       1     0.002     0.456     0.458 
  g464       1     0.002     0.778     0.780 
  g392       1     0.002     0.068     0.070 
  g332       1     0.002     0.362     0.364 
  g345       1     0.002     0.394     0.396 
  g455       1     0.002     0.444     0.446 
  g426       1     0.002     0.374     0.376 
  g424       1     0.002     0.056     0.058 
  g331       1     0.002     0.409     0.411 
  g433       1     0.002     0.483     0.485 
  g415       1     0.002     0.311     0.313 
  g440       1     0.002     0.667     0.669 
  g340       1     0.002     0.230     0.232 
  g410       1     0.002     0.226     0.228 
  g447       1     0.002     0.180     0.182 
  g350       1     0.002     0.152     0.154 
  g429       1     0.002     0.113     0.115 
  g445       1     0.002     0.118     0.120 
  g405       1     0.002     0.151     0.153 
  g373       1     0.002     0.116     0.118 
  g381       1     0.002     0.119     0.121 
  g430       1     0.002     0.114     0.116 
  g468       1     0.002     0.188     0.190 
  g437       1     0.002     0.250     0.252 
  g414       1     0.002     0.081     0.083 
  g428       1     0.002     0.243     0.245 
  g408       1     0.002     0.043     0.045 
  g454       1     0.002     0.331     0.332 
  g446       1     0.002     0.172     0.174 
  g347       1     0.002     0.172     0.174 
  g421       1     0.002     0.042     0.044 
  g475       1     0.002     0.311     0.313 
  g407       1     0.002     0.004     0.006 
  g462       1     0.002     0.116     0.117 
  g444       1     0.002     0.138     0.140 
  g387       1     0.001     0.198     0.199 
  g383       1     0.001     0.196     0.197 
  g402       1     0.001     0.105     0.107 
  g417       1     0.001     0.155     0.157 
  g439       1     0.001     0.108     0.109 
  g470       1     0.001     0.502     0.503 
  g386       1     0.001     0.146     0.148 
  g391       1     0.001     0.041     0.042 
  g390       1     0.001     0.211     0.213 
  g423       1     0.001     0.057     0.058 
  g372       1     0.001     0.048     0.049 
  g380       1     0.001     0.048     0.049 
  g450       1     0.001     0.042     0.043 
  g431       1     0.001     0.086     0.087 
  g418       1     0.001     0.115     0.116 
  g435       1     0.001     0.082     0.083 
  g406       1     0.001     0.044     0.045 

