Determining if the pthread_create exist failed with the following output:
Change Dir: /home/icaro/pesquisa_ucpel/vtm_5.0/build/CMakeFiles/CMakeTmp

Run Build Command:"/usr/bin/make" "cmTC_18769/fast"
/usr/bin/make -f CMakeFiles/cmTC_18769.dir/build.make CMakeFiles/cmTC_18769.dir/build
make[1]: Entering directory '/home/icaro/pesquisa_ucpel/vtm_5.0/build/CMakeFiles/CMakeTmp'
Building C object CMakeFiles/cmTC_18769.dir/CheckSymbolExists.c.o
/usr/bin/cc   -fPIE   -o CMakeFiles/cmTC_18769.dir/CheckSymbolExists.c.o   -c /home/icaro/pesquisa_ucpel/vtm_5.0/build/CMakeFiles/CMakeTmp/CheckSymbolExists.c
Linking C executable cmTC_18769
/usr/bin/cmake -E cmake_link_script CMakeFiles/cmTC_18769.dir/link.txt --verbose=1
/usr/bin/cc      CMakeFiles/cmTC_18769.dir/CheckSymbolExists.c.o  -o cmTC_18769 
CMakeFiles/cmTC_18769.dir/CheckSymbolExists.c.o: In function `main':
CheckSymbolExists.c:(.text+0x1b): undefined reference to `pthread_create'
collect2: error: ld returned 1 exit status
CMakeFiles/cmTC_18769.dir/build.make:97: recipe for target 'cmTC_18769' failed
make[1]: *** [cmTC_18769] Error 1
make[1]: Leaving directory '/home/icaro/pesquisa_ucpel/vtm_5.0/build/CMakeFiles/CMakeTmp'
Makefile:126: recipe for target 'cmTC_18769/fast' failed
make: *** [cmTC_18769/fast] Error 2

File /home/icaro/pesquisa_ucpel/vtm_5.0/build/CMakeFiles/CMakeTmp/CheckSymbolExists.c:
/* */
#include <pthread.h>

int main(int argc, char** argv)
{
  (void)argv;
#ifndef pthread_create
  return ((int*)(&pthread_create))[argc];
#else
  (void)argc;
  return 0;
#endif
}

