Determining if the pthread_create exist failed with the following output:
Change Dir: /home/icaro/pesquisa_ucpel/aom_1.0/build/CMakeFiles/CMakeTmp

Run Build Command:"/usr/bin/make" "cmTC_8ea0c/fast"
/usr/bin/make -f CMakeFiles/cmTC_8ea0c.dir/build.make CMakeFiles/cmTC_8ea0c.dir/build
make[1]: Entering directory '/home/icaro/pesquisa_ucpel/aom_1.0/build/CMakeFiles/CMakeTmp'
Building C object CMakeFiles/cmTC_8ea0c.dir/CheckSymbolExists.c.o
/usr/bin/cc    -o CMakeFiles/cmTC_8ea0c.dir/CheckSymbolExists.c.o   -c /home/icaro/pesquisa_ucpel/aom_1.0/build/CMakeFiles/CMakeTmp/CheckSymbolExists.c
Linking C executable cmTC_8ea0c
/usr/bin/cmake -E cmake_link_script CMakeFiles/cmTC_8ea0c.dir/link.txt --verbose=1
/usr/bin/cc      CMakeFiles/cmTC_8ea0c.dir/CheckSymbolExists.c.o  -o cmTC_8ea0c 
/usr/bin/ld: CMakeFiles/cmTC_8ea0c.dir/CheckSymbolExists.c.o: na função "main":
CheckSymbolExists.c:(.text+0x1b): referência não definida para "pthread_create"
collect2: error: ld returned 1 exit status
make[1]: *** [CMakeFiles/cmTC_8ea0c.dir/build.make:87: cmTC_8ea0c] Error 1
make[1]: Leaving directory '/home/icaro/pesquisa_ucpel/aom_1.0/build/CMakeFiles/CMakeTmp'
make: *** [Makefile:121: cmTC_8ea0c/fast] Error 2

File /home/icaro/pesquisa_ucpel/aom_1.0/build/CMakeFiles/CMakeTmp/CheckSymbolExists.c:
/* */
#include <pthread.h>

int main(int argc, char** argv)
{
  (void)argv;
#ifndef pthread_create
  return ((int*)(&pthread_create))[argc];
#else
  (void)argc;
  return 0;
#endif
}

Determining if the function pthread_create exists in the pthreads failed with the following output:
Change Dir: /home/icaro/pesquisa_ucpel/aom_1.0/build/CMakeFiles/CMakeTmp

Run Build Command:"/usr/bin/make" "cmTC_90371/fast"
/usr/bin/make -f CMakeFiles/cmTC_90371.dir/build.make CMakeFiles/cmTC_90371.dir/build
make[1]: Entering directory '/home/icaro/pesquisa_ucpel/aom_1.0/build/CMakeFiles/CMakeTmp'
Building C object CMakeFiles/cmTC_90371.dir/CheckFunctionExists.c.o
/usr/bin/cc   -DCHECK_FUNCTION_EXISTS=pthread_create   -o CMakeFiles/cmTC_90371.dir/CheckFunctionExists.c.o   -c /usr/share/cmake-3.13/Modules/CheckFunctionExists.c
Linking C executable cmTC_90371
/usr/bin/cmake -E cmake_link_script CMakeFiles/cmTC_90371.dir/link.txt --verbose=1
/usr/bin/cc  -DCHECK_FUNCTION_EXISTS=pthread_create    CMakeFiles/cmTC_90371.dir/CheckFunctionExists.c.o  -o cmTC_90371 -lpthreads 
/usr/bin/ld: não foi possível localizar -lpthreads
collect2: error: ld returned 1 exit status
make[1]: *** [CMakeFiles/cmTC_90371.dir/build.make:87: cmTC_90371] Error 1
make[1]: Leaving directory '/home/icaro/pesquisa_ucpel/aom_1.0/build/CMakeFiles/CMakeTmp'
make: *** [Makefile:121: cmTC_90371/fast] Error 2


Performing C++ SOURCE FILE Test CXX_FLAG_SUPPORTED failed with the following output:
Change Dir: /home/icaro/pesquisa_ucpel/aom_1.0/build/CMakeFiles/CMakeTmp

Run Build Command:"/usr/bin/make" "cmTC_5a57b/fast"
/usr/bin/make -f CMakeFiles/cmTC_5a57b.dir/build.make CMakeFiles/cmTC_5a57b.dir/build
make[1]: Entering directory '/home/icaro/pesquisa_ucpel/aom_1.0/build/CMakeFiles/CMakeTmp'
Building CXX object CMakeFiles/cmTC_5a57b.dir/src.cxx.o
/usr/bin/c++    -DCXX_FLAG_SUPPORTED   -Wimplicit-function-declaration -o CMakeFiles/cmTC_5a57b.dir/src.cxx.o -c /home/icaro/pesquisa_ucpel/aom_1.0/build/CMakeFiles/CMakeTmp/src.cxx
cc1plus: warning: command line option '-Wimplicit-function-declaration' is valid for C/ObjC but not for C++
Linking CXX executable cmTC_5a57b
/usr/bin/cmake -E cmake_link_script CMakeFiles/cmTC_5a57b.dir/link.txt --verbose=1
/usr/bin/c++   -DCXX_FLAG_SUPPORTED    CMakeFiles/cmTC_5a57b.dir/src.cxx.o  -o cmTC_5a57b -lm 
make[1]: Leaving directory '/home/icaro/pesquisa_ucpel/aom_1.0/build/CMakeFiles/CMakeTmp'

Source file was:
int main() { return 0; }
Performing C SOURCE FILE Test C_FLAG_SUPPORTED failed with the following output:
Change Dir: /home/icaro/pesquisa_ucpel/aom_1.0/build/CMakeFiles/CMakeTmp

Run Build Command:"/usr/bin/make" "cmTC_74231/fast"
/usr/bin/make -f CMakeFiles/cmTC_74231.dir/build.make CMakeFiles/cmTC_74231.dir/build
make[1]: Entering directory '/home/icaro/pesquisa_ucpel/aom_1.0/build/CMakeFiles/CMakeTmp'
Building C object CMakeFiles/cmTC_74231.dir/src.c.o
/usr/bin/cc   -DC_FLAG_SUPPORTED   -Wstring-conversion -o CMakeFiles/cmTC_74231.dir/src.c.o   -c /home/icaro/pesquisa_ucpel/aom_1.0/build/CMakeFiles/CMakeTmp/src.c
cc: error: unrecognized command line option '-Wstring-conversion'; did you mean '-Wint-conversion'?
make[1]: *** [CMakeFiles/cmTC_74231.dir/build.make:66: CMakeFiles/cmTC_74231.dir/src.c.o] Error 1
make[1]: Leaving directory '/home/icaro/pesquisa_ucpel/aom_1.0/build/CMakeFiles/CMakeTmp'
make: *** [Makefile:121: cmTC_74231/fast] Error 2

Source file was:
int main(void) { return 0; }
Performing C++ SOURCE FILE Test CXX_FLAG_SUPPORTED failed with the following output:
Change Dir: /home/icaro/pesquisa_ucpel/aom_1.0/build/CMakeFiles/CMakeTmp

Run Build Command:"/usr/bin/make" "cmTC_f7eff/fast"
/usr/bin/make -f CMakeFiles/cmTC_f7eff.dir/build.make CMakeFiles/cmTC_f7eff.dir/build
make[1]: Entering directory '/home/icaro/pesquisa_ucpel/aom_1.0/build/CMakeFiles/CMakeTmp'
Building CXX object CMakeFiles/cmTC_f7eff.dir/src.cxx.o
/usr/bin/c++    -DCXX_FLAG_SUPPORTED   -Wstring-conversion -o CMakeFiles/cmTC_f7eff.dir/src.cxx.o -c /home/icaro/pesquisa_ucpel/aom_1.0/build/CMakeFiles/CMakeTmp/src.cxx
c++: error: unrecognized command line option '-Wstring-conversion'; did you mean '-Wint-conversion'?
make[1]: *** [CMakeFiles/cmTC_f7eff.dir/build.make:66: CMakeFiles/cmTC_f7eff.dir/src.cxx.o] Error 1
make[1]: Leaving directory '/home/icaro/pesquisa_ucpel/aom_1.0/build/CMakeFiles/CMakeTmp'
make: *** [Makefile:121: cmTC_f7eff/fast] Error 2

Source file was:
int main() { return 0; }
Performing C SOURCE FILE Test C_FLAG_SUPPORTED failed with the following output:
Change Dir: /home/icaro/pesquisa_ucpel/aom_1.0/build/CMakeFiles/CMakeTmp

Run Build Command:"/usr/bin/make" "cmTC_e62ea/fast"
/usr/bin/make -f CMakeFiles/cmTC_e62ea.dir/build.make CMakeFiles/cmTC_e62ea.dir/build
make[1]: Entering directory '/home/icaro/pesquisa_ucpel/aom_1.0/build/CMakeFiles/CMakeTmp'
Building C object CMakeFiles/cmTC_e62ea.dir/src.c.o
/usr/bin/cc   -DC_FLAG_SUPPORTED   -Wshorten-64-to-32 -o CMakeFiles/cmTC_e62ea.dir/src.c.o   -c /home/icaro/pesquisa_ucpel/aom_1.0/build/CMakeFiles/CMakeTmp/src.c
cc: error: unrecognized command line option '-Wshorten-64-to-32'
make[1]: *** [CMakeFiles/cmTC_e62ea.dir/build.make:66: CMakeFiles/cmTC_e62ea.dir/src.c.o] Error 1
make[1]: Leaving directory '/home/icaro/pesquisa_ucpel/aom_1.0/build/CMakeFiles/CMakeTmp'
make: *** [Makefile:121: cmTC_e62ea/fast] Error 2

Source file was:
int main(void) { return 0; }
