The system is: Linux - 4.15.0-48-generic - x86_64
Compiling the C compiler identification source file "CMakeCCompilerId.c" succeeded.
Compiler: /usr/bin/cc 
Build flags: 
Id flags:  

The output was:
0


Compilation of the C compiler identification source "CMakeCCompilerId.c" produced "a.out"

The C compiler identification is GNU, found in "/home/icaro/pesquisa_ucpel/aom/build/CMakeFiles/3.10.2/CompilerIdC/a.out"

Compiling the CXX compiler identification source file "CMakeCXXCompilerId.cpp" succeeded.
Compiler: /usr/bin/c++ 
Build flags: 
Id flags:  

The output was:
0


Compilation of the CXX compiler identification source "CMakeCXXCompilerId.cpp" produced "a.out"

The CXX compiler identification is GNU, found in "/home/icaro/pesquisa_ucpel/aom/build/CMakeFiles/3.10.2/CompilerIdCXX/a.out"

Determining if the C compiler works passed with the following output:
Change Dir: /home/icaro/pesquisa_ucpel/aom/build/CMakeFiles/CMakeTmp

Run Build Command:"/usr/bin/make" "cmTC_425f9/fast"
/usr/bin/make -f CMakeFiles/cmTC_425f9.dir/build.make CMakeFiles/cmTC_425f9.dir/build
make[1]: Entering directory '/home/icaro/pesquisa_ucpel/aom/build/CMakeFiles/CMakeTmp'
Building C object CMakeFiles/cmTC_425f9.dir/testCCompiler.c.o
/usr/bin/cc    -o CMakeFiles/cmTC_425f9.dir/testCCompiler.c.o   -c /home/icaro/pesquisa_ucpel/aom/build/CMakeFiles/CMakeTmp/testCCompiler.c
Linking C executable cmTC_425f9
/usr/bin/cmake -E cmake_link_script CMakeFiles/cmTC_425f9.dir/link.txt --verbose=1
/usr/bin/cc      CMakeFiles/cmTC_425f9.dir/testCCompiler.c.o  -o cmTC_425f9 
make[1]: Leaving directory '/home/icaro/pesquisa_ucpel/aom/build/CMakeFiles/CMakeTmp'


Detecting C compiler ABI info compiled with the following output:
Change Dir: /home/icaro/pesquisa_ucpel/aom/build/CMakeFiles/CMakeTmp

Run Build Command:"/usr/bin/make" "cmTC_2a2df/fast"
/usr/bin/make -f CMakeFiles/cmTC_2a2df.dir/build.make CMakeFiles/cmTC_2a2df.dir/build
make[1]: Entering directory '/home/icaro/pesquisa_ucpel/aom/build/CMakeFiles/CMakeTmp'
Building C object CMakeFiles/cmTC_2a2df.dir/CMakeCCompilerABI.c.o
/usr/bin/cc    -o CMakeFiles/cmTC_2a2df.dir/CMakeCCompilerABI.c.o   -c /usr/share/cmake-3.10/Modules/CMakeCCompilerABI.c
Linking C executable cmTC_2a2df
/usr/bin/cmake -E cmake_link_script CMakeFiles/cmTC_2a2df.dir/link.txt --verbose=1
/usr/bin/cc     -v CMakeFiles/cmTC_2a2df.dir/CMakeCCompilerABI.c.o  -o cmTC_2a2df 
Using built-in specs.
COLLECT_GCC=/usr/bin/cc
COLLECT_LTO_WRAPPER=/usr/lib/gcc/x86_64-linux-gnu/7/lto-wrapper
OFFLOAD_TARGET_NAMES=nvptx-none
OFFLOAD_TARGET_DEFAULT=1
Target: x86_64-linux-gnu
Configured with: ../src/configure -v --with-pkgversion='Ubuntu 7.4.0-1ubuntu1~18.04' --with-bugurl=file:///usr/share/doc/gcc-7/README.Bugs --enable-languages=c,ada,c++,go,brig,d,fortran,objc,obj-c++ --prefix=/usr --with-gcc-major-version-only --program-suffix=-7 --program-prefix=x86_64-linux-gnu- --enable-shared --enable-linker-build-id --libexecdir=/usr/lib --without-included-gettext --enable-threads=posix --libdir=/usr/lib --enable-nls --with-sysroot=/ --enable-clocale=gnu --enable-libstdcxx-debug --enable-libstdcxx-time=yes --with-default-libstdcxx-abi=new --enable-gnu-unique-object --disable-vtable-verify --enable-libmpx --enable-plugin --enable-default-pie --with-system-zlib --with-target-system-zlib --enable-objc-gc=auto --enable-multiarch --disable-werror --with-arch-32=i686 --with-abi=m64 --with-multilib-list=m32,m64,mx32 --enable-multilib --with-tune=generic --enable-offload-targets=nvptx-none --without-cuda-driver --enable-checking=release --build=x86_64-linux-gnu --host=x86_64-linux-gnu --target=x86_64-linux-gnu
Thread model: posix
gcc version 7.4.0 (Ubuntu 7.4.0-1ubuntu1~18.04) 
COMPILER_PATH=/usr/lib/gcc/x86_64-linux-gnu/7/:/usr/lib/gcc/x86_64-linux-gnu/7/:/usr/lib/gcc/x86_64-linux-gnu/:/usr/lib/gcc/x86_64-linux-gnu/7/:/usr/lib/gcc/x86_64-linux-gnu/
LIBRARY_PATH=/usr/lib/gcc/x86_64-linux-gnu/7/:/usr/lib/gcc/x86_64-linux-gnu/7/../../../x86_64-linux-gnu/:/usr/lib/gcc/x86_64-linux-gnu/7/../../../../lib/:/lib/x86_64-linux-gnu/:/lib/../lib/:/usr/lib/x86_64-linux-gnu/:/usr/lib/../lib/:/usr/lib/gcc/x86_64-linux-gnu/7/../../../:/lib/:/usr/lib/
COLLECT_GCC_OPTIONS='-v' '-o' 'cmTC_2a2df' '-mtune=generic' '-march=x86-64'
 /usr/lib/gcc/x86_64-linux-gnu/7/collect2 -plugin /usr/lib/gcc/x86_64-linux-gnu/7/liblto_plugin.so -plugin-opt=/usr/lib/gcc/x86_64-linux-gnu/7/lto-wrapper -plugin-opt=-fresolution=/tmp/ccnb5EoQ.res -plugin-opt=-pass-through=-lgcc -plugin-opt=-pass-through=-lgcc_s -plugin-opt=-pass-through=-lc -plugin-opt=-pass-through=-lgcc -plugin-opt=-pass-through=-lgcc_s --sysroot=/ --build-id --eh-frame-hdr -m elf_x86_64 --hash-style=gnu --as-needed -dynamic-linker /lib64/ld-linux-x86-64.so.2 -pie -z now -z relro -o cmTC_2a2df /usr/lib/gcc/x86_64-linux-gnu/7/../../../x86_64-linux-gnu/Scrt1.o /usr/lib/gcc/x86_64-linux-gnu/7/../../../x86_64-linux-gnu/crti.o /usr/lib/gcc/x86_64-linux-gnu/7/crtbeginS.o -L/usr/lib/gcc/x86_64-linux-gnu/7 -L/usr/lib/gcc/x86_64-linux-gnu/7/../../../x86_64-linux-gnu -L/usr/lib/gcc/x86_64-linux-gnu/7/../../../../lib -L/lib/x86_64-linux-gnu -L/lib/../lib -L/usr/lib/x86_64-linux-gnu -L/usr/lib/../lib -L/usr/lib/gcc/x86_64-linux-gnu/7/../../.. CMakeFiles/cmTC_2a2df.dir/CMakeCCompilerABI.c.o -lgcc --push-state --as-needed -lgcc_s --pop-state -lc -lgcc --push-state --as-needed -lgcc_s --pop-state /usr/lib/gcc/x86_64-linux-gnu/7/crtendS.o /usr/lib/gcc/x86_64-linux-gnu/7/../../../x86_64-linux-gnu/crtn.o
COLLECT_GCC_OPTIONS='-v' '-o' 'cmTC_2a2df' '-mtune=generic' '-march=x86-64'
make[1]: Leaving directory '/home/icaro/pesquisa_ucpel/aom/build/CMakeFiles/CMakeTmp'


Parsed C implicit link information from above output:
  link line regex: [^( *|.*[/\])(ld|CMAKE_LINK_STARTFILE-NOTFOUND|([^/\]+-)?ld|collect2)[^/\]*( |$)]
  ignore line: [Change Dir: /home/icaro/pesquisa_ucpel/aom/build/CMakeFiles/CMakeTmp]
  ignore line: []
  ignore line: [Run Build Command:"/usr/bin/make" "cmTC_2a2df/fast"]
  ignore line: [/usr/bin/make -f CMakeFiles/cmTC_2a2df.dir/build.make CMakeFiles/cmTC_2a2df.dir/build]
  ignore line: [make[1]: Entering directory '/home/icaro/pesquisa_ucpel/aom/build/CMakeFiles/CMakeTmp']
  ignore line: [Building C object CMakeFiles/cmTC_2a2df.dir/CMakeCCompilerABI.c.o]
  ignore line: [/usr/bin/cc    -o CMakeFiles/cmTC_2a2df.dir/CMakeCCompilerABI.c.o   -c /usr/share/cmake-3.10/Modules/CMakeCCompilerABI.c]
  ignore line: [Linking C executable cmTC_2a2df]
  ignore line: [/usr/bin/cmake -E cmake_link_script CMakeFiles/cmTC_2a2df.dir/link.txt --verbose=1]
  ignore line: [/usr/bin/cc     -v CMakeFiles/cmTC_2a2df.dir/CMakeCCompilerABI.c.o  -o cmTC_2a2df ]
  ignore line: [Using built-in specs.]
  ignore line: [COLLECT_GCC=/usr/bin/cc]
  ignore line: [COLLECT_LTO_WRAPPER=/usr/lib/gcc/x86_64-linux-gnu/7/lto-wrapper]
  ignore line: [OFFLOAD_TARGET_NAMES=nvptx-none]
  ignore line: [OFFLOAD_TARGET_DEFAULT=1]
  ignore line: [Target: x86_64-linux-gnu]
  ignore line: [Configured with: ../src/configure -v --with-pkgversion='Ubuntu 7.4.0-1ubuntu1~18.04' --with-bugurl=file:///usr/share/doc/gcc-7/README.Bugs --enable-languages=c,ada,c++,go,brig,d,fortran,objc,obj-c++ --prefix=/usr --with-gcc-major-version-only --program-suffix=-7 --program-prefix=x86_64-linux-gnu- --enable-shared --enable-linker-build-id --libexecdir=/usr/lib --without-included-gettext --enable-threads=posix --libdir=/usr/lib --enable-nls --with-sysroot=/ --enable-clocale=gnu --enable-libstdcxx-debug --enable-libstdcxx-time=yes --with-default-libstdcxx-abi=new --enable-gnu-unique-object --disable-vtable-verify --enable-libmpx --enable-plugin --enable-default-pie --with-system-zlib --with-target-system-zlib --enable-objc-gc=auto --enable-multiarch --disable-werror --with-arch-32=i686 --with-abi=m64 --with-multilib-list=m32,m64,mx32 --enable-multilib --with-tune=generic --enable-offload-targets=nvptx-none --without-cuda-driver --enable-checking=release --build=x86_64-linux-gnu --host=x86_64-linux-gnu --target=x86_64-linux-gnu]
  ignore line: [Thread model: posix]
  ignore line: [gcc version 7.4.0 (Ubuntu 7.4.0-1ubuntu1~18.04) ]
  ignore line: [COMPILER_PATH=/usr/lib/gcc/x86_64-linux-gnu/7/:/usr/lib/gcc/x86_64-linux-gnu/7/:/usr/lib/gcc/x86_64-linux-gnu/:/usr/lib/gcc/x86_64-linux-gnu/7/:/usr/lib/gcc/x86_64-linux-gnu/]
  ignore line: [LIBRARY_PATH=/usr/lib/gcc/x86_64-linux-gnu/7/:/usr/lib/gcc/x86_64-linux-gnu/7/../../../x86_64-linux-gnu/:/usr/lib/gcc/x86_64-linux-gnu/7/../../../../lib/:/lib/x86_64-linux-gnu/:/lib/../lib/:/usr/lib/x86_64-linux-gnu/:/usr/lib/../lib/:/usr/lib/gcc/x86_64-linux-gnu/7/../../../:/lib/:/usr/lib/]
  ignore line: [COLLECT_GCC_OPTIONS='-v' '-o' 'cmTC_2a2df' '-mtune=generic' '-march=x86-64']
  link line: [ /usr/lib/gcc/x86_64-linux-gnu/7/collect2 -plugin /usr/lib/gcc/x86_64-linux-gnu/7/liblto_plugin.so -plugin-opt=/usr/lib/gcc/x86_64-linux-gnu/7/lto-wrapper -plugin-opt=-fresolution=/tmp/ccnb5EoQ.res -plugin-opt=-pass-through=-lgcc -plugin-opt=-pass-through=-lgcc_s -plugin-opt=-pass-through=-lc -plugin-opt=-pass-through=-lgcc -plugin-opt=-pass-through=-lgcc_s --sysroot=/ --build-id --eh-frame-hdr -m elf_x86_64 --hash-style=gnu --as-needed -dynamic-linker /lib64/ld-linux-x86-64.so.2 -pie -z now -z relro -o cmTC_2a2df /usr/lib/gcc/x86_64-linux-gnu/7/../../../x86_64-linux-gnu/Scrt1.o /usr/lib/gcc/x86_64-linux-gnu/7/../../../x86_64-linux-gnu/crti.o /usr/lib/gcc/x86_64-linux-gnu/7/crtbeginS.o -L/usr/lib/gcc/x86_64-linux-gnu/7 -L/usr/lib/gcc/x86_64-linux-gnu/7/../../../x86_64-linux-gnu -L/usr/lib/gcc/x86_64-linux-gnu/7/../../../../lib -L/lib/x86_64-linux-gnu -L/lib/../lib -L/usr/lib/x86_64-linux-gnu -L/usr/lib/../lib -L/usr/lib/gcc/x86_64-linux-gnu/7/../../.. CMakeFiles/cmTC_2a2df.dir/CMakeCCompilerABI.c.o -lgcc --push-state --as-needed -lgcc_s --pop-state -lc -lgcc --push-state --as-needed -lgcc_s --pop-state /usr/lib/gcc/x86_64-linux-gnu/7/crtendS.o /usr/lib/gcc/x86_64-linux-gnu/7/../../../x86_64-linux-gnu/crtn.o]
    arg [/usr/lib/gcc/x86_64-linux-gnu/7/collect2] ==> ignore
    arg [-plugin] ==> ignore
    arg [/usr/lib/gcc/x86_64-linux-gnu/7/liblto_plugin.so] ==> ignore
    arg [-plugin-opt=/usr/lib/gcc/x86_64-linux-gnu/7/lto-wrapper] ==> ignore
    arg [-plugin-opt=-fresolution=/tmp/ccnb5EoQ.res] ==> ignore
    arg [-plugin-opt=-pass-through=-lgcc] ==> ignore
    arg [-plugin-opt=-pass-through=-lgcc_s] ==> ignore
    arg [-plugin-opt=-pass-through=-lc] ==> ignore
    arg [-plugin-opt=-pass-through=-lgcc] ==> ignore
    arg [-plugin-opt=-pass-through=-lgcc_s] ==> ignore
    arg [--sysroot=/] ==> ignore
    arg [--build-id] ==> ignore
    arg [--eh-frame-hdr] ==> ignore
    arg [-m] ==> ignore
    arg [elf_x86_64] ==> ignore
    arg [--hash-style=gnu] ==> ignore
    arg [--as-needed] ==> ignore
    arg [-dynamic-linker] ==> ignore
    arg [/lib64/ld-linux-x86-64.so.2] ==> ignore
    arg [-pie] ==> ignore
    arg [-znow] ==> ignore
    arg [-zrelro] ==> ignore
    arg [-o] ==> ignore
    arg [cmTC_2a2df] ==> ignore
    arg [/usr/lib/gcc/x86_64-linux-gnu/7/../../../x86_64-linux-gnu/Scrt1.o] ==> ignore
    arg [/usr/lib/gcc/x86_64-linux-gnu/7/../../../x86_64-linux-gnu/crti.o] ==> ignore
    arg [/usr/lib/gcc/x86_64-linux-gnu/7/crtbeginS.o] ==> ignore
    arg [-L/usr/lib/gcc/x86_64-linux-gnu/7] ==> dir [/usr/lib/gcc/x86_64-linux-gnu/7]
    arg [-L/usr/lib/gcc/x86_64-linux-gnu/7/../../../x86_64-linux-gnu] ==> dir [/usr/lib/gcc/x86_64-linux-gnu/7/../../../x86_64-linux-gnu]
    arg [-L/usr/lib/gcc/x86_64-linux-gnu/7/../../../../lib] ==> dir [/usr/lib/gcc/x86_64-linux-gnu/7/../../../../lib]
    arg [-L/lib/x86_64-linux-gnu] ==> dir [/lib/x86_64-linux-gnu]
    arg [-L/lib/../lib] ==> dir [/lib/../lib]
    arg [-L/usr/lib/x86_64-linux-gnu] ==> dir [/usr/lib/x86_64-linux-gnu]
    arg [-L/usr/lib/../lib] ==> dir [/usr/lib/../lib]
    arg [-L/usr/lib/gcc/x86_64-linux-gnu/7/../../..] ==> dir [/usr/lib/gcc/x86_64-linux-gnu/7/../../..]
    arg [CMakeFiles/cmTC_2a2df.dir/CMakeCCompilerABI.c.o] ==> ignore
    arg [-lgcc] ==> lib [gcc]
    arg [--push-state] ==> ignore
    arg [--as-needed] ==> ignore
    arg [-lgcc_s] ==> lib [gcc_s]
    arg [--pop-state] ==> ignore
    arg [-lc] ==> lib [c]
    arg [-lgcc] ==> lib [gcc]
    arg [--push-state] ==> ignore
    arg [--as-needed] ==> ignore
    arg [-lgcc_s] ==> lib [gcc_s]
    arg [--pop-state] ==> ignore
    arg [/usr/lib/gcc/x86_64-linux-gnu/7/crtendS.o] ==> ignore
    arg [/usr/lib/gcc/x86_64-linux-gnu/7/../../../x86_64-linux-gnu/crtn.o] ==> ignore
  collapse library dir [/usr/lib/gcc/x86_64-linux-gnu/7] ==> [/usr/lib/gcc/x86_64-linux-gnu/7]
  collapse library dir [/usr/lib/gcc/x86_64-linux-gnu/7/../../../x86_64-linux-gnu] ==> [/usr/lib/x86_64-linux-gnu]
  collapse library dir [/usr/lib/gcc/x86_64-linux-gnu/7/../../../../lib] ==> [/usr/lib]
  collapse library dir [/lib/x86_64-linux-gnu] ==> [/lib/x86_64-linux-gnu]
  collapse library dir [/lib/../lib] ==> [/lib]
  collapse library dir [/usr/lib/x86_64-linux-gnu] ==> [/usr/lib/x86_64-linux-gnu]
  collapse library dir [/usr/lib/../lib] ==> [/usr/lib]
  collapse library dir [/usr/lib/gcc/x86_64-linux-gnu/7/../../..] ==> [/usr/lib]
  implicit libs: [gcc;gcc_s;c;gcc;gcc_s]
  implicit dirs: [/usr/lib/gcc/x86_64-linux-gnu/7;/usr/lib/x86_64-linux-gnu;/usr/lib;/lib/x86_64-linux-gnu;/lib]
  implicit fwks: []




Detecting C [-std=c11] compiler features compiled with the following output:
Change Dir: /home/icaro/pesquisa_ucpel/aom/build/CMakeFiles/CMakeTmp

Run Build Command:"/usr/bin/make" "cmTC_31fb0/fast"
/usr/bin/make -f CMakeFiles/cmTC_31fb0.dir/build.make CMakeFiles/cmTC_31fb0.dir/build
make[1]: Entering directory '/home/icaro/pesquisa_ucpel/aom/build/CMakeFiles/CMakeTmp'
Building C object CMakeFiles/cmTC_31fb0.dir/feature_tests.c.o
/usr/bin/cc   -std=c11 -o CMakeFiles/cmTC_31fb0.dir/feature_tests.c.o   -c /home/icaro/pesquisa_ucpel/aom/build/CMakeFiles/feature_tests.c
Linking C executable cmTC_31fb0
/usr/bin/cmake -E cmake_link_script CMakeFiles/cmTC_31fb0.dir/link.txt --verbose=1
/usr/bin/cc      CMakeFiles/cmTC_31fb0.dir/feature_tests.c.o  -o cmTC_31fb0 
make[1]: Leaving directory '/home/icaro/pesquisa_ucpel/aom/build/CMakeFiles/CMakeTmp'


    Feature record: C_FEATURE:1c_function_prototypes
    Feature record: C_FEATURE:1c_restrict
    Feature record: C_FEATURE:1c_static_assert
    Feature record: C_FEATURE:1c_variadic_macros


Detecting C [-std=c99] compiler features compiled with the following output:
Change Dir: /home/icaro/pesquisa_ucpel/aom/build/CMakeFiles/CMakeTmp

Run Build Command:"/usr/bin/make" "cmTC_f15b4/fast"
/usr/bin/make -f CMakeFiles/cmTC_f15b4.dir/build.make CMakeFiles/cmTC_f15b4.dir/build
make[1]: Entering directory '/home/icaro/pesquisa_ucpel/aom/build/CMakeFiles/CMakeTmp'
Building C object CMakeFiles/cmTC_f15b4.dir/feature_tests.c.o
/usr/bin/cc   -std=c99 -o CMakeFiles/cmTC_f15b4.dir/feature_tests.c.o   -c /home/icaro/pesquisa_ucpel/aom/build/CMakeFiles/feature_tests.c
Linking C executable cmTC_f15b4
/usr/bin/cmake -E cmake_link_script CMakeFiles/cmTC_f15b4.dir/link.txt --verbose=1
/usr/bin/cc      CMakeFiles/cmTC_f15b4.dir/feature_tests.c.o  -o cmTC_f15b4 
make[1]: Leaving directory '/home/icaro/pesquisa_ucpel/aom/build/CMakeFiles/CMakeTmp'


    Feature record: C_FEATURE:1c_function_prototypes
    Feature record: C_FEATURE:1c_restrict
    Feature record: C_FEATURE:0c_static_assert
    Feature record: C_FEATURE:1c_variadic_macros


Detecting C [-std=c90] compiler features compiled with the following output:
Change Dir: /home/icaro/pesquisa_ucpel/aom/build/CMakeFiles/CMakeTmp

Run Build Command:"/usr/bin/make" "cmTC_736b3/fast"
/usr/bin/make -f CMakeFiles/cmTC_736b3.dir/build.make CMakeFiles/cmTC_736b3.dir/build
make[1]: Entering directory '/home/icaro/pesquisa_ucpel/aom/build/CMakeFiles/CMakeTmp'
Building C object CMakeFiles/cmTC_736b3.dir/feature_tests.c.o
/usr/bin/cc   -std=c90 -o CMakeFiles/cmTC_736b3.dir/feature_tests.c.o   -c /home/icaro/pesquisa_ucpel/aom/build/CMakeFiles/feature_tests.c
Linking C executable cmTC_736b3
/usr/bin/cmake -E cmake_link_script CMakeFiles/cmTC_736b3.dir/link.txt --verbose=1
/usr/bin/cc      CMakeFiles/cmTC_736b3.dir/feature_tests.c.o  -o cmTC_736b3 
make[1]: Leaving directory '/home/icaro/pesquisa_ucpel/aom/build/CMakeFiles/CMakeTmp'


    Feature record: C_FEATURE:1c_function_prototypes
    Feature record: C_FEATURE:0c_restrict
    Feature record: C_FEATURE:0c_static_assert
    Feature record: C_FEATURE:0c_variadic_macros
Determining if the CXX compiler works passed with the following output:
Change Dir: /home/icaro/pesquisa_ucpel/aom/build/CMakeFiles/CMakeTmp

Run Build Command:"/usr/bin/make" "cmTC_ebf8a/fast"
/usr/bin/make -f CMakeFiles/cmTC_ebf8a.dir/build.make CMakeFiles/cmTC_ebf8a.dir/build
make[1]: Entering directory '/home/icaro/pesquisa_ucpel/aom/build/CMakeFiles/CMakeTmp'
Building CXX object CMakeFiles/cmTC_ebf8a.dir/testCXXCompiler.cxx.o
/usr/bin/c++     -o CMakeFiles/cmTC_ebf8a.dir/testCXXCompiler.cxx.o -c /home/icaro/pesquisa_ucpel/aom/build/CMakeFiles/CMakeTmp/testCXXCompiler.cxx
Linking CXX executable cmTC_ebf8a
/usr/bin/cmake -E cmake_link_script CMakeFiles/cmTC_ebf8a.dir/link.txt --verbose=1
/usr/bin/c++       CMakeFiles/cmTC_ebf8a.dir/testCXXCompiler.cxx.o  -o cmTC_ebf8a 
make[1]: Leaving directory '/home/icaro/pesquisa_ucpel/aom/build/CMakeFiles/CMakeTmp'


Detecting CXX compiler ABI info compiled with the following output:
Change Dir: /home/icaro/pesquisa_ucpel/aom/build/CMakeFiles/CMakeTmp

Run Build Command:"/usr/bin/make" "cmTC_077c1/fast"
/usr/bin/make -f CMakeFiles/cmTC_077c1.dir/build.make CMakeFiles/cmTC_077c1.dir/build
make[1]: Entering directory '/home/icaro/pesquisa_ucpel/aom/build/CMakeFiles/CMakeTmp'
Building CXX object CMakeFiles/cmTC_077c1.dir/CMakeCXXCompilerABI.cpp.o
/usr/bin/c++     -o CMakeFiles/cmTC_077c1.dir/CMakeCXXCompilerABI.cpp.o -c /usr/share/cmake-3.10/Modules/CMakeCXXCompilerABI.cpp
Linking CXX executable cmTC_077c1
/usr/bin/cmake -E cmake_link_script CMakeFiles/cmTC_077c1.dir/link.txt --verbose=1
/usr/bin/c++      -v CMakeFiles/cmTC_077c1.dir/CMakeCXXCompilerABI.cpp.o  -o cmTC_077c1 
Using built-in specs.
COLLECT_GCC=/usr/bin/c++
COLLECT_LTO_WRAPPER=/usr/lib/gcc/x86_64-linux-gnu/7/lto-wrapper
OFFLOAD_TARGET_NAMES=nvptx-none
OFFLOAD_TARGET_DEFAULT=1
Target: x86_64-linux-gnu
Configured with: ../src/configure -v --with-pkgversion='Ubuntu 7.4.0-1ubuntu1~18.04' --with-bugurl=file:///usr/share/doc/gcc-7/README.Bugs --enable-languages=c,ada,c++,go,brig,d,fortran,objc,obj-c++ --prefix=/usr --with-gcc-major-version-only --program-suffix=-7 --program-prefix=x86_64-linux-gnu- --enable-shared --enable-linker-build-id --libexecdir=/usr/lib --without-included-gettext --enable-threads=posix --libdir=/usr/lib --enable-nls --with-sysroot=/ --enable-clocale=gnu --enable-libstdcxx-debug --enable-libstdcxx-time=yes --with-default-libstdcxx-abi=new --enable-gnu-unique-object --disable-vtable-verify --enable-libmpx --enable-plugin --enable-default-pie --with-system-zlib --with-target-system-zlib --enable-objc-gc=auto --enable-multiarch --disable-werror --with-arch-32=i686 --with-abi=m64 --with-multilib-list=m32,m64,mx32 --enable-multilib --with-tune=generic --enable-offload-targets=nvptx-none --without-cuda-driver --enable-checking=release --build=x86_64-linux-gnu --host=x86_64-linux-gnu --target=x86_64-linux-gnu
Thread model: posix
gcc version 7.4.0 (Ubuntu 7.4.0-1ubuntu1~18.04) 
COMPILER_PATH=/usr/lib/gcc/x86_64-linux-gnu/7/:/usr/lib/gcc/x86_64-linux-gnu/7/:/usr/lib/gcc/x86_64-linux-gnu/:/usr/lib/gcc/x86_64-linux-gnu/7/:/usr/lib/gcc/x86_64-linux-gnu/
LIBRARY_PATH=/usr/lib/gcc/x86_64-linux-gnu/7/:/usr/lib/gcc/x86_64-linux-gnu/7/../../../x86_64-linux-gnu/:/usr/lib/gcc/x86_64-linux-gnu/7/../../../../lib/:/lib/x86_64-linux-gnu/:/lib/../lib/:/usr/lib/x86_64-linux-gnu/:/usr/lib/../lib/:/usr/lib/gcc/x86_64-linux-gnu/7/../../../:/lib/:/usr/lib/
COLLECT_GCC_OPTIONS='-v' '-o' 'cmTC_077c1' '-shared-libgcc' '-mtune=generic' '-march=x86-64'
 /usr/lib/gcc/x86_64-linux-gnu/7/collect2 -plugin /usr/lib/gcc/x86_64-linux-gnu/7/liblto_plugin.so -plugin-opt=/usr/lib/gcc/x86_64-linux-gnu/7/lto-wrapper -plugin-opt=-fresolution=/tmp/ccSMvmp9.res -plugin-opt=-pass-through=-lgcc_s -plugin-opt=-pass-through=-lgcc -plugin-opt=-pass-through=-lc -plugin-opt=-pass-through=-lgcc_s -plugin-opt=-pass-through=-lgcc --sysroot=/ --build-id --eh-frame-hdr -m elf_x86_64 --hash-style=gnu --as-needed -dynamic-linker /lib64/ld-linux-x86-64.so.2 -pie -z now -z relro -o cmTC_077c1 /usr/lib/gcc/x86_64-linux-gnu/7/../../../x86_64-linux-gnu/Scrt1.o /usr/lib/gcc/x86_64-linux-gnu/7/../../../x86_64-linux-gnu/crti.o /usr/lib/gcc/x86_64-linux-gnu/7/crtbeginS.o -L/usr/lib/gcc/x86_64-linux-gnu/7 -L/usr/lib/gcc/x86_64-linux-gnu/7/../../../x86_64-linux-gnu -L/usr/lib/gcc/x86_64-linux-gnu/7/../../../../lib -L/lib/x86_64-linux-gnu -L/lib/../lib -L/usr/lib/x86_64-linux-gnu -L/usr/lib/../lib -L/usr/lib/gcc/x86_64-linux-gnu/7/../../.. CMakeFiles/cmTC_077c1.dir/CMakeCXXCompilerABI.cpp.o -lstdc++ -lm -lgcc_s -lgcc -lc -lgcc_s -lgcc /usr/lib/gcc/x86_64-linux-gnu/7/crtendS.o /usr/lib/gcc/x86_64-linux-gnu/7/../../../x86_64-linux-gnu/crtn.o
COLLECT_GCC_OPTIONS='-v' '-o' 'cmTC_077c1' '-shared-libgcc' '-mtune=generic' '-march=x86-64'
make[1]: Leaving directory '/home/icaro/pesquisa_ucpel/aom/build/CMakeFiles/CMakeTmp'


Parsed CXX implicit link information from above output:
  link line regex: [^( *|.*[/\])(ld|CMAKE_LINK_STARTFILE-NOTFOUND|([^/\]+-)?ld|collect2)[^/\]*( |$)]
  ignore line: [Change Dir: /home/icaro/pesquisa_ucpel/aom/build/CMakeFiles/CMakeTmp]
  ignore line: []
  ignore line: [Run Build Command:"/usr/bin/make" "cmTC_077c1/fast"]
  ignore line: [/usr/bin/make -f CMakeFiles/cmTC_077c1.dir/build.make CMakeFiles/cmTC_077c1.dir/build]
  ignore line: [make[1]: Entering directory '/home/icaro/pesquisa_ucpel/aom/build/CMakeFiles/CMakeTmp']
  ignore line: [Building CXX object CMakeFiles/cmTC_077c1.dir/CMakeCXXCompilerABI.cpp.o]
  ignore line: [/usr/bin/c++     -o CMakeFiles/cmTC_077c1.dir/CMakeCXXCompilerABI.cpp.o -c /usr/share/cmake-3.10/Modules/CMakeCXXCompilerABI.cpp]
  ignore line: [Linking CXX executable cmTC_077c1]
  ignore line: [/usr/bin/cmake -E cmake_link_script CMakeFiles/cmTC_077c1.dir/link.txt --verbose=1]
  ignore line: [/usr/bin/c++      -v CMakeFiles/cmTC_077c1.dir/CMakeCXXCompilerABI.cpp.o  -o cmTC_077c1 ]
  ignore line: [Using built-in specs.]
  ignore line: [COLLECT_GCC=/usr/bin/c++]
  ignore line: [COLLECT_LTO_WRAPPER=/usr/lib/gcc/x86_64-linux-gnu/7/lto-wrapper]
  ignore line: [OFFLOAD_TARGET_NAMES=nvptx-none]
  ignore line: [OFFLOAD_TARGET_DEFAULT=1]
  ignore line: [Target: x86_64-linux-gnu]
  ignore line: [Configured with: ../src/configure -v --with-pkgversion='Ubuntu 7.4.0-1ubuntu1~18.04' --with-bugurl=file:///usr/share/doc/gcc-7/README.Bugs --enable-languages=c,ada,c++,go,brig,d,fortran,objc,obj-c++ --prefix=/usr --with-gcc-major-version-only --program-suffix=-7 --program-prefix=x86_64-linux-gnu- --enable-shared --enable-linker-build-id --libexecdir=/usr/lib --without-included-gettext --enable-threads=posix --libdir=/usr/lib --enable-nls --with-sysroot=/ --enable-clocale=gnu --enable-libstdcxx-debug --enable-libstdcxx-time=yes --with-default-libstdcxx-abi=new --enable-gnu-unique-object --disable-vtable-verify --enable-libmpx --enable-plugin --enable-default-pie --with-system-zlib --with-target-system-zlib --enable-objc-gc=auto --enable-multiarch --disable-werror --with-arch-32=i686 --with-abi=m64 --with-multilib-list=m32,m64,mx32 --enable-multilib --with-tune=generic --enable-offload-targets=nvptx-none --without-cuda-driver --enable-checking=release --build=x86_64-linux-gnu --host=x86_64-linux-gnu --target=x86_64-linux-gnu]
  ignore line: [Thread model: posix]
  ignore line: [gcc version 7.4.0 (Ubuntu 7.4.0-1ubuntu1~18.04) ]
  ignore line: [COMPILER_PATH=/usr/lib/gcc/x86_64-linux-gnu/7/:/usr/lib/gcc/x86_64-linux-gnu/7/:/usr/lib/gcc/x86_64-linux-gnu/:/usr/lib/gcc/x86_64-linux-gnu/7/:/usr/lib/gcc/x86_64-linux-gnu/]
  ignore line: [LIBRARY_PATH=/usr/lib/gcc/x86_64-linux-gnu/7/:/usr/lib/gcc/x86_64-linux-gnu/7/../../../x86_64-linux-gnu/:/usr/lib/gcc/x86_64-linux-gnu/7/../../../../lib/:/lib/x86_64-linux-gnu/:/lib/../lib/:/usr/lib/x86_64-linux-gnu/:/usr/lib/../lib/:/usr/lib/gcc/x86_64-linux-gnu/7/../../../:/lib/:/usr/lib/]
  ignore line: [COLLECT_GCC_OPTIONS='-v' '-o' 'cmTC_077c1' '-shared-libgcc' '-mtune=generic' '-march=x86-64']
  link line: [ /usr/lib/gcc/x86_64-linux-gnu/7/collect2 -plugin /usr/lib/gcc/x86_64-linux-gnu/7/liblto_plugin.so -plugin-opt=/usr/lib/gcc/x86_64-linux-gnu/7/lto-wrapper -plugin-opt=-fresolution=/tmp/ccSMvmp9.res -plugin-opt=-pass-through=-lgcc_s -plugin-opt=-pass-through=-lgcc -plugin-opt=-pass-through=-lc -plugin-opt=-pass-through=-lgcc_s -plugin-opt=-pass-through=-lgcc --sysroot=/ --build-id --eh-frame-hdr -m elf_x86_64 --hash-style=gnu --as-needed -dynamic-linker /lib64/ld-linux-x86-64.so.2 -pie -z now -z relro -o cmTC_077c1 /usr/lib/gcc/x86_64-linux-gnu/7/../../../x86_64-linux-gnu/Scrt1.o /usr/lib/gcc/x86_64-linux-gnu/7/../../../x86_64-linux-gnu/crti.o /usr/lib/gcc/x86_64-linux-gnu/7/crtbeginS.o -L/usr/lib/gcc/x86_64-linux-gnu/7 -L/usr/lib/gcc/x86_64-linux-gnu/7/../../../x86_64-linux-gnu -L/usr/lib/gcc/x86_64-linux-gnu/7/../../../../lib -L/lib/x86_64-linux-gnu -L/lib/../lib -L/usr/lib/x86_64-linux-gnu -L/usr/lib/../lib -L/usr/lib/gcc/x86_64-linux-gnu/7/../../.. CMakeFiles/cmTC_077c1.dir/CMakeCXXCompilerABI.cpp.o -lstdc++ -lm -lgcc_s -lgcc -lc -lgcc_s -lgcc /usr/lib/gcc/x86_64-linux-gnu/7/crtendS.o /usr/lib/gcc/x86_64-linux-gnu/7/../../../x86_64-linux-gnu/crtn.o]
    arg [/usr/lib/gcc/x86_64-linux-gnu/7/collect2] ==> ignore
    arg [-plugin] ==> ignore
    arg [/usr/lib/gcc/x86_64-linux-gnu/7/liblto_plugin.so] ==> ignore
    arg [-plugin-opt=/usr/lib/gcc/x86_64-linux-gnu/7/lto-wrapper] ==> ignore
    arg [-plugin-opt=-fresolution=/tmp/ccSMvmp9.res] ==> ignore
    arg [-plugin-opt=-pass-through=-lgcc_s] ==> ignore
    arg [-plugin-opt=-pass-through=-lgcc] ==> ignore
    arg [-plugin-opt=-pass-through=-lc] ==> ignore
    arg [-plugin-opt=-pass-through=-lgcc_s] ==> ignore
    arg [-plugin-opt=-pass-through=-lgcc] ==> ignore
    arg [--sysroot=/] ==> ignore
    arg [--build-id] ==> ignore
    arg [--eh-frame-hdr] ==> ignore
    arg [-m] ==> ignore
    arg [elf_x86_64] ==> ignore
    arg [--hash-style=gnu] ==> ignore
    arg [--as-needed] ==> ignore
    arg [-dynamic-linker] ==> ignore
    arg [/lib64/ld-linux-x86-64.so.2] ==> ignore
    arg [-pie] ==> ignore
    arg [-znow] ==> ignore
    arg [-zrelro] ==> ignore
    arg [-o] ==> ignore
    arg [cmTC_077c1] ==> ignore
    arg [/usr/lib/gcc/x86_64-linux-gnu/7/../../../x86_64-linux-gnu/Scrt1.o] ==> ignore
    arg [/usr/lib/gcc/x86_64-linux-gnu/7/../../../x86_64-linux-gnu/crti.o] ==> ignore
    arg [/usr/lib/gcc/x86_64-linux-gnu/7/crtbeginS.o] ==> ignore
    arg [-L/usr/lib/gcc/x86_64-linux-gnu/7] ==> dir [/usr/lib/gcc/x86_64-linux-gnu/7]
    arg [-L/usr/lib/gcc/x86_64-linux-gnu/7/../../../x86_64-linux-gnu] ==> dir [/usr/lib/gcc/x86_64-linux-gnu/7/../../../x86_64-linux-gnu]
    arg [-L/usr/lib/gcc/x86_64-linux-gnu/7/../../../../lib] ==> dir [/usr/lib/gcc/x86_64-linux-gnu/7/../../../../lib]
    arg [-L/lib/x86_64-linux-gnu] ==> dir [/lib/x86_64-linux-gnu]
    arg [-L/lib/../lib] ==> dir [/lib/../lib]
    arg [-L/usr/lib/x86_64-linux-gnu] ==> dir [/usr/lib/x86_64-linux-gnu]
    arg [-L/usr/lib/../lib] ==> dir [/usr/lib/../lib]
    arg [-L/usr/lib/gcc/x86_64-linux-gnu/7/../../..] ==> dir [/usr/lib/gcc/x86_64-linux-gnu/7/../../..]
    arg [CMakeFiles/cmTC_077c1.dir/CMakeCXXCompilerABI.cpp.o] ==> ignore
    arg [-lstdc++] ==> lib [stdc++]
    arg [-lm] ==> lib [m]
    arg [-lgcc_s] ==> lib [gcc_s]
    arg [-lgcc] ==> lib [gcc]
    arg [-lc] ==> lib [c]
    arg [-lgcc_s] ==> lib [gcc_s]
    arg [-lgcc] ==> lib [gcc]
    arg [/usr/lib/gcc/x86_64-linux-gnu/7/crtendS.o] ==> ignore
    arg [/usr/lib/gcc/x86_64-linux-gnu/7/../../../x86_64-linux-gnu/crtn.o] ==> ignore
  collapse library dir [/usr/lib/gcc/x86_64-linux-gnu/7] ==> [/usr/lib/gcc/x86_64-linux-gnu/7]
  collapse library dir [/usr/lib/gcc/x86_64-linux-gnu/7/../../../x86_64-linux-gnu] ==> [/usr/lib/x86_64-linux-gnu]
  collapse library dir [/usr/lib/gcc/x86_64-linux-gnu/7/../../../../lib] ==> [/usr/lib]
  collapse library dir [/lib/x86_64-linux-gnu] ==> [/lib/x86_64-linux-gnu]
  collapse library dir [/lib/../lib] ==> [/lib]
  collapse library dir [/usr/lib/x86_64-linux-gnu] ==> [/usr/lib/x86_64-linux-gnu]
  collapse library dir [/usr/lib/../lib] ==> [/usr/lib]
  collapse library dir [/usr/lib/gcc/x86_64-linux-gnu/7/../../..] ==> [/usr/lib]
  implicit libs: [stdc++;m;gcc_s;gcc;c;gcc_s;gcc]
  implicit dirs: [/usr/lib/gcc/x86_64-linux-gnu/7;/usr/lib/x86_64-linux-gnu;/usr/lib;/lib/x86_64-linux-gnu;/lib]
  implicit fwks: []




Detecting CXX [-std=c++1z] compiler features compiled with the following output:
Change Dir: /home/icaro/pesquisa_ucpel/aom/build/CMakeFiles/CMakeTmp

Run Build Command:"/usr/bin/make" "cmTC_aeca7/fast"
/usr/bin/make -f CMakeFiles/cmTC_aeca7.dir/build.make CMakeFiles/cmTC_aeca7.dir/build
make[1]: Entering directory '/home/icaro/pesquisa_ucpel/aom/build/CMakeFiles/CMakeTmp'
Building CXX object CMakeFiles/cmTC_aeca7.dir/feature_tests.cxx.o
/usr/bin/c++    -std=c++1z -o CMakeFiles/cmTC_aeca7.dir/feature_tests.cxx.o -c /home/icaro/pesquisa_ucpel/aom/build/CMakeFiles/feature_tests.cxx
Linking CXX executable cmTC_aeca7
/usr/bin/cmake -E cmake_link_script CMakeFiles/cmTC_aeca7.dir/link.txt --verbose=1
/usr/bin/c++       CMakeFiles/cmTC_aeca7.dir/feature_tests.cxx.o  -o cmTC_aeca7 
make[1]: Leaving directory '/home/icaro/pesquisa_ucpel/aom/build/CMakeFiles/CMakeTmp'


    Feature record: CXX_FEATURE:1cxx_aggregate_default_initializers
    Feature record: CXX_FEATURE:1cxx_alias_templates
    Feature record: CXX_FEATURE:1cxx_alignas
    Feature record: CXX_FEATURE:1cxx_alignof
    Feature record: CXX_FEATURE:1cxx_attributes
    Feature record: CXX_FEATURE:1cxx_attribute_deprecated
    Feature record: CXX_FEATURE:1cxx_auto_type
    Feature record: CXX_FEATURE:1cxx_binary_literals
    Feature record: CXX_FEATURE:1cxx_constexpr
    Feature record: CXX_FEATURE:1cxx_contextual_conversions
    Feature record: CXX_FEATURE:1cxx_decltype
    Feature record: CXX_FEATURE:1cxx_decltype_auto
    Feature record: CXX_FEATURE:1cxx_decltype_incomplete_return_types
    Feature record: CXX_FEATURE:1cxx_default_function_template_args
    Feature record: CXX_FEATURE:1cxx_defaulted_functions
    Feature record: CXX_FEATURE:1cxx_defaulted_move_initializers
    Feature record: CXX_FEATURE:1cxx_delegating_constructors
    Feature record: CXX_FEATURE:1cxx_deleted_functions
    Feature record: CXX_FEATURE:1cxx_digit_separators
    Feature record: CXX_FEATURE:1cxx_enum_forward_declarations
    Feature record: CXX_FEATURE:1cxx_explicit_conversions
    Feature record: CXX_FEATURE:1cxx_extended_friend_declarations
    Feature record: CXX_FEATURE:1cxx_extern_templates
    Feature record: CXX_FEATURE:1cxx_final
    Feature record: CXX_FEATURE:1cxx_func_identifier
    Feature record: CXX_FEATURE:1cxx_generalized_initializers
    Feature record: CXX_FEATURE:1cxx_generic_lambdas
    Feature record: CXX_FEATURE:1cxx_inheriting_constructors
    Feature record: CXX_FEATURE:1cxx_inline_namespaces
    Feature record: CXX_FEATURE:1cxx_lambdas
    Feature record: CXX_FEATURE:1cxx_lambda_init_captures
    Feature record: CXX_FEATURE:1cxx_local_type_template_args
    Feature record: CXX_FEATURE:1cxx_long_long_type
    Feature record: CXX_FEATURE:1cxx_noexcept
    Feature record: CXX_FEATURE:1cxx_nonstatic_member_init
    Feature record: CXX_FEATURE:1cxx_nullptr
    Feature record: CXX_FEATURE:1cxx_override
    Feature record: CXX_FEATURE:1cxx_range_for
    Feature record: CXX_FEATURE:1cxx_raw_string_literals
    Feature record: CXX_FEATURE:1cxx_reference_qualified_functions
    Feature record: CXX_FEATURE:1cxx_relaxed_constexpr
    Feature record: CXX_FEATURE:1cxx_return_type_deduction
    Feature record: CXX_FEATURE:1cxx_right_angle_brackets
    Feature record: CXX_FEATURE:1cxx_rvalue_references
    Feature record: CXX_FEATURE:1cxx_sizeof_member
    Feature record: CXX_FEATURE:1cxx_static_assert
    Feature record: CXX_FEATURE:1cxx_strong_enums
    Feature record: CXX_FEATURE:1cxx_template_template_parameters
    Feature record: CXX_FEATURE:1cxx_thread_local
    Feature record: CXX_FEATURE:1cxx_trailing_return_types
    Feature record: CXX_FEATURE:1cxx_unicode_literals
    Feature record: CXX_FEATURE:1cxx_uniform_initialization
    Feature record: CXX_FEATURE:1cxx_unrestricted_unions
    Feature record: CXX_FEATURE:1cxx_user_literals
    Feature record: CXX_FEATURE:1cxx_variable_templates
    Feature record: CXX_FEATURE:1cxx_variadic_macros
    Feature record: CXX_FEATURE:1cxx_variadic_templates


Detecting CXX [-std=c++14] compiler features compiled with the following output:
Change Dir: /home/icaro/pesquisa_ucpel/aom/build/CMakeFiles/CMakeTmp

Run Build Command:"/usr/bin/make" "cmTC_883d7/fast"
/usr/bin/make -f CMakeFiles/cmTC_883d7.dir/build.make CMakeFiles/cmTC_883d7.dir/build
make[1]: Entering directory '/home/icaro/pesquisa_ucpel/aom/build/CMakeFiles/CMakeTmp'
Building CXX object CMakeFiles/cmTC_883d7.dir/feature_tests.cxx.o
/usr/bin/c++    -std=c++14 -o CMakeFiles/cmTC_883d7.dir/feature_tests.cxx.o -c /home/icaro/pesquisa_ucpel/aom/build/CMakeFiles/feature_tests.cxx
Linking CXX executable cmTC_883d7
/usr/bin/cmake -E cmake_link_script CMakeFiles/cmTC_883d7.dir/link.txt --verbose=1
/usr/bin/c++       CMakeFiles/cmTC_883d7.dir/feature_tests.cxx.o  -o cmTC_883d7 
make[1]: Leaving directory '/home/icaro/pesquisa_ucpel/aom/build/CMakeFiles/CMakeTmp'


    Feature record: CXX_FEATURE:1cxx_aggregate_default_initializers
    Feature record: CXX_FEATURE:1cxx_alias_templates
    Feature record: CXX_FEATURE:1cxx_alignas
    Feature record: CXX_FEATURE:1cxx_alignof
    Feature record: CXX_FEATURE:1cxx_attributes
    Feature record: CXX_FEATURE:1cxx_attribute_deprecated
    Feature record: CXX_FEATURE:1cxx_auto_type
    Feature record: CXX_FEATURE:1cxx_binary_literals
    Feature record: CXX_FEATURE:1cxx_constexpr
    Feature record: CXX_FEATURE:1cxx_contextual_conversions
    Feature record: CXX_FEATURE:1cxx_decltype
    Feature record: CXX_FEATURE:1cxx_decltype_auto
    Feature record: CXX_FEATURE:1cxx_decltype_incomplete_return_types
    Feature record: CXX_FEATURE:1cxx_default_function_template_args
    Feature record: CXX_FEATURE:1cxx_defaulted_functions
    Feature record: CXX_FEATURE:1cxx_defaulted_move_initializers
    Feature record: CXX_FEATURE:1cxx_delegating_constructors
    Feature record: CXX_FEATURE:1cxx_deleted_functions
    Feature record: CXX_FEATURE:1cxx_digit_separators
    Feature record: CXX_FEATURE:1cxx_enum_forward_declarations
    Feature record: CXX_FEATURE:1cxx_explicit_conversions
    Feature record: CXX_FEATURE:1cxx_extended_friend_declarations
    Feature record: CXX_FEATURE:1cxx_extern_templates
    Feature record: CXX_FEATURE:1cxx_final
    Feature record: CXX_FEATURE:1cxx_func_identifier
    Feature record: CXX_FEATURE:1cxx_generalized_initializers
    Feature record: CXX_FEATURE:1cxx_generic_lambdas
    Feature record: CXX_FEATURE:1cxx_inheriting_constructors
    Feature record: CXX_FEATURE:1cxx_inline_namespaces
    Feature record: CXX_FEATURE:1cxx_lambdas
    Feature record: CXX_FEATURE:1cxx_lambda_init_captures
    Feature record: CXX_FEATURE:1cxx_local_type_template_args
    Feature record: CXX_FEATURE:1cxx_long_long_type
    Feature record: CXX_FEATURE:1cxx_noexcept
    Feature record: CXX_FEATURE:1cxx_nonstatic_member_init
    Feature record: CXX_FEATURE:1cxx_nullptr
    Feature record: CXX_FEATURE:1cxx_override
    Feature record: CXX_FEATURE:1cxx_range_for
    Feature record: CXX_FEATURE:1cxx_raw_string_literals
    Feature record: CXX_FEATURE:1cxx_reference_qualified_functions
    Feature record: CXX_FEATURE:1cxx_relaxed_constexpr
    Feature record: CXX_FEATURE:1cxx_return_type_deduction
    Feature record: CXX_FEATURE:1cxx_right_angle_brackets
    Feature record: CXX_FEATURE:1cxx_rvalue_references
    Feature record: CXX_FEATURE:1cxx_sizeof_member
    Feature record: CXX_FEATURE:1cxx_static_assert
    Feature record: CXX_FEATURE:1cxx_strong_enums
    Feature record: CXX_FEATURE:1cxx_template_template_parameters
    Feature record: CXX_FEATURE:1cxx_thread_local
    Feature record: CXX_FEATURE:1cxx_trailing_return_types
    Feature record: CXX_FEATURE:1cxx_unicode_literals
    Feature record: CXX_FEATURE:1cxx_uniform_initialization
    Feature record: CXX_FEATURE:1cxx_unrestricted_unions
    Feature record: CXX_FEATURE:1cxx_user_literals
    Feature record: CXX_FEATURE:1cxx_variable_templates
    Feature record: CXX_FEATURE:1cxx_variadic_macros
    Feature record: CXX_FEATURE:1cxx_variadic_templates


Detecting CXX [-std=c++11] compiler features compiled with the following output:
Change Dir: /home/icaro/pesquisa_ucpel/aom/build/CMakeFiles/CMakeTmp

Run Build Command:"/usr/bin/make" "cmTC_87081/fast"
/usr/bin/make -f CMakeFiles/cmTC_87081.dir/build.make CMakeFiles/cmTC_87081.dir/build
make[1]: Entering directory '/home/icaro/pesquisa_ucpel/aom/build/CMakeFiles/CMakeTmp'
Building CXX object CMakeFiles/cmTC_87081.dir/feature_tests.cxx.o
/usr/bin/c++    -std=c++11 -o CMakeFiles/cmTC_87081.dir/feature_tests.cxx.o -c /home/icaro/pesquisa_ucpel/aom/build/CMakeFiles/feature_tests.cxx
Linking CXX executable cmTC_87081
/usr/bin/cmake -E cmake_link_script CMakeFiles/cmTC_87081.dir/link.txt --verbose=1
/usr/bin/c++       CMakeFiles/cmTC_87081.dir/feature_tests.cxx.o  -o cmTC_87081 
make[1]: Leaving directory '/home/icaro/pesquisa_ucpel/aom/build/CMakeFiles/CMakeTmp'


    Feature record: CXX_FEATURE:0cxx_aggregate_default_initializers
    Feature record: CXX_FEATURE:1cxx_alias_templates
    Feature record: CXX_FEATURE:1cxx_alignas
    Feature record: CXX_FEATURE:1cxx_alignof
    Feature record: CXX_FEATURE:1cxx_attributes
    Feature record: CXX_FEATURE:0cxx_attribute_deprecated
    Feature record: CXX_FEATURE:1cxx_auto_type
    Feature record: CXX_FEATURE:0cxx_binary_literals
    Feature record: CXX_FEATURE:1cxx_constexpr
    Feature record: CXX_FEATURE:0cxx_contextual_conversions
    Feature record: CXX_FEATURE:1cxx_decltype
    Feature record: CXX_FEATURE:0cxx_decltype_auto
    Feature record: CXX_FEATURE:1cxx_decltype_incomplete_return_types
    Feature record: CXX_FEATURE:1cxx_default_function_template_args
    Feature record: CXX_FEATURE:1cxx_defaulted_functions
    Feature record: CXX_FEATURE:1cxx_defaulted_move_initializers
    Feature record: CXX_FEATURE:1cxx_delegating_constructors
    Feature record: CXX_FEATURE:1cxx_deleted_functions
    Feature record: CXX_FEATURE:0cxx_digit_separators
    Feature record: CXX_FEATURE:1cxx_enum_forward_declarations
    Feature record: CXX_FEATURE:1cxx_explicit_conversions
    Feature record: CXX_FEATURE:1cxx_extended_friend_declarations
    Feature record: CXX_FEATURE:1cxx_extern_templates
    Feature record: CXX_FEATURE:1cxx_final
    Feature record: CXX_FEATURE:1cxx_func_identifier
    Feature record: CXX_FEATURE:1cxx_generalized_initializers
    Feature record: CXX_FEATURE:0cxx_generic_lambdas
    Feature record: CXX_FEATURE:1cxx_inheriting_constructors
    Feature record: CXX_FEATURE:1cxx_inline_namespaces
    Feature record: CXX_FEATURE:1cxx_lambdas
    Feature record: CXX_FEATURE:0cxx_lambda_init_captures
    Feature record: CXX_FEATURE:1cxx_local_type_template_args
    Feature record: CXX_FEATURE:1cxx_long_long_type
    Feature record: CXX_FEATURE:1cxx_noexcept
    Feature record: CXX_FEATURE:1cxx_nonstatic_member_init
    Feature record: CXX_FEATURE:1cxx_nullptr
    Feature record: CXX_FEATURE:1cxx_override
    Feature record: CXX_FEATURE:1cxx_range_for
    Feature record: CXX_FEATURE:1cxx_raw_string_literals
    Feature record: CXX_FEATURE:1cxx_reference_qualified_functions
    Feature record: CXX_FEATURE:0cxx_relaxed_constexpr
    Feature record: CXX_FEATURE:0cxx_return_type_deduction
    Feature record: CXX_FEATURE:1cxx_right_angle_brackets
    Feature record: CXX_FEATURE:1cxx_rvalue_references
    Feature record: CXX_FEATURE:1cxx_sizeof_member
    Feature record: CXX_FEATURE:1cxx_static_assert
    Feature record: CXX_FEATURE:1cxx_strong_enums
    Feature record: CXX_FEATURE:1cxx_template_template_parameters
    Feature record: CXX_FEATURE:1cxx_thread_local
    Feature record: CXX_FEATURE:1cxx_trailing_return_types
    Feature record: CXX_FEATURE:1cxx_unicode_literals
    Feature record: CXX_FEATURE:1cxx_uniform_initialization
    Feature record: CXX_FEATURE:1cxx_unrestricted_unions
    Feature record: CXX_FEATURE:1cxx_user_literals
    Feature record: CXX_FEATURE:0cxx_variable_templates
    Feature record: CXX_FEATURE:1cxx_variadic_macros
    Feature record: CXX_FEATURE:1cxx_variadic_templates


Detecting CXX [-std=c++98] compiler features compiled with the following output:
Change Dir: /home/icaro/pesquisa_ucpel/aom/build/CMakeFiles/CMakeTmp

Run Build Command:"/usr/bin/make" "cmTC_28843/fast"
/usr/bin/make -f CMakeFiles/cmTC_28843.dir/build.make CMakeFiles/cmTC_28843.dir/build
make[1]: Entering directory '/home/icaro/pesquisa_ucpel/aom/build/CMakeFiles/CMakeTmp'
Building CXX object CMakeFiles/cmTC_28843.dir/feature_tests.cxx.o
/usr/bin/c++    -std=c++98 -o CMakeFiles/cmTC_28843.dir/feature_tests.cxx.o -c /home/icaro/pesquisa_ucpel/aom/build/CMakeFiles/feature_tests.cxx
Linking CXX executable cmTC_28843
/usr/bin/cmake -E cmake_link_script CMakeFiles/cmTC_28843.dir/link.txt --verbose=1
/usr/bin/c++       CMakeFiles/cmTC_28843.dir/feature_tests.cxx.o  -o cmTC_28843 
make[1]: Leaving directory '/home/icaro/pesquisa_ucpel/aom/build/CMakeFiles/CMakeTmp'


    Feature record: CXX_FEATURE:0cxx_aggregate_default_initializers
    Feature record: CXX_FEATURE:0cxx_alias_templates
    Feature record: CXX_FEATURE:0cxx_alignas
    Feature record: CXX_FEATURE:0cxx_alignof
    Feature record: CXX_FEATURE:0cxx_attributes
    Feature record: CXX_FEATURE:0cxx_attribute_deprecated
    Feature record: CXX_FEATURE:0cxx_auto_type
    Feature record: CXX_FEATURE:0cxx_binary_literals
    Feature record: CXX_FEATURE:0cxx_constexpr
    Feature record: CXX_FEATURE:0cxx_contextual_conversions
    Feature record: CXX_FEATURE:0cxx_decltype
    Feature record: CXX_FEATURE:0cxx_decltype_auto
    Feature record: CXX_FEATURE:0cxx_decltype_incomplete_return_types
    Feature record: CXX_FEATURE:0cxx_default_function_template_args
    Feature record: CXX_FEATURE:0cxx_defaulted_functions
    Feature record: CXX_FEATURE:0cxx_defaulted_move_initializers
    Feature record: CXX_FEATURE:0cxx_delegating_constructors
    Feature record: CXX_FEATURE:0cxx_deleted_functions
    Feature record: CXX_FEATURE:0cxx_digit_separators
    Feature record: CXX_FEATURE:0cxx_enum_forward_declarations
    Feature record: CXX_FEATURE:0cxx_explicit_conversions
    Feature record: CXX_FEATURE:0cxx_extended_friend_declarations
    Feature record: CXX_FEATURE:0cxx_extern_templates
    Feature record: CXX_FEATURE:0cxx_final
    Feature record: CXX_FEATURE:0cxx_func_identifier
    Feature record: CXX_FEATURE:0cxx_generalized_initializers
    Feature record: CXX_FEATURE:0cxx_generic_lambdas
    Feature record: CXX_FEATURE:0cxx_inheriting_constructors
    Feature record: CXX_FEATURE:0cxx_inline_namespaces
    Feature record: CXX_FEATURE:0cxx_lambdas
    Feature record: CXX_FEATURE:0cxx_lambda_init_captures
    Feature record: CXX_FEATURE:0cxx_local_type_template_args
    Feature record: CXX_FEATURE:0cxx_long_long_type
    Feature record: CXX_FEATURE:0cxx_noexcept
    Feature record: CXX_FEATURE:0cxx_nonstatic_member_init
    Feature record: CXX_FEATURE:0cxx_nullptr
    Feature record: CXX_FEATURE:0cxx_override
    Feature record: CXX_FEATURE:0cxx_range_for
    Feature record: CXX_FEATURE:0cxx_raw_string_literals
    Feature record: CXX_FEATURE:0cxx_reference_qualified_functions
    Feature record: CXX_FEATURE:0cxx_relaxed_constexpr
    Feature record: CXX_FEATURE:0cxx_return_type_deduction
    Feature record: CXX_FEATURE:0cxx_right_angle_brackets
    Feature record: CXX_FEATURE:0cxx_rvalue_references
    Feature record: CXX_FEATURE:0cxx_sizeof_member
    Feature record: CXX_FEATURE:0cxx_static_assert
    Feature record: CXX_FEATURE:0cxx_strong_enums
    Feature record: CXX_FEATURE:1cxx_template_template_parameters
    Feature record: CXX_FEATURE:0cxx_thread_local
    Feature record: CXX_FEATURE:0cxx_trailing_return_types
    Feature record: CXX_FEATURE:0cxx_unicode_literals
    Feature record: CXX_FEATURE:0cxx_uniform_initialization
    Feature record: CXX_FEATURE:0cxx_unrestricted_unions
    Feature record: CXX_FEATURE:0cxx_user_literals
    Feature record: CXX_FEATURE:0cxx_variable_templates
    Feature record: CXX_FEATURE:0cxx_variadic_macros
    Feature record: CXX_FEATURE:0cxx_variadic_templates
Determining if the include file pthread.h exists passed with the following output:
Change Dir: /home/icaro/pesquisa_ucpel/aom/build/CMakeFiles/CMakeTmp

Run Build Command:"/usr/bin/make" "cmTC_5a400/fast"
/usr/bin/make -f CMakeFiles/cmTC_5a400.dir/build.make CMakeFiles/cmTC_5a400.dir/build
make[1]: Entering directory '/home/icaro/pesquisa_ucpel/aom/build/CMakeFiles/CMakeTmp'
Building C object CMakeFiles/cmTC_5a400.dir/CheckIncludeFile.c.o
/usr/bin/cc    -o CMakeFiles/cmTC_5a400.dir/CheckIncludeFile.c.o   -c /home/icaro/pesquisa_ucpel/aom/build/CMakeFiles/CMakeTmp/CheckIncludeFile.c
Linking C executable cmTC_5a400
/usr/bin/cmake -E cmake_link_script CMakeFiles/cmTC_5a400.dir/link.txt --verbose=1
/usr/bin/cc      CMakeFiles/cmTC_5a400.dir/CheckIncludeFile.c.o  -o cmTC_5a400 
make[1]: Leaving directory '/home/icaro/pesquisa_ucpel/aom/build/CMakeFiles/CMakeTmp'


Determining if the function pthread_create exists in the pthread passed with the following output:
Change Dir: /home/icaro/pesquisa_ucpel/aom/build/CMakeFiles/CMakeTmp

Run Build Command:"/usr/bin/make" "cmTC_d3aef/fast"
/usr/bin/make -f CMakeFiles/cmTC_d3aef.dir/build.make CMakeFiles/cmTC_d3aef.dir/build
make[1]: Entering directory '/home/icaro/pesquisa_ucpel/aom/build/CMakeFiles/CMakeTmp'
Building C object CMakeFiles/cmTC_d3aef.dir/CheckFunctionExists.c.o
/usr/bin/cc   -DCHECK_FUNCTION_EXISTS=pthread_create   -o CMakeFiles/cmTC_d3aef.dir/CheckFunctionExists.c.o   -c /usr/share/cmake-3.10/Modules/CheckFunctionExists.c
Linking C executable cmTC_d3aef
/usr/bin/cmake -E cmake_link_script CMakeFiles/cmTC_d3aef.dir/link.txt --verbose=1
/usr/bin/cc  -DCHECK_FUNCTION_EXISTS=pthread_create    CMakeFiles/cmTC_d3aef.dir/CheckFunctionExists.c.o  -o cmTC_d3aef -lpthread 
make[1]: Leaving directory '/home/icaro/pesquisa_ucpel/aom/build/CMakeFiles/CMakeTmp'


Performing C SOURCE FILE Test C_TEST_COMPILED succeeded with the following output:
Change Dir: /home/icaro/pesquisa_ucpel/aom/build/CMakeFiles/CMakeTmp

Run Build Command:"/usr/bin/make" "cmTC_cc67e/fast"
/usr/bin/make -f CMakeFiles/cmTC_cc67e.dir/build.make CMakeFiles/cmTC_cc67e.dir/build
make[1]: Entering directory '/home/icaro/pesquisa_ucpel/aom/build/CMakeFiles/CMakeTmp'
Building C object CMakeFiles/cmTC_cc67e.dir/src.c.o
/usr/bin/cc   -DC_TEST_COMPILED   -o CMakeFiles/cmTC_cc67e.dir/src.c.o   -c /home/icaro/pesquisa_ucpel/aom/build/CMakeFiles/CMakeTmp/src.c
Linking C executable cmTC_cc67e
/usr/bin/cmake -E cmake_link_script CMakeFiles/cmTC_cc67e.dir/link.txt --verbose=1
/usr/bin/cc  -DC_TEST_COMPILED    CMakeFiles/cmTC_cc67e.dir/src.c.o  -o cmTC_cc67e 
make[1]: Leaving directory '/home/icaro/pesquisa_ucpel/aom/build/CMakeFiles/CMakeTmp'

Source file was:
static inline void function(void) {} 
int main(void) { return 0; }
Performing C++ SOURCE FILE Test CXX_TEST_COMPILED succeeded with the following output:
Change Dir: /home/icaro/pesquisa_ucpel/aom/build/CMakeFiles/CMakeTmp

Run Build Command:"/usr/bin/make" "cmTC_85e9d/fast"
/usr/bin/make -f CMakeFiles/cmTC_85e9d.dir/build.make CMakeFiles/cmTC_85e9d.dir/build
make[1]: Entering directory '/home/icaro/pesquisa_ucpel/aom/build/CMakeFiles/CMakeTmp'
Building CXX object CMakeFiles/cmTC_85e9d.dir/src.cxx.o
/usr/bin/c++    -DCXX_TEST_COMPILED   -o CMakeFiles/cmTC_85e9d.dir/src.cxx.o -c /home/icaro/pesquisa_ucpel/aom/build/CMakeFiles/CMakeTmp/src.cxx
Linking CXX executable cmTC_85e9d
/usr/bin/cmake -E cmake_link_script CMakeFiles/cmTC_85e9d.dir/link.txt --verbose=1
/usr/bin/c++   -DCXX_TEST_COMPILED    CMakeFiles/cmTC_85e9d.dir/src.cxx.o  -o cmTC_85e9d 
make[1]: Leaving directory '/home/icaro/pesquisa_ucpel/aom/build/CMakeFiles/CMakeTmp'

Source file was:
static inline void function(void) {} 
int main() { return 0; }
Performing C SOURCE FILE Test C_TEST_COMPILED succeeded with the following output:
Change Dir: /home/icaro/pesquisa_ucpel/aom/build/CMakeFiles/CMakeTmp

Run Build Command:"/usr/bin/make" "cmTC_d6338/fast"
/usr/bin/make -f CMakeFiles/cmTC_d6338.dir/build.make CMakeFiles/cmTC_d6338.dir/build
make[1]: Entering directory '/home/icaro/pesquisa_ucpel/aom/build/CMakeFiles/CMakeTmp'
Building C object CMakeFiles/cmTC_d6338.dir/src.c.o
/usr/bin/cc   -DC_TEST_COMPILED   -o CMakeFiles/cmTC_d6338.dir/src.c.o   -c /home/icaro/pesquisa_ucpel/aom/build/CMakeFiles/CMakeTmp/src.c
Linking C executable cmTC_d6338
/usr/bin/cmake -E cmake_link_script CMakeFiles/cmTC_d6338.dir/link.txt --verbose=1
/usr/bin/cc  -DC_TEST_COMPILED    CMakeFiles/cmTC_d6338.dir/src.c.o  -o cmTC_d6338 
make[1]: Leaving directory '/home/icaro/pesquisa_ucpel/aom/build/CMakeFiles/CMakeTmp'

Source file was:
#include <unistd.h> 
int main(void) { return 0; }
Performing C++ SOURCE FILE Test CXX_TEST_COMPILED succeeded with the following output:
Change Dir: /home/icaro/pesquisa_ucpel/aom/build/CMakeFiles/CMakeTmp

Run Build Command:"/usr/bin/make" "cmTC_8fef6/fast"
/usr/bin/make -f CMakeFiles/cmTC_8fef6.dir/build.make CMakeFiles/cmTC_8fef6.dir/build
make[1]: Entering directory '/home/icaro/pesquisa_ucpel/aom/build/CMakeFiles/CMakeTmp'
Building CXX object CMakeFiles/cmTC_8fef6.dir/src.cxx.o
/usr/bin/c++    -DCXX_TEST_COMPILED   -o CMakeFiles/cmTC_8fef6.dir/src.cxx.o -c /home/icaro/pesquisa_ucpel/aom/build/CMakeFiles/CMakeTmp/src.cxx
Linking CXX executable cmTC_8fef6
/usr/bin/cmake -E cmake_link_script CMakeFiles/cmTC_8fef6.dir/link.txt --verbose=1
/usr/bin/c++   -DCXX_TEST_COMPILED    CMakeFiles/cmTC_8fef6.dir/src.cxx.o  -o cmTC_8fef6 
make[1]: Leaving directory '/home/icaro/pesquisa_ucpel/aom/build/CMakeFiles/CMakeTmp'

Source file was:
#include <unistd.h> 
int main() { return 0; }
Performing C SOURCE FILE Test C_TEST_COMPILED succeeded with the following output:
Change Dir: /home/icaro/pesquisa_ucpel/aom/build/CMakeFiles/CMakeTmp

Run Build Command:"/usr/bin/make" "cmTC_d87ca/fast"
/usr/bin/make -f CMakeFiles/cmTC_d87ca.dir/build.make CMakeFiles/cmTC_d87ca.dir/build
make[1]: Entering directory '/home/icaro/pesquisa_ucpel/aom/build/CMakeFiles/CMakeTmp'
Building C object CMakeFiles/cmTC_d87ca.dir/src.c.o
/usr/bin/cc   -DC_TEST_COMPILED   -o CMakeFiles/cmTC_d87ca.dir/src.c.o   -c /home/icaro/pesquisa_ucpel/aom/build/CMakeFiles/CMakeTmp/src.c
Linking C executable cmTC_d87ca
/usr/bin/cmake -E cmake_link_script CMakeFiles/cmTC_d87ca.dir/link.txt --verbose=1
/usr/bin/cc  -DC_TEST_COMPILED    CMakeFiles/cmTC_d87ca.dir/src.c.o  -o cmTC_d87ca -lm 
make[1]: Leaving directory '/home/icaro/pesquisa_ucpel/aom/build/CMakeFiles/CMakeTmp'

Source file was:
#define _GNU_SOURCE
                        #include <fenv.h>
                        void unused(void) {
                          (void)unused;
                          (void)feenableexcept(FE_DIVBYZERO | FE_INVALID);
                        } 
int main(void) { return 0; }
Performing C SOURCE FILE Test HAVE_C_FLAG succeeded with the following output:
Change Dir: /home/icaro/pesquisa_ucpel/aom/build/CMakeFiles/CMakeTmp

Run Build Command:"/usr/bin/make" "cmTC_a2090/fast"
/usr/bin/make -f CMakeFiles/cmTC_a2090.dir/build.make CMakeFiles/cmTC_a2090.dir/build
make[1]: Entering directory '/home/icaro/pesquisa_ucpel/aom/build/CMakeFiles/CMakeTmp'
Building C object CMakeFiles/cmTC_a2090.dir/src.c.o
/usr/bin/cc   -DHAVE_C_FLAG   -std=c99 -o CMakeFiles/cmTC_a2090.dir/src.c.o   -c /home/icaro/pesquisa_ucpel/aom/build/CMakeFiles/CMakeTmp/src.c
Linking C executable cmTC_a2090
/usr/bin/cmake -E cmake_link_script CMakeFiles/cmTC_a2090.dir/link.txt --verbose=1
/usr/bin/cc  -DHAVE_C_FLAG    CMakeFiles/cmTC_a2090.dir/src.c.o  -o cmTC_a2090 -lm 
make[1]: Leaving directory '/home/icaro/pesquisa_ucpel/aom/build/CMakeFiles/CMakeTmp'

Source file was:
int main(void) { return 0; }
Performing C++ SOURCE FILE Test HAVE_CXX_FLAG succeeded with the following output:
Change Dir: /home/icaro/pesquisa_ucpel/aom/build/CMakeFiles/CMakeTmp

Run Build Command:"/usr/bin/make" "cmTC_74623/fast"
/usr/bin/make -f CMakeFiles/cmTC_74623.dir/build.make CMakeFiles/cmTC_74623.dir/build
make[1]: Entering directory '/home/icaro/pesquisa_ucpel/aom/build/CMakeFiles/CMakeTmp'
Building CXX object CMakeFiles/cmTC_74623.dir/src.cxx.o
/usr/bin/c++    -DHAVE_CXX_FLAG   -std=c++11 -o CMakeFiles/cmTC_74623.dir/src.cxx.o -c /home/icaro/pesquisa_ucpel/aom/build/CMakeFiles/CMakeTmp/src.cxx
Linking CXX executable cmTC_74623
/usr/bin/cmake -E cmake_link_script CMakeFiles/cmTC_74623.dir/link.txt --verbose=1
/usr/bin/c++   -DHAVE_CXX_FLAG    CMakeFiles/cmTC_74623.dir/src.cxx.o  -o cmTC_74623 -lm 
make[1]: Leaving directory '/home/icaro/pesquisa_ucpel/aom/build/CMakeFiles/CMakeTmp'

Source file was:
int main() { return 0; }
Performing C SOURCE FILE Test C_FLAG_SUPPORTED succeeded with the following output:
Change Dir: /home/icaro/pesquisa_ucpel/aom/build/CMakeFiles/CMakeTmp

Run Build Command:"/usr/bin/make" "cmTC_b431e/fast"
/usr/bin/make -f CMakeFiles/cmTC_b431e.dir/build.make CMakeFiles/cmTC_b431e.dir/build
make[1]: Entering directory '/home/icaro/pesquisa_ucpel/aom/build/CMakeFiles/CMakeTmp'
Building C object CMakeFiles/cmTC_b431e.dir/src.c.o
/usr/bin/cc   -DC_FLAG_SUPPORTED   -Wall -o CMakeFiles/cmTC_b431e.dir/src.c.o   -c /home/icaro/pesquisa_ucpel/aom/build/CMakeFiles/CMakeTmp/src.c
Linking C executable cmTC_b431e
/usr/bin/cmake -E cmake_link_script CMakeFiles/cmTC_b431e.dir/link.txt --verbose=1
/usr/bin/cc  -DC_FLAG_SUPPORTED    CMakeFiles/cmTC_b431e.dir/src.c.o  -o cmTC_b431e -lm 
make[1]: Leaving directory '/home/icaro/pesquisa_ucpel/aom/build/CMakeFiles/CMakeTmp'

Source file was:
int main(void) { return 0; }
Performing C++ SOURCE FILE Test CXX_FLAG_SUPPORTED succeeded with the following output:
Change Dir: /home/icaro/pesquisa_ucpel/aom/build/CMakeFiles/CMakeTmp

Run Build Command:"/usr/bin/make" "cmTC_efccc/fast"
/usr/bin/make -f CMakeFiles/cmTC_efccc.dir/build.make CMakeFiles/cmTC_efccc.dir/build
make[1]: Entering directory '/home/icaro/pesquisa_ucpel/aom/build/CMakeFiles/CMakeTmp'
Building CXX object CMakeFiles/cmTC_efccc.dir/src.cxx.o
/usr/bin/c++    -DCXX_FLAG_SUPPORTED   -Wall -o CMakeFiles/cmTC_efccc.dir/src.cxx.o -c /home/icaro/pesquisa_ucpel/aom/build/CMakeFiles/CMakeTmp/src.cxx
Linking CXX executable cmTC_efccc
/usr/bin/cmake -E cmake_link_script CMakeFiles/cmTC_efccc.dir/link.txt --verbose=1
/usr/bin/c++   -DCXX_FLAG_SUPPORTED    CMakeFiles/cmTC_efccc.dir/src.cxx.o  -o cmTC_efccc -lm 
make[1]: Leaving directory '/home/icaro/pesquisa_ucpel/aom/build/CMakeFiles/CMakeTmp'

Source file was:
int main() { return 0; }
Performing C SOURCE FILE Test C_FLAG_SUPPORTED succeeded with the following output:
Change Dir: /home/icaro/pesquisa_ucpel/aom/build/CMakeFiles/CMakeTmp

Run Build Command:"/usr/bin/make" "cmTC_8f4aa/fast"
/usr/bin/make -f CMakeFiles/cmTC_8f4aa.dir/build.make CMakeFiles/cmTC_8f4aa.dir/build
make[1]: Entering directory '/home/icaro/pesquisa_ucpel/aom/build/CMakeFiles/CMakeTmp'
Building C object CMakeFiles/cmTC_8f4aa.dir/src.c.o
/usr/bin/cc   -DC_FLAG_SUPPORTED   -Wdisabled-optimization -o CMakeFiles/cmTC_8f4aa.dir/src.c.o   -c /home/icaro/pesquisa_ucpel/aom/build/CMakeFiles/CMakeTmp/src.c
Linking C executable cmTC_8f4aa
/usr/bin/cmake -E cmake_link_script CMakeFiles/cmTC_8f4aa.dir/link.txt --verbose=1
/usr/bin/cc  -DC_FLAG_SUPPORTED    CMakeFiles/cmTC_8f4aa.dir/src.c.o  -o cmTC_8f4aa -lm 
make[1]: Leaving directory '/home/icaro/pesquisa_ucpel/aom/build/CMakeFiles/CMakeTmp'

Source file was:
int main(void) { return 0; }
Performing C++ SOURCE FILE Test CXX_FLAG_SUPPORTED succeeded with the following output:
Change Dir: /home/icaro/pesquisa_ucpel/aom/build/CMakeFiles/CMakeTmp

Run Build Command:"/usr/bin/make" "cmTC_24d49/fast"
/usr/bin/make -f CMakeFiles/cmTC_24d49.dir/build.make CMakeFiles/cmTC_24d49.dir/build
make[1]: Entering directory '/home/icaro/pesquisa_ucpel/aom/build/CMakeFiles/CMakeTmp'
Building CXX object CMakeFiles/cmTC_24d49.dir/src.cxx.o
/usr/bin/c++    -DCXX_FLAG_SUPPORTED   -Wdisabled-optimization -o CMakeFiles/cmTC_24d49.dir/src.cxx.o -c /home/icaro/pesquisa_ucpel/aom/build/CMakeFiles/CMakeTmp/src.cxx
Linking CXX executable cmTC_24d49
/usr/bin/cmake -E cmake_link_script CMakeFiles/cmTC_24d49.dir/link.txt --verbose=1
/usr/bin/c++   -DCXX_FLAG_SUPPORTED    CMakeFiles/cmTC_24d49.dir/src.cxx.o  -o cmTC_24d49 -lm 
make[1]: Leaving directory '/home/icaro/pesquisa_ucpel/aom/build/CMakeFiles/CMakeTmp'

Source file was:
int main() { return 0; }
Performing C SOURCE FILE Test C_FLAG_SUPPORTED succeeded with the following output:
Change Dir: /home/icaro/pesquisa_ucpel/aom/build/CMakeFiles/CMakeTmp

Run Build Command:"/usr/bin/make" "cmTC_5fff4/fast"
/usr/bin/make -f CMakeFiles/cmTC_5fff4.dir/build.make CMakeFiles/cmTC_5fff4.dir/build
make[1]: Entering directory '/home/icaro/pesquisa_ucpel/aom/build/CMakeFiles/CMakeTmp'
Building C object CMakeFiles/cmTC_5fff4.dir/src.c.o
/usr/bin/cc   -DC_FLAG_SUPPORTED   -Wextra -o CMakeFiles/cmTC_5fff4.dir/src.c.o   -c /home/icaro/pesquisa_ucpel/aom/build/CMakeFiles/CMakeTmp/src.c
Linking C executable cmTC_5fff4
/usr/bin/cmake -E cmake_link_script CMakeFiles/cmTC_5fff4.dir/link.txt --verbose=1
/usr/bin/cc  -DC_FLAG_SUPPORTED    CMakeFiles/cmTC_5fff4.dir/src.c.o  -o cmTC_5fff4 -lm 
make[1]: Leaving directory '/home/icaro/pesquisa_ucpel/aom/build/CMakeFiles/CMakeTmp'

Source file was:
int main(void) { return 0; }
Performing C++ SOURCE FILE Test CXX_FLAG_SUPPORTED succeeded with the following output:
Change Dir: /home/icaro/pesquisa_ucpel/aom/build/CMakeFiles/CMakeTmp

Run Build Command:"/usr/bin/make" "cmTC_dffa9/fast"
/usr/bin/make -f CMakeFiles/cmTC_dffa9.dir/build.make CMakeFiles/cmTC_dffa9.dir/build
make[1]: Entering directory '/home/icaro/pesquisa_ucpel/aom/build/CMakeFiles/CMakeTmp'
Building CXX object CMakeFiles/cmTC_dffa9.dir/src.cxx.o
/usr/bin/c++    -DCXX_FLAG_SUPPORTED   -Wextra -o CMakeFiles/cmTC_dffa9.dir/src.cxx.o -c /home/icaro/pesquisa_ucpel/aom/build/CMakeFiles/CMakeTmp/src.cxx
Linking CXX executable cmTC_dffa9
/usr/bin/cmake -E cmake_link_script CMakeFiles/cmTC_dffa9.dir/link.txt --verbose=1
/usr/bin/c++   -DCXX_FLAG_SUPPORTED    CMakeFiles/cmTC_dffa9.dir/src.cxx.o  -o cmTC_dffa9 -lm 
make[1]: Leaving directory '/home/icaro/pesquisa_ucpel/aom/build/CMakeFiles/CMakeTmp'

Source file was:
int main() { return 0; }
Performing C SOURCE FILE Test C_FLAG_SUPPORTED succeeded with the following output:
Change Dir: /home/icaro/pesquisa_ucpel/aom/build/CMakeFiles/CMakeTmp

Run Build Command:"/usr/bin/make" "cmTC_c7126/fast"
/usr/bin/make -f CMakeFiles/cmTC_c7126.dir/build.make CMakeFiles/cmTC_c7126.dir/build
make[1]: Entering directory '/home/icaro/pesquisa_ucpel/aom/build/CMakeFiles/CMakeTmp'
Building C object CMakeFiles/cmTC_c7126.dir/src.c.o
/usr/bin/cc   -DC_FLAG_SUPPORTED   -Wfloat-conversion -o CMakeFiles/cmTC_c7126.dir/src.c.o   -c /home/icaro/pesquisa_ucpel/aom/build/CMakeFiles/CMakeTmp/src.c
Linking C executable cmTC_c7126
/usr/bin/cmake -E cmake_link_script CMakeFiles/cmTC_c7126.dir/link.txt --verbose=1
/usr/bin/cc  -DC_FLAG_SUPPORTED    CMakeFiles/cmTC_c7126.dir/src.c.o  -o cmTC_c7126 -lm 
make[1]: Leaving directory '/home/icaro/pesquisa_ucpel/aom/build/CMakeFiles/CMakeTmp'

Source file was:
int main(void) { return 0; }
Performing C++ SOURCE FILE Test CXX_FLAG_SUPPORTED succeeded with the following output:
Change Dir: /home/icaro/pesquisa_ucpel/aom/build/CMakeFiles/CMakeTmp

Run Build Command:"/usr/bin/make" "cmTC_8bfe5/fast"
/usr/bin/make -f CMakeFiles/cmTC_8bfe5.dir/build.make CMakeFiles/cmTC_8bfe5.dir/build
make[1]: Entering directory '/home/icaro/pesquisa_ucpel/aom/build/CMakeFiles/CMakeTmp'
Building CXX object CMakeFiles/cmTC_8bfe5.dir/src.cxx.o
/usr/bin/c++    -DCXX_FLAG_SUPPORTED   -Wfloat-conversion -o CMakeFiles/cmTC_8bfe5.dir/src.cxx.o -c /home/icaro/pesquisa_ucpel/aom/build/CMakeFiles/CMakeTmp/src.cxx
Linking CXX executable cmTC_8bfe5
/usr/bin/cmake -E cmake_link_script CMakeFiles/cmTC_8bfe5.dir/link.txt --verbose=1
/usr/bin/c++   -DCXX_FLAG_SUPPORTED    CMakeFiles/cmTC_8bfe5.dir/src.cxx.o  -o cmTC_8bfe5 -lm 
make[1]: Leaving directory '/home/icaro/pesquisa_ucpel/aom/build/CMakeFiles/CMakeTmp'

Source file was:
int main() { return 0; }
Performing C SOURCE FILE Test C_FLAG_SUPPORTED succeeded with the following output:
Change Dir: /home/icaro/pesquisa_ucpel/aom/build/CMakeFiles/CMakeTmp

Run Build Command:"/usr/bin/make" "cmTC_78b17/fast"
/usr/bin/make -f CMakeFiles/cmTC_78b17.dir/build.make CMakeFiles/cmTC_78b17.dir/build
make[1]: Entering directory '/home/icaro/pesquisa_ucpel/aom/build/CMakeFiles/CMakeTmp'
Building C object CMakeFiles/cmTC_78b17.dir/src.c.o
/usr/bin/cc   -DC_FLAG_SUPPORTED   -Wimplicit-function-declaration -o CMakeFiles/cmTC_78b17.dir/src.c.o   -c /home/icaro/pesquisa_ucpel/aom/build/CMakeFiles/CMakeTmp/src.c
Linking C executable cmTC_78b17
/usr/bin/cmake -E cmake_link_script CMakeFiles/cmTC_78b17.dir/link.txt --verbose=1
/usr/bin/cc  -DC_FLAG_SUPPORTED    CMakeFiles/cmTC_78b17.dir/src.c.o  -o cmTC_78b17 -lm 
make[1]: Leaving directory '/home/icaro/pesquisa_ucpel/aom/build/CMakeFiles/CMakeTmp'

Source file was:
int main(void) { return 0; }
Performing C SOURCE FILE Test C_FLAG_SUPPORTED succeeded with the following output:
Change Dir: /home/icaro/pesquisa_ucpel/aom/build/CMakeFiles/CMakeTmp

Run Build Command:"/usr/bin/make" "cmTC_6d581/fast"
/usr/bin/make -f CMakeFiles/cmTC_6d581.dir/build.make CMakeFiles/cmTC_6d581.dir/build
make[1]: Entering directory '/home/icaro/pesquisa_ucpel/aom/build/CMakeFiles/CMakeTmp'
Building C object CMakeFiles/cmTC_6d581.dir/src.c.o
/usr/bin/cc   -DC_FLAG_SUPPORTED   -Wlogical-op -o CMakeFiles/cmTC_6d581.dir/src.c.o   -c /home/icaro/pesquisa_ucpel/aom/build/CMakeFiles/CMakeTmp/src.c
Linking C executable cmTC_6d581
/usr/bin/cmake -E cmake_link_script CMakeFiles/cmTC_6d581.dir/link.txt --verbose=1
/usr/bin/cc  -DC_FLAG_SUPPORTED    CMakeFiles/cmTC_6d581.dir/src.c.o  -o cmTC_6d581 -lm 
make[1]: Leaving directory '/home/icaro/pesquisa_ucpel/aom/build/CMakeFiles/CMakeTmp'

Source file was:
int main(void) { return 0; }
Performing C++ SOURCE FILE Test CXX_FLAG_SUPPORTED succeeded with the following output:
Change Dir: /home/icaro/pesquisa_ucpel/aom/build/CMakeFiles/CMakeTmp

Run Build Command:"/usr/bin/make" "cmTC_994af/fast"
/usr/bin/make -f CMakeFiles/cmTC_994af.dir/build.make CMakeFiles/cmTC_994af.dir/build
make[1]: Entering directory '/home/icaro/pesquisa_ucpel/aom/build/CMakeFiles/CMakeTmp'
Building CXX object CMakeFiles/cmTC_994af.dir/src.cxx.o
/usr/bin/c++    -DCXX_FLAG_SUPPORTED   -Wlogical-op -o CMakeFiles/cmTC_994af.dir/src.cxx.o -c /home/icaro/pesquisa_ucpel/aom/build/CMakeFiles/CMakeTmp/src.cxx
Linking CXX executable cmTC_994af
/usr/bin/cmake -E cmake_link_script CMakeFiles/cmTC_994af.dir/link.txt --verbose=1
/usr/bin/c++   -DCXX_FLAG_SUPPORTED    CMakeFiles/cmTC_994af.dir/src.cxx.o  -o cmTC_994af -lm 
make[1]: Leaving directory '/home/icaro/pesquisa_ucpel/aom/build/CMakeFiles/CMakeTmp'

Source file was:
int main() { return 0; }
Performing C SOURCE FILE Test C_FLAG_SUPPORTED succeeded with the following output:
Change Dir: /home/icaro/pesquisa_ucpel/aom/build/CMakeFiles/CMakeTmp

Run Build Command:"/usr/bin/make" "cmTC_109c3/fast"
/usr/bin/make -f CMakeFiles/cmTC_109c3.dir/build.make CMakeFiles/cmTC_109c3.dir/build
make[1]: Entering directory '/home/icaro/pesquisa_ucpel/aom/build/CMakeFiles/CMakeTmp'
Building C object CMakeFiles/cmTC_109c3.dir/src.c.o
/usr/bin/cc   -DC_FLAG_SUPPORTED   -Wpointer-arith -o CMakeFiles/cmTC_109c3.dir/src.c.o   -c /home/icaro/pesquisa_ucpel/aom/build/CMakeFiles/CMakeTmp/src.c
Linking C executable cmTC_109c3
/usr/bin/cmake -E cmake_link_script CMakeFiles/cmTC_109c3.dir/link.txt --verbose=1
/usr/bin/cc  -DC_FLAG_SUPPORTED    CMakeFiles/cmTC_109c3.dir/src.c.o  -o cmTC_109c3 -lm 
make[1]: Leaving directory '/home/icaro/pesquisa_ucpel/aom/build/CMakeFiles/CMakeTmp'

Source file was:
int main(void) { return 0; }
Performing C++ SOURCE FILE Test CXX_FLAG_SUPPORTED succeeded with the following output:
Change Dir: /home/icaro/pesquisa_ucpel/aom/build/CMakeFiles/CMakeTmp

Run Build Command:"/usr/bin/make" "cmTC_e0b9d/fast"
/usr/bin/make -f CMakeFiles/cmTC_e0b9d.dir/build.make CMakeFiles/cmTC_e0b9d.dir/build
make[1]: Entering directory '/home/icaro/pesquisa_ucpel/aom/build/CMakeFiles/CMakeTmp'
Building CXX object CMakeFiles/cmTC_e0b9d.dir/src.cxx.o
/usr/bin/c++    -DCXX_FLAG_SUPPORTED   -Wpointer-arith -o CMakeFiles/cmTC_e0b9d.dir/src.cxx.o -c /home/icaro/pesquisa_ucpel/aom/build/CMakeFiles/CMakeTmp/src.cxx
Linking CXX executable cmTC_e0b9d
/usr/bin/cmake -E cmake_link_script CMakeFiles/cmTC_e0b9d.dir/link.txt --verbose=1
/usr/bin/c++   -DCXX_FLAG_SUPPORTED    CMakeFiles/cmTC_e0b9d.dir/src.cxx.o  -o cmTC_e0b9d -lm 
make[1]: Leaving directory '/home/icaro/pesquisa_ucpel/aom/build/CMakeFiles/CMakeTmp'

Source file was:
int main() { return 0; }
Performing C SOURCE FILE Test C_FLAG_SUPPORTED succeeded with the following output:
Change Dir: /home/icaro/pesquisa_ucpel/aom/build/CMakeFiles/CMakeTmp

Run Build Command:"/usr/bin/make" "cmTC_07529/fast"
/usr/bin/make -f CMakeFiles/cmTC_07529.dir/build.make CMakeFiles/cmTC_07529.dir/build
make[1]: Entering directory '/home/icaro/pesquisa_ucpel/aom/build/CMakeFiles/CMakeTmp'
Building C object CMakeFiles/cmTC_07529.dir/src.c.o
/usr/bin/cc   -DC_FLAG_SUPPORTED   -Wsign-compare -o CMakeFiles/cmTC_07529.dir/src.c.o   -c /home/icaro/pesquisa_ucpel/aom/build/CMakeFiles/CMakeTmp/src.c
Linking C executable cmTC_07529
/usr/bin/cmake -E cmake_link_script CMakeFiles/cmTC_07529.dir/link.txt --verbose=1
/usr/bin/cc  -DC_FLAG_SUPPORTED    CMakeFiles/cmTC_07529.dir/src.c.o  -o cmTC_07529 -lm 
make[1]: Leaving directory '/home/icaro/pesquisa_ucpel/aom/build/CMakeFiles/CMakeTmp'

Source file was:
int main(void) { return 0; }
Performing C++ SOURCE FILE Test CXX_FLAG_SUPPORTED succeeded with the following output:
Change Dir: /home/icaro/pesquisa_ucpel/aom/build/CMakeFiles/CMakeTmp

Run Build Command:"/usr/bin/make" "cmTC_7024a/fast"
/usr/bin/make -f CMakeFiles/cmTC_7024a.dir/build.make CMakeFiles/cmTC_7024a.dir/build
make[1]: Entering directory '/home/icaro/pesquisa_ucpel/aom/build/CMakeFiles/CMakeTmp'
Building CXX object CMakeFiles/cmTC_7024a.dir/src.cxx.o
/usr/bin/c++    -DCXX_FLAG_SUPPORTED   -Wsign-compare -o CMakeFiles/cmTC_7024a.dir/src.cxx.o -c /home/icaro/pesquisa_ucpel/aom/build/CMakeFiles/CMakeTmp/src.cxx
Linking CXX executable cmTC_7024a
/usr/bin/cmake -E cmake_link_script CMakeFiles/cmTC_7024a.dir/link.txt --verbose=1
/usr/bin/c++   -DCXX_FLAG_SUPPORTED    CMakeFiles/cmTC_7024a.dir/src.cxx.o  -o cmTC_7024a -lm 
make[1]: Leaving directory '/home/icaro/pesquisa_ucpel/aom/build/CMakeFiles/CMakeTmp'

Source file was:
int main() { return 0; }
Performing C SOURCE FILE Test C_FLAG_SUPPORTED succeeded with the following output:
Change Dir: /home/icaro/pesquisa_ucpel/aom/build/CMakeFiles/CMakeTmp

Run Build Command:"/usr/bin/make" "cmTC_c1515/fast"
/usr/bin/make -f CMakeFiles/cmTC_c1515.dir/build.make CMakeFiles/cmTC_c1515.dir/build
make[1]: Entering directory '/home/icaro/pesquisa_ucpel/aom/build/CMakeFiles/CMakeTmp'
Building C object CMakeFiles/cmTC_c1515.dir/src.c.o
/usr/bin/cc   -DC_FLAG_SUPPORTED   -Wtype-limits -o CMakeFiles/cmTC_c1515.dir/src.c.o   -c /home/icaro/pesquisa_ucpel/aom/build/CMakeFiles/CMakeTmp/src.c
Linking C executable cmTC_c1515
/usr/bin/cmake -E cmake_link_script CMakeFiles/cmTC_c1515.dir/link.txt --verbose=1
/usr/bin/cc  -DC_FLAG_SUPPORTED    CMakeFiles/cmTC_c1515.dir/src.c.o  -o cmTC_c1515 -lm 
make[1]: Leaving directory '/home/icaro/pesquisa_ucpel/aom/build/CMakeFiles/CMakeTmp'

Source file was:
int main(void) { return 0; }
Performing C++ SOURCE FILE Test CXX_FLAG_SUPPORTED succeeded with the following output:
Change Dir: /home/icaro/pesquisa_ucpel/aom/build/CMakeFiles/CMakeTmp

Run Build Command:"/usr/bin/make" "cmTC_c7e88/fast"
/usr/bin/make -f CMakeFiles/cmTC_c7e88.dir/build.make CMakeFiles/cmTC_c7e88.dir/build
make[1]: Entering directory '/home/icaro/pesquisa_ucpel/aom/build/CMakeFiles/CMakeTmp'
Building CXX object CMakeFiles/cmTC_c7e88.dir/src.cxx.o
/usr/bin/c++    -DCXX_FLAG_SUPPORTED   -Wtype-limits -o CMakeFiles/cmTC_c7e88.dir/src.cxx.o -c /home/icaro/pesquisa_ucpel/aom/build/CMakeFiles/CMakeTmp/src.cxx
Linking CXX executable cmTC_c7e88
/usr/bin/cmake -E cmake_link_script CMakeFiles/cmTC_c7e88.dir/link.txt --verbose=1
/usr/bin/c++   -DCXX_FLAG_SUPPORTED    CMakeFiles/cmTC_c7e88.dir/src.cxx.o  -o cmTC_c7e88 -lm 
make[1]: Leaving directory '/home/icaro/pesquisa_ucpel/aom/build/CMakeFiles/CMakeTmp'

Source file was:
int main() { return 0; }
Performing C SOURCE FILE Test C_FLAG_SUPPORTED succeeded with the following output:
Change Dir: /home/icaro/pesquisa_ucpel/aom/build/CMakeFiles/CMakeTmp

Run Build Command:"/usr/bin/make" "cmTC_7dac2/fast"
/usr/bin/make -f CMakeFiles/cmTC_7dac2.dir/build.make CMakeFiles/cmTC_7dac2.dir/build
make[1]: Entering directory '/home/icaro/pesquisa_ucpel/aom/build/CMakeFiles/CMakeTmp'
Building C object CMakeFiles/cmTC_7dac2.dir/src.c.o
/usr/bin/cc   -DC_FLAG_SUPPORTED   -Wuninitialized -o CMakeFiles/cmTC_7dac2.dir/src.c.o   -c /home/icaro/pesquisa_ucpel/aom/build/CMakeFiles/CMakeTmp/src.c
Linking C executable cmTC_7dac2
/usr/bin/cmake -E cmake_link_script CMakeFiles/cmTC_7dac2.dir/link.txt --verbose=1
/usr/bin/cc  -DC_FLAG_SUPPORTED    CMakeFiles/cmTC_7dac2.dir/src.c.o  -o cmTC_7dac2 -lm 
make[1]: Leaving directory '/home/icaro/pesquisa_ucpel/aom/build/CMakeFiles/CMakeTmp'

Source file was:
int main(void) { return 0; }
Performing C++ SOURCE FILE Test CXX_FLAG_SUPPORTED succeeded with the following output:
Change Dir: /home/icaro/pesquisa_ucpel/aom/build/CMakeFiles/CMakeTmp

Run Build Command:"/usr/bin/make" "cmTC_5e757/fast"
/usr/bin/make -f CMakeFiles/cmTC_5e757.dir/build.make CMakeFiles/cmTC_5e757.dir/build
make[1]: Entering directory '/home/icaro/pesquisa_ucpel/aom/build/CMakeFiles/CMakeTmp'
Building CXX object CMakeFiles/cmTC_5e757.dir/src.cxx.o
/usr/bin/c++    -DCXX_FLAG_SUPPORTED   -Wuninitialized -o CMakeFiles/cmTC_5e757.dir/src.cxx.o -c /home/icaro/pesquisa_ucpel/aom/build/CMakeFiles/CMakeTmp/src.cxx
Linking CXX executable cmTC_5e757
/usr/bin/cmake -E cmake_link_script CMakeFiles/cmTC_5e757.dir/link.txt --verbose=1
/usr/bin/c++   -DCXX_FLAG_SUPPORTED    CMakeFiles/cmTC_5e757.dir/src.cxx.o  -o cmTC_5e757 -lm 
make[1]: Leaving directory '/home/icaro/pesquisa_ucpel/aom/build/CMakeFiles/CMakeTmp'

Source file was:
int main() { return 0; }
Performing C SOURCE FILE Test C_FLAG_SUPPORTED succeeded with the following output:
Change Dir: /home/icaro/pesquisa_ucpel/aom/build/CMakeFiles/CMakeTmp

Run Build Command:"/usr/bin/make" "cmTC_10928/fast"
/usr/bin/make -f CMakeFiles/cmTC_10928.dir/build.make CMakeFiles/cmTC_10928.dir/build
make[1]: Entering directory '/home/icaro/pesquisa_ucpel/aom/build/CMakeFiles/CMakeTmp'
Building C object CMakeFiles/cmTC_10928.dir/src.c.o
/usr/bin/cc   -DC_FLAG_SUPPORTED   -Wunused -o CMakeFiles/cmTC_10928.dir/src.c.o   -c /home/icaro/pesquisa_ucpel/aom/build/CMakeFiles/CMakeTmp/src.c
Linking C executable cmTC_10928
/usr/bin/cmake -E cmake_link_script CMakeFiles/cmTC_10928.dir/link.txt --verbose=1
/usr/bin/cc  -DC_FLAG_SUPPORTED    CMakeFiles/cmTC_10928.dir/src.c.o  -o cmTC_10928 -lm 
make[1]: Leaving directory '/home/icaro/pesquisa_ucpel/aom/build/CMakeFiles/CMakeTmp'

Source file was:
int main(void) { return 0; }
Performing C++ SOURCE FILE Test CXX_FLAG_SUPPORTED succeeded with the following output:
Change Dir: /home/icaro/pesquisa_ucpel/aom/build/CMakeFiles/CMakeTmp

Run Build Command:"/usr/bin/make" "cmTC_15df3/fast"
/usr/bin/make -f CMakeFiles/cmTC_15df3.dir/build.make CMakeFiles/cmTC_15df3.dir/build
make[1]: Entering directory '/home/icaro/pesquisa_ucpel/aom/build/CMakeFiles/CMakeTmp'
Building CXX object CMakeFiles/cmTC_15df3.dir/src.cxx.o
/usr/bin/c++    -DCXX_FLAG_SUPPORTED   -Wunused -o CMakeFiles/cmTC_15df3.dir/src.cxx.o -c /home/icaro/pesquisa_ucpel/aom/build/CMakeFiles/CMakeTmp/src.cxx
Linking CXX executable cmTC_15df3
/usr/bin/cmake -E cmake_link_script CMakeFiles/cmTC_15df3.dir/link.txt --verbose=1
/usr/bin/c++   -DCXX_FLAG_SUPPORTED    CMakeFiles/cmTC_15df3.dir/src.cxx.o  -o cmTC_15df3 -lm 
make[1]: Leaving directory '/home/icaro/pesquisa_ucpel/aom/build/CMakeFiles/CMakeTmp'

Source file was:
int main() { return 0; }
Performing C SOURCE FILE Test C_FLAG_SUPPORTED succeeded with the following output:
Change Dir: /home/icaro/pesquisa_ucpel/aom/build/CMakeFiles/CMakeTmp

Run Build Command:"/usr/bin/make" "cmTC_48457/fast"
/usr/bin/make -f CMakeFiles/cmTC_48457.dir/build.make CMakeFiles/cmTC_48457.dir/build
make[1]: Entering directory '/home/icaro/pesquisa_ucpel/aom/build/CMakeFiles/CMakeTmp'
Building C object CMakeFiles/cmTC_48457.dir/src.c.o
/usr/bin/cc   -DC_FLAG_SUPPORTED   -Wvla -o CMakeFiles/cmTC_48457.dir/src.c.o   -c /home/icaro/pesquisa_ucpel/aom/build/CMakeFiles/CMakeTmp/src.c
Linking C executable cmTC_48457
/usr/bin/cmake -E cmake_link_script CMakeFiles/cmTC_48457.dir/link.txt --verbose=1
/usr/bin/cc  -DC_FLAG_SUPPORTED    CMakeFiles/cmTC_48457.dir/src.c.o  -o cmTC_48457 -lm 
make[1]: Leaving directory '/home/icaro/pesquisa_ucpel/aom/build/CMakeFiles/CMakeTmp'

Source file was:
int main(void) { return 0; }
Performing C++ SOURCE FILE Test CXX_FLAG_SUPPORTED succeeded with the following output:
Change Dir: /home/icaro/pesquisa_ucpel/aom/build/CMakeFiles/CMakeTmp

Run Build Command:"/usr/bin/make" "cmTC_54409/fast"
/usr/bin/make -f CMakeFiles/cmTC_54409.dir/build.make CMakeFiles/cmTC_54409.dir/build
make[1]: Entering directory '/home/icaro/pesquisa_ucpel/aom/build/CMakeFiles/CMakeTmp'
Building CXX object CMakeFiles/cmTC_54409.dir/src.cxx.o
/usr/bin/c++    -DCXX_FLAG_SUPPORTED   -Wvla -o CMakeFiles/cmTC_54409.dir/src.cxx.o -c /home/icaro/pesquisa_ucpel/aom/build/CMakeFiles/CMakeTmp/src.cxx
Linking CXX executable cmTC_54409
/usr/bin/cmake -E cmake_link_script CMakeFiles/cmTC_54409.dir/link.txt --verbose=1
/usr/bin/c++   -DCXX_FLAG_SUPPORTED    CMakeFiles/cmTC_54409.dir/src.cxx.o  -o cmTC_54409 -lm 
make[1]: Leaving directory '/home/icaro/pesquisa_ucpel/aom/build/CMakeFiles/CMakeTmp'

Source file was:
int main() { return 0; }
Performing C SOURCE FILE Test C_FLAG_SUPPORTED succeeded with the following output:
Change Dir: /home/icaro/pesquisa_ucpel/aom/build/CMakeFiles/CMakeTmp

Run Build Command:"/usr/bin/make" "cmTC_50d08/fast"
/usr/bin/make -f CMakeFiles/cmTC_50d08.dir/build.make CMakeFiles/cmTC_50d08.dir/build
make[1]: Entering directory '/home/icaro/pesquisa_ucpel/aom/build/CMakeFiles/CMakeTmp'
Building C object CMakeFiles/cmTC_50d08.dir/src.c.o
/usr/bin/cc   -DC_FLAG_SUPPORTED   -Wstack-usage=100000 -o CMakeFiles/cmTC_50d08.dir/src.c.o   -c /home/icaro/pesquisa_ucpel/aom/build/CMakeFiles/CMakeTmp/src.c
Linking C executable cmTC_50d08
/usr/bin/cmake -E cmake_link_script CMakeFiles/cmTC_50d08.dir/link.txt --verbose=1
/usr/bin/cc  -DC_FLAG_SUPPORTED    CMakeFiles/cmTC_50d08.dir/src.c.o  -o cmTC_50d08 -lm 
make[1]: Leaving directory '/home/icaro/pesquisa_ucpel/aom/build/CMakeFiles/CMakeTmp'

Source file was:
int main(void) { return 0; }
Performing C++ SOURCE FILE Test CXX_FLAG_SUPPORTED succeeded with the following output:
Change Dir: /home/icaro/pesquisa_ucpel/aom/build/CMakeFiles/CMakeTmp

Run Build Command:"/usr/bin/make" "cmTC_770a1/fast"
/usr/bin/make -f CMakeFiles/cmTC_770a1.dir/build.make CMakeFiles/cmTC_770a1.dir/build
make[1]: Entering directory '/home/icaro/pesquisa_ucpel/aom/build/CMakeFiles/CMakeTmp'
Building CXX object CMakeFiles/cmTC_770a1.dir/src.cxx.o
/usr/bin/c++    -DCXX_FLAG_SUPPORTED   -Wstack-usage=240000 -o CMakeFiles/cmTC_770a1.dir/src.cxx.o -c /home/icaro/pesquisa_ucpel/aom/build/CMakeFiles/CMakeTmp/src.cxx
Linking CXX executable cmTC_770a1
/usr/bin/cmake -E cmake_link_script CMakeFiles/cmTC_770a1.dir/link.txt --verbose=1
/usr/bin/c++   -DCXX_FLAG_SUPPORTED    CMakeFiles/cmTC_770a1.dir/src.cxx.o  -o cmTC_770a1 -lm 
make[1]: Leaving directory '/home/icaro/pesquisa_ucpel/aom/build/CMakeFiles/CMakeTmp'

Source file was:
int main() { return 0; }
Performing C SOURCE FILE Test C_FLAG_SUPPORTED succeeded with the following output:
Change Dir: /home/icaro/pesquisa_ucpel/aom/build/CMakeFiles/CMakeTmp

Run Build Command:"/usr/bin/make" "cmTC_7c445/fast"
/usr/bin/make -f CMakeFiles/cmTC_7c445.dir/build.make CMakeFiles/cmTC_7c445.dir/build
make[1]: Entering directory '/home/icaro/pesquisa_ucpel/aom/build/CMakeFiles/CMakeTmp'
Building C object CMakeFiles/cmTC_7c445.dir/src.c.o
/usr/bin/cc   -DC_FLAG_SUPPORTED   -Wshadow -o CMakeFiles/cmTC_7c445.dir/src.c.o   -c /home/icaro/pesquisa_ucpel/aom/build/CMakeFiles/CMakeTmp/src.c
Linking C executable cmTC_7c445
/usr/bin/cmake -E cmake_link_script CMakeFiles/cmTC_7c445.dir/link.txt --verbose=1
/usr/bin/cc  -DC_FLAG_SUPPORTED    CMakeFiles/cmTC_7c445.dir/src.c.o  -o cmTC_7c445 -lm 
make[1]: Leaving directory '/home/icaro/pesquisa_ucpel/aom/build/CMakeFiles/CMakeTmp'

Source file was:
int main(void) { return 0; }
Performing C SOURCE FILE Test C_FLAG_SUPPORTED succeeded with the following output:
Change Dir: /home/icaro/pesquisa_ucpel/aom/build/CMakeFiles/CMakeTmp

Run Build Command:"/usr/bin/make" "cmTC_90f0f/fast"
/usr/bin/make -f CMakeFiles/cmTC_90f0f.dir/build.make CMakeFiles/cmTC_90f0f.dir/build
make[1]: Entering directory '/home/icaro/pesquisa_ucpel/aom/build/CMakeFiles/CMakeTmp'
Building C object CMakeFiles/cmTC_90f0f.dir/src.c.o
/usr/bin/cc   -DC_FLAG_SUPPORTED   -Wundef -o CMakeFiles/cmTC_90f0f.dir/src.c.o   -c /home/icaro/pesquisa_ucpel/aom/build/CMakeFiles/CMakeTmp/src.c
Linking C executable cmTC_90f0f
/usr/bin/cmake -E cmake_link_script CMakeFiles/cmTC_90f0f.dir/link.txt --verbose=1
/usr/bin/cc  -DC_FLAG_SUPPORTED    CMakeFiles/cmTC_90f0f.dir/src.c.o  -o cmTC_90f0f -lm 
make[1]: Leaving directory '/home/icaro/pesquisa_ucpel/aom/build/CMakeFiles/CMakeTmp'

Source file was:
int main(void) { return 0; }
Performing C SOURCE FILE Test C_FLAG_SUPPORTED succeeded with the following output:
Change Dir: /home/icaro/pesquisa_ucpel/aom/build/CMakeFiles/CMakeTmp

Run Build Command:"/usr/bin/make" "cmTC_bb03d/fast"
/usr/bin/make -f CMakeFiles/cmTC_bb03d.dir/build.make CMakeFiles/cmTC_bb03d.dir/build
make[1]: Entering directory '/home/icaro/pesquisa_ucpel/aom/build/CMakeFiles/CMakeTmp'
Building C object CMakeFiles/cmTC_bb03d.dir/src.c.o
/usr/bin/cc -D_FORTIFY_SOURCE=0  -DC_FLAG_SUPPORTED   -U_FORTIFY_SOURCE -o CMakeFiles/cmTC_bb03d.dir/src.c.o   -c /home/icaro/pesquisa_ucpel/aom/build/CMakeFiles/CMakeTmp/src.c
Linking C executable cmTC_bb03d
/usr/bin/cmake -E cmake_link_script CMakeFiles/cmTC_bb03d.dir/link.txt --verbose=1
/usr/bin/cc  -DC_FLAG_SUPPORTED    CMakeFiles/cmTC_bb03d.dir/src.c.o  -o cmTC_bb03d -lm 
make[1]: Leaving directory '/home/icaro/pesquisa_ucpel/aom/build/CMakeFiles/CMakeTmp'

Source file was:
int main(void) { return 0; }
Performing C++ SOURCE FILE Test CXX_FLAG_SUPPORTED succeeded with the following output:
Change Dir: /home/icaro/pesquisa_ucpel/aom/build/CMakeFiles/CMakeTmp

Run Build Command:"/usr/bin/make" "cmTC_504ed/fast"
/usr/bin/make -f CMakeFiles/cmTC_504ed.dir/build.make CMakeFiles/cmTC_504ed.dir/build
make[1]: Entering directory '/home/icaro/pesquisa_ucpel/aom/build/CMakeFiles/CMakeTmp'
Building CXX object CMakeFiles/cmTC_504ed.dir/src.cxx.o
/usr/bin/c++  -D_FORTIFY_SOURCE=0  -DCXX_FLAG_SUPPORTED   -U_FORTIFY_SOURCE -o CMakeFiles/cmTC_504ed.dir/src.cxx.o -c /home/icaro/pesquisa_ucpel/aom/build/CMakeFiles/CMakeTmp/src.cxx
Linking CXX executable cmTC_504ed
/usr/bin/cmake -E cmake_link_script CMakeFiles/cmTC_504ed.dir/link.txt --verbose=1
/usr/bin/c++   -DCXX_FLAG_SUPPORTED    CMakeFiles/cmTC_504ed.dir/src.cxx.o  -o cmTC_504ed -lm 
make[1]: Leaving directory '/home/icaro/pesquisa_ucpel/aom/build/CMakeFiles/CMakeTmp'

Source file was:
int main() { return 0; }
Performing C SOURCE FILE Test C_FLAG_SUPPORTED succeeded with the following output:
Change Dir: /home/icaro/pesquisa_ucpel/aom/build/CMakeFiles/CMakeTmp

Run Build Command:"/usr/bin/make" "cmTC_1605a/fast"
/usr/bin/make -f CMakeFiles/cmTC_1605a.dir/build.make CMakeFiles/cmTC_1605a.dir/build
make[1]: Entering directory '/home/icaro/pesquisa_ucpel/aom/build/CMakeFiles/CMakeTmp'
Building C object CMakeFiles/cmTC_1605a.dir/src.c.o
/usr/bin/cc -D_LARGEFILE_SOURCE  -DC_FLAG_SUPPORTED   -o CMakeFiles/cmTC_1605a.dir/src.c.o   -c /home/icaro/pesquisa_ucpel/aom/build/CMakeFiles/CMakeTmp/src.c
Linking C executable cmTC_1605a
/usr/bin/cmake -E cmake_link_script CMakeFiles/cmTC_1605a.dir/link.txt --verbose=1
/usr/bin/cc  -DC_FLAG_SUPPORTED    CMakeFiles/cmTC_1605a.dir/src.c.o  -o cmTC_1605a -lm 
make[1]: Leaving directory '/home/icaro/pesquisa_ucpel/aom/build/CMakeFiles/CMakeTmp'

Source file was:
int main(void) { return 0; }
Performing C++ SOURCE FILE Test CXX_FLAG_SUPPORTED succeeded with the following output:
Change Dir: /home/icaro/pesquisa_ucpel/aom/build/CMakeFiles/CMakeTmp

Run Build Command:"/usr/bin/make" "cmTC_dd429/fast"
/usr/bin/make -f CMakeFiles/cmTC_dd429.dir/build.make CMakeFiles/cmTC_dd429.dir/build
make[1]: Entering directory '/home/icaro/pesquisa_ucpel/aom/build/CMakeFiles/CMakeTmp'
Building CXX object CMakeFiles/cmTC_dd429.dir/src.cxx.o
/usr/bin/c++  -D_LARGEFILE_SOURCE  -DCXX_FLAG_SUPPORTED   -o CMakeFiles/cmTC_dd429.dir/src.cxx.o -c /home/icaro/pesquisa_ucpel/aom/build/CMakeFiles/CMakeTmp/src.cxx
Linking CXX executable cmTC_dd429
/usr/bin/cmake -E cmake_link_script CMakeFiles/cmTC_dd429.dir/link.txt --verbose=1
/usr/bin/c++   -DCXX_FLAG_SUPPORTED    CMakeFiles/cmTC_dd429.dir/src.cxx.o  -o cmTC_dd429 -lm 
make[1]: Leaving directory '/home/icaro/pesquisa_ucpel/aom/build/CMakeFiles/CMakeTmp'

Source file was:
int main() { return 0; }
Performing C SOURCE FILE Test C_FLAG_SUPPORTED succeeded with the following output:
Change Dir: /home/icaro/pesquisa_ucpel/aom/build/CMakeFiles/CMakeTmp

Run Build Command:"/usr/bin/make" "cmTC_0aa24/fast"
/usr/bin/make -f CMakeFiles/cmTC_0aa24.dir/build.make CMakeFiles/cmTC_0aa24.dir/build
make[1]: Entering directory '/home/icaro/pesquisa_ucpel/aom/build/CMakeFiles/CMakeTmp'
Building C object CMakeFiles/cmTC_0aa24.dir/src.c.o
/usr/bin/cc -D_FILE_OFFSET_BITS=64  -DC_FLAG_SUPPORTED   -o CMakeFiles/cmTC_0aa24.dir/src.c.o   -c /home/icaro/pesquisa_ucpel/aom/build/CMakeFiles/CMakeTmp/src.c
Linking C executable cmTC_0aa24
/usr/bin/cmake -E cmake_link_script CMakeFiles/cmTC_0aa24.dir/link.txt --verbose=1
/usr/bin/cc  -DC_FLAG_SUPPORTED    CMakeFiles/cmTC_0aa24.dir/src.c.o  -o cmTC_0aa24 -lm 
make[1]: Leaving directory '/home/icaro/pesquisa_ucpel/aom/build/CMakeFiles/CMakeTmp'

Source file was:
int main(void) { return 0; }
Performing C++ SOURCE FILE Test CXX_FLAG_SUPPORTED succeeded with the following output:
Change Dir: /home/icaro/pesquisa_ucpel/aom/build/CMakeFiles/CMakeTmp

Run Build Command:"/usr/bin/make" "cmTC_86dd0/fast"
/usr/bin/make -f CMakeFiles/cmTC_86dd0.dir/build.make CMakeFiles/cmTC_86dd0.dir/build
make[1]: Entering directory '/home/icaro/pesquisa_ucpel/aom/build/CMakeFiles/CMakeTmp'
Building CXX object CMakeFiles/cmTC_86dd0.dir/src.cxx.o
/usr/bin/c++  -D_FILE_OFFSET_BITS=64  -DCXX_FLAG_SUPPORTED   -o CMakeFiles/cmTC_86dd0.dir/src.cxx.o -c /home/icaro/pesquisa_ucpel/aom/build/CMakeFiles/CMakeTmp/src.cxx
Linking CXX executable cmTC_86dd0
/usr/bin/cmake -E cmake_link_script CMakeFiles/cmTC_86dd0.dir/link.txt --verbose=1
/usr/bin/c++   -DCXX_FLAG_SUPPORTED    CMakeFiles/cmTC_86dd0.dir/src.cxx.o  -o cmTC_86dd0 -lm 
make[1]: Leaving directory '/home/icaro/pesquisa_ucpel/aom/build/CMakeFiles/CMakeTmp'

Source file was:
int main() { return 0; }
Performing C SOURCE FILE Test HAVE_C_FLAG succeeded with the following output:
Change Dir: /home/icaro/pesquisa_ucpel/aom/build/CMakeFiles/CMakeTmp

Run Build Command:"/usr/bin/make" "cmTC_eeee8/fast"
/usr/bin/make -f CMakeFiles/cmTC_eeee8.dir/build.make CMakeFiles/cmTC_eeee8.dir/build
make[1]: Entering directory '/home/icaro/pesquisa_ucpel/aom/build/CMakeFiles/CMakeTmp'
Building C object CMakeFiles/cmTC_eeee8.dir/src.c.o
/usr/bin/cc   -DHAVE_C_FLAG   -msse2 -o CMakeFiles/cmTC_eeee8.dir/src.c.o   -c /home/icaro/pesquisa_ucpel/aom/build/CMakeFiles/CMakeTmp/src.c
Linking C executable cmTC_eeee8
/usr/bin/cmake -E cmake_link_script CMakeFiles/cmTC_eeee8.dir/link.txt --verbose=1
/usr/bin/cc  -DHAVE_C_FLAG    CMakeFiles/cmTC_eeee8.dir/src.c.o  -o cmTC_eeee8 -lm 
make[1]: Leaving directory '/home/icaro/pesquisa_ucpel/aom/build/CMakeFiles/CMakeTmp'

Source file was:
int main(void) { return 0; }
Performing C++ SOURCE FILE Test HAVE_CXX_FLAG succeeded with the following output:
Change Dir: /home/icaro/pesquisa_ucpel/aom/build/CMakeFiles/CMakeTmp

Run Build Command:"/usr/bin/make" "cmTC_8c0ce/fast"
/usr/bin/make -f CMakeFiles/cmTC_8c0ce.dir/build.make CMakeFiles/cmTC_8c0ce.dir/build
make[1]: Entering directory '/home/icaro/pesquisa_ucpel/aom/build/CMakeFiles/CMakeTmp'
Building CXX object CMakeFiles/cmTC_8c0ce.dir/src.cxx.o
/usr/bin/c++    -DHAVE_CXX_FLAG   -msse2 -o CMakeFiles/cmTC_8c0ce.dir/src.cxx.o -c /home/icaro/pesquisa_ucpel/aom/build/CMakeFiles/CMakeTmp/src.cxx
Linking CXX executable cmTC_8c0ce
/usr/bin/cmake -E cmake_link_script CMakeFiles/cmTC_8c0ce.dir/link.txt --verbose=1
/usr/bin/c++   -DHAVE_CXX_FLAG    CMakeFiles/cmTC_8c0ce.dir/src.cxx.o  -o cmTC_8c0ce -lm 
make[1]: Leaving directory '/home/icaro/pesquisa_ucpel/aom/build/CMakeFiles/CMakeTmp'

Source file was:
int main() { return 0; }
Performing C SOURCE FILE Test HAVE_C_FLAG succeeded with the following output:
Change Dir: /home/icaro/pesquisa_ucpel/aom/build/CMakeFiles/CMakeTmp

Run Build Command:"/usr/bin/make" "cmTC_809d4/fast"
/usr/bin/make -f CMakeFiles/cmTC_809d4.dir/build.make CMakeFiles/cmTC_809d4.dir/build
make[1]: Entering directory '/home/icaro/pesquisa_ucpel/aom/build/CMakeFiles/CMakeTmp'
Building C object CMakeFiles/cmTC_809d4.dir/src.c.o
/usr/bin/cc   -DHAVE_C_FLAG   -msse3 -o CMakeFiles/cmTC_809d4.dir/src.c.o   -c /home/icaro/pesquisa_ucpel/aom/build/CMakeFiles/CMakeTmp/src.c
Linking C executable cmTC_809d4
/usr/bin/cmake -E cmake_link_script CMakeFiles/cmTC_809d4.dir/link.txt --verbose=1
/usr/bin/cc  -DHAVE_C_FLAG    CMakeFiles/cmTC_809d4.dir/src.c.o  -o cmTC_809d4 -lm 
make[1]: Leaving directory '/home/icaro/pesquisa_ucpel/aom/build/CMakeFiles/CMakeTmp'

Source file was:
int main(void) { return 0; }
Performing C++ SOURCE FILE Test HAVE_CXX_FLAG succeeded with the following output:
Change Dir: /home/icaro/pesquisa_ucpel/aom/build/CMakeFiles/CMakeTmp

Run Build Command:"/usr/bin/make" "cmTC_d4cc9/fast"
/usr/bin/make -f CMakeFiles/cmTC_d4cc9.dir/build.make CMakeFiles/cmTC_d4cc9.dir/build
make[1]: Entering directory '/home/icaro/pesquisa_ucpel/aom/build/CMakeFiles/CMakeTmp'
Building CXX object CMakeFiles/cmTC_d4cc9.dir/src.cxx.o
/usr/bin/c++    -DHAVE_CXX_FLAG   -msse3 -o CMakeFiles/cmTC_d4cc9.dir/src.cxx.o -c /home/icaro/pesquisa_ucpel/aom/build/CMakeFiles/CMakeTmp/src.cxx
Linking CXX executable cmTC_d4cc9
/usr/bin/cmake -E cmake_link_script CMakeFiles/cmTC_d4cc9.dir/link.txt --verbose=1
/usr/bin/c++   -DHAVE_CXX_FLAG    CMakeFiles/cmTC_d4cc9.dir/src.cxx.o  -o cmTC_d4cc9 -lm 
make[1]: Leaving directory '/home/icaro/pesquisa_ucpel/aom/build/CMakeFiles/CMakeTmp'

Source file was:
int main() { return 0; }
Performing C SOURCE FILE Test HAVE_C_FLAG succeeded with the following output:
Change Dir: /home/icaro/pesquisa_ucpel/aom/build/CMakeFiles/CMakeTmp

Run Build Command:"/usr/bin/make" "cmTC_9bae7/fast"
/usr/bin/make -f CMakeFiles/cmTC_9bae7.dir/build.make CMakeFiles/cmTC_9bae7.dir/build
make[1]: Entering directory '/home/icaro/pesquisa_ucpel/aom/build/CMakeFiles/CMakeTmp'
Building C object CMakeFiles/cmTC_9bae7.dir/src.c.o
/usr/bin/cc   -DHAVE_C_FLAG   -mssse3 -o CMakeFiles/cmTC_9bae7.dir/src.c.o   -c /home/icaro/pesquisa_ucpel/aom/build/CMakeFiles/CMakeTmp/src.c
Linking C executable cmTC_9bae7
/usr/bin/cmake -E cmake_link_script CMakeFiles/cmTC_9bae7.dir/link.txt --verbose=1
/usr/bin/cc  -DHAVE_C_FLAG    CMakeFiles/cmTC_9bae7.dir/src.c.o  -o cmTC_9bae7 -lm 
make[1]: Leaving directory '/home/icaro/pesquisa_ucpel/aom/build/CMakeFiles/CMakeTmp'

Source file was:
int main(void) { return 0; }
Performing C++ SOURCE FILE Test HAVE_CXX_FLAG succeeded with the following output:
Change Dir: /home/icaro/pesquisa_ucpel/aom/build/CMakeFiles/CMakeTmp

Run Build Command:"/usr/bin/make" "cmTC_7116f/fast"
/usr/bin/make -f CMakeFiles/cmTC_7116f.dir/build.make CMakeFiles/cmTC_7116f.dir/build
make[1]: Entering directory '/home/icaro/pesquisa_ucpel/aom/build/CMakeFiles/CMakeTmp'
Building CXX object CMakeFiles/cmTC_7116f.dir/src.cxx.o
/usr/bin/c++    -DHAVE_CXX_FLAG   -mssse3 -o CMakeFiles/cmTC_7116f.dir/src.cxx.o -c /home/icaro/pesquisa_ucpel/aom/build/CMakeFiles/CMakeTmp/src.cxx
Linking CXX executable cmTC_7116f
/usr/bin/cmake -E cmake_link_script CMakeFiles/cmTC_7116f.dir/link.txt --verbose=1
/usr/bin/c++   -DHAVE_CXX_FLAG    CMakeFiles/cmTC_7116f.dir/src.cxx.o  -o cmTC_7116f -lm 
make[1]: Leaving directory '/home/icaro/pesquisa_ucpel/aom/build/CMakeFiles/CMakeTmp'

Source file was:
int main() { return 0; }
Performing C SOURCE FILE Test HAVE_C_FLAG succeeded with the following output:
Change Dir: /home/icaro/pesquisa_ucpel/aom/build/CMakeFiles/CMakeTmp

Run Build Command:"/usr/bin/make" "cmTC_90a7e/fast"
/usr/bin/make -f CMakeFiles/cmTC_90a7e.dir/build.make CMakeFiles/cmTC_90a7e.dir/build
make[1]: Entering directory '/home/icaro/pesquisa_ucpel/aom/build/CMakeFiles/CMakeTmp'
Building C object CMakeFiles/cmTC_90a7e.dir/src.c.o
/usr/bin/cc   -DHAVE_C_FLAG   -msse4.1 -o CMakeFiles/cmTC_90a7e.dir/src.c.o   -c /home/icaro/pesquisa_ucpel/aom/build/CMakeFiles/CMakeTmp/src.c
Linking C executable cmTC_90a7e
/usr/bin/cmake -E cmake_link_script CMakeFiles/cmTC_90a7e.dir/link.txt --verbose=1
/usr/bin/cc  -DHAVE_C_FLAG    CMakeFiles/cmTC_90a7e.dir/src.c.o  -o cmTC_90a7e -lm 
make[1]: Leaving directory '/home/icaro/pesquisa_ucpel/aom/build/CMakeFiles/CMakeTmp'

Source file was:
int main(void) { return 0; }
Performing C++ SOURCE FILE Test HAVE_CXX_FLAG succeeded with the following output:
Change Dir: /home/icaro/pesquisa_ucpel/aom/build/CMakeFiles/CMakeTmp

Run Build Command:"/usr/bin/make" "cmTC_1b37b/fast"
/usr/bin/make -f CMakeFiles/cmTC_1b37b.dir/build.make CMakeFiles/cmTC_1b37b.dir/build
make[1]: Entering directory '/home/icaro/pesquisa_ucpel/aom/build/CMakeFiles/CMakeTmp'
Building CXX object CMakeFiles/cmTC_1b37b.dir/src.cxx.o
/usr/bin/c++    -DHAVE_CXX_FLAG   -msse4.1 -o CMakeFiles/cmTC_1b37b.dir/src.cxx.o -c /home/icaro/pesquisa_ucpel/aom/build/CMakeFiles/CMakeTmp/src.cxx
Linking CXX executable cmTC_1b37b
/usr/bin/cmake -E cmake_link_script CMakeFiles/cmTC_1b37b.dir/link.txt --verbose=1
/usr/bin/c++   -DHAVE_CXX_FLAG    CMakeFiles/cmTC_1b37b.dir/src.cxx.o  -o cmTC_1b37b -lm 
make[1]: Leaving directory '/home/icaro/pesquisa_ucpel/aom/build/CMakeFiles/CMakeTmp'

Source file was:
int main() { return 0; }
Performing C SOURCE FILE Test HAVE_C_FLAG succeeded with the following output:
Change Dir: /home/icaro/pesquisa_ucpel/aom/build/CMakeFiles/CMakeTmp

Run Build Command:"/usr/bin/make" "cmTC_05da2/fast"
/usr/bin/make -f CMakeFiles/cmTC_05da2.dir/build.make CMakeFiles/cmTC_05da2.dir/build
make[1]: Entering directory '/home/icaro/pesquisa_ucpel/aom/build/CMakeFiles/CMakeTmp'
Building C object CMakeFiles/cmTC_05da2.dir/src.c.o
/usr/bin/cc   -DHAVE_C_FLAG   -msse4.2 -o CMakeFiles/cmTC_05da2.dir/src.c.o   -c /home/icaro/pesquisa_ucpel/aom/build/CMakeFiles/CMakeTmp/src.c
Linking C executable cmTC_05da2
/usr/bin/cmake -E cmake_link_script CMakeFiles/cmTC_05da2.dir/link.txt --verbose=1
/usr/bin/cc  -DHAVE_C_FLAG    CMakeFiles/cmTC_05da2.dir/src.c.o  -o cmTC_05da2 -lm 
make[1]: Leaving directory '/home/icaro/pesquisa_ucpel/aom/build/CMakeFiles/CMakeTmp'

Source file was:
int main(void) { return 0; }
Performing C++ SOURCE FILE Test HAVE_CXX_FLAG succeeded with the following output:
Change Dir: /home/icaro/pesquisa_ucpel/aom/build/CMakeFiles/CMakeTmp

Run Build Command:"/usr/bin/make" "cmTC_72eea/fast"
/usr/bin/make -f CMakeFiles/cmTC_72eea.dir/build.make CMakeFiles/cmTC_72eea.dir/build
make[1]: Entering directory '/home/icaro/pesquisa_ucpel/aom/build/CMakeFiles/CMakeTmp'
Building CXX object CMakeFiles/cmTC_72eea.dir/src.cxx.o
/usr/bin/c++    -DHAVE_CXX_FLAG   -msse4.2 -o CMakeFiles/cmTC_72eea.dir/src.cxx.o -c /home/icaro/pesquisa_ucpel/aom/build/CMakeFiles/CMakeTmp/src.cxx
Linking CXX executable cmTC_72eea
/usr/bin/cmake -E cmake_link_script CMakeFiles/cmTC_72eea.dir/link.txt --verbose=1
/usr/bin/c++   -DHAVE_CXX_FLAG    CMakeFiles/cmTC_72eea.dir/src.cxx.o  -o cmTC_72eea -lm 
make[1]: Leaving directory '/home/icaro/pesquisa_ucpel/aom/build/CMakeFiles/CMakeTmp'

Source file was:
int main() { return 0; }
Performing C SOURCE FILE Test HAVE_C_FLAG succeeded with the following output:
Change Dir: /home/icaro/pesquisa_ucpel/aom/build/CMakeFiles/CMakeTmp

Run Build Command:"/usr/bin/make" "cmTC_04d09/fast"
/usr/bin/make -f CMakeFiles/cmTC_04d09.dir/build.make CMakeFiles/cmTC_04d09.dir/build
make[1]: Entering directory '/home/icaro/pesquisa_ucpel/aom/build/CMakeFiles/CMakeTmp'
Building C object CMakeFiles/cmTC_04d09.dir/src.c.o
/usr/bin/cc   -DHAVE_C_FLAG   -mavx2 -o CMakeFiles/cmTC_04d09.dir/src.c.o   -c /home/icaro/pesquisa_ucpel/aom/build/CMakeFiles/CMakeTmp/src.c
Linking C executable cmTC_04d09
/usr/bin/cmake -E cmake_link_script CMakeFiles/cmTC_04d09.dir/link.txt --verbose=1
/usr/bin/cc  -DHAVE_C_FLAG    CMakeFiles/cmTC_04d09.dir/src.c.o  -o cmTC_04d09 -lm 
make[1]: Leaving directory '/home/icaro/pesquisa_ucpel/aom/build/CMakeFiles/CMakeTmp'

Source file was:
int main(void) { return 0; }
Performing C++ SOURCE FILE Test HAVE_CXX_FLAG succeeded with the following output:
Change Dir: /home/icaro/pesquisa_ucpel/aom/build/CMakeFiles/CMakeTmp

Run Build Command:"/usr/bin/make" "cmTC_fe0b6/fast"
/usr/bin/make -f CMakeFiles/cmTC_fe0b6.dir/build.make CMakeFiles/cmTC_fe0b6.dir/build
make[1]: Entering directory '/home/icaro/pesquisa_ucpel/aom/build/CMakeFiles/CMakeTmp'
Building CXX object CMakeFiles/cmTC_fe0b6.dir/src.cxx.o
/usr/bin/c++    -DHAVE_CXX_FLAG   -mavx2 -o CMakeFiles/cmTC_fe0b6.dir/src.cxx.o -c /home/icaro/pesquisa_ucpel/aom/build/CMakeFiles/CMakeTmp/src.cxx
Linking CXX executable cmTC_fe0b6
/usr/bin/cmake -E cmake_link_script CMakeFiles/cmTC_fe0b6.dir/link.txt --verbose=1
/usr/bin/c++   -DHAVE_CXX_FLAG    CMakeFiles/cmTC_fe0b6.dir/src.cxx.o  -o cmTC_fe0b6 -lm 
make[1]: Leaving directory '/home/icaro/pesquisa_ucpel/aom/build/CMakeFiles/CMakeTmp'

Source file was:
int main() { return 0; }
