Determining if the pthread_create exist failed with the following output:
Change Dir: /home/icaro/VVCSoftware_VTM/CMakeFiles/CMakeTmp

Run Build Command:"/usr/bin/make" "cmTC_2427d/fast"
/usr/bin/make -f CMakeFiles/cmTC_2427d.dir/build.make CMakeFiles/cmTC_2427d.dir/build
make[1]: Entering directory '/home/icaro/VVCSoftware_VTM/CMakeFiles/CMakeTmp'
Building C object CMakeFiles/cmTC_2427d.dir/CheckSymbolExists.c.o
/usr/bin/gcc   -fPIE   -o CMakeFiles/cmTC_2427d.dir/CheckSymbolExists.c.o   -c /home/icaro/VVCSoftware_VTM/CMakeFiles/CMakeTmp/CheckSymbolExists.c
Linking C executable cmTC_2427d
/usr/bin/cmake -E cmake_link_script CMakeFiles/cmTC_2427d.dir/link.txt --verbose=1
/usr/bin/gcc      CMakeFiles/cmTC_2427d.dir/CheckSymbolExists.c.o  -o cmTC_2427d 
CMakeFiles/cmTC_2427d.dir/CheckSymbolExists.c.o: In function `main':
CheckSymbolExists.c:(.text+0x1b): undefined reference to `pthread_create'
collect2: error: ld returned 1 exit status
CMakeFiles/cmTC_2427d.dir/build.make:97: recipe for target 'cmTC_2427d' failed
make[1]: *** [cmTC_2427d] Error 1
make[1]: Leaving directory '/home/icaro/VVCSoftware_VTM/CMakeFiles/CMakeTmp'
Makefile:126: recipe for target 'cmTC_2427d/fast' failed
make: *** [cmTC_2427d/fast] Error 2

File /home/icaro/VVCSoftware_VTM/CMakeFiles/CMakeTmp/CheckSymbolExists.c:
/* */
#include <pthread.h>

int main(int argc, char** argv)
{
  (void)argv;
#ifndef pthread_create
  return ((int*)(&pthread_create))[argc];
#else
  (void)argc;
  return 0;
#endif
}

