Determining if the pthread_create exist failed with the following output:
Change Dir: /home/icaro/pesquisa_ucpel/aom_1.0/nbbuild/CMakeFiles/CMakeTmp

Run Build Command:"/usr/bin/make" "cmTC_91590/fast"
/usr/bin/make -f CMakeFiles/cmTC_91590.dir/build.make CMakeFiles/cmTC_91590.dir/build
make[1]: Entering directory '/home/icaro/pesquisa_ucpel/aom_1.0/nbbuild/CMakeFiles/CMakeTmp'
Building C object CMakeFiles/cmTC_91590.dir/CheckSymbolExists.c.o
/usr/bin/gcc    -o CMakeFiles/cmTC_91590.dir/CheckSymbolExists.c.o   -c /home/icaro/pesquisa_ucpel/aom_1.0/nbbuild/CMakeFiles/CMakeTmp/CheckSymbolExists.c
Linking C executable cmTC_91590
/usr/bin/cmake -E cmake_link_script CMakeFiles/cmTC_91590.dir/link.txt --verbose=1
/usr/bin/gcc      CMakeFiles/cmTC_91590.dir/CheckSymbolExists.c.o  -o cmTC_91590 
/usr/bin/ld: CMakeFiles/cmTC_91590.dir/CheckSymbolExists.c.o: na função "main":
CheckSymbolExists.c:(.text+0x1b): referência não definida para "pthread_create"
collect2: error: ld returned 1 exit status
make[1]: *** [CMakeFiles/cmTC_91590.dir/build.make:87: cmTC_91590] Error 1
make[1]: Leaving directory '/home/icaro/pesquisa_ucpel/aom_1.0/nbbuild/CMakeFiles/CMakeTmp'
make: *** [Makefile:121: cmTC_91590/fast] Error 2

File /home/icaro/pesquisa_ucpel/aom_1.0/nbbuild/CMakeFiles/CMakeTmp/CheckSymbolExists.c:
/* */
#include <pthread.h>

int main(int argc, char** argv)
{
  (void)argv;
#ifndef pthread_create
  return ((int*)(&pthread_create))[argc];
#else
  (void)argc;
  return 0;
#endif
}

Determining if the function pthread_create exists in the pthreads failed with the following output:
Change Dir: /home/icaro/pesquisa_ucpel/aom_1.0/nbbuild/CMakeFiles/CMakeTmp

Run Build Command:"/usr/bin/make" "cmTC_d9e35/fast"
/usr/bin/make -f CMakeFiles/cmTC_d9e35.dir/build.make CMakeFiles/cmTC_d9e35.dir/build
make[1]: Entering directory '/home/icaro/pesquisa_ucpel/aom_1.0/nbbuild/CMakeFiles/CMakeTmp'
Building C object CMakeFiles/cmTC_d9e35.dir/CheckFunctionExists.c.o
/usr/bin/gcc   -DCHECK_FUNCTION_EXISTS=pthread_create   -o CMakeFiles/cmTC_d9e35.dir/CheckFunctionExists.c.o   -c /usr/share/cmake-3.13/Modules/CheckFunctionExists.c
Linking C executable cmTC_d9e35
/usr/bin/cmake -E cmake_link_script CMakeFiles/cmTC_d9e35.dir/link.txt --verbose=1
/usr/bin/gcc  -DCHECK_FUNCTION_EXISTS=pthread_create    CMakeFiles/cmTC_d9e35.dir/CheckFunctionExists.c.o  -o cmTC_d9e35 -lpthreads 
/usr/bin/ld: não foi possível localizar -lpthreads
collect2: error: ld returned 1 exit status
make[1]: *** [CMakeFiles/cmTC_d9e35.dir/build.make:87: cmTC_d9e35] Error 1
make[1]: Leaving directory '/home/icaro/pesquisa_ucpel/aom_1.0/nbbuild/CMakeFiles/CMakeTmp'
make: *** [Makefile:121: cmTC_d9e35/fast] Error 2


Performing C++ SOURCE FILE Test CXX_FLAG_SUPPORTED failed with the following output:
Change Dir: /home/icaro/pesquisa_ucpel/aom_1.0/nbbuild/CMakeFiles/CMakeTmp

Run Build Command:"/usr/bin/make" "cmTC_37850/fast"
/usr/bin/make -f CMakeFiles/cmTC_37850.dir/build.make CMakeFiles/cmTC_37850.dir/build
make[1]: Entering directory '/home/icaro/pesquisa_ucpel/aom_1.0/nbbuild/CMakeFiles/CMakeTmp'
Building CXX object CMakeFiles/cmTC_37850.dir/src.cxx.o
/usr/bin/g++    -DCXX_FLAG_SUPPORTED   -Wimplicit-function-declaration -o CMakeFiles/cmTC_37850.dir/src.cxx.o -c /home/icaro/pesquisa_ucpel/aom_1.0/nbbuild/CMakeFiles/CMakeTmp/src.cxx
cc1plus: warning: command line option '-Wimplicit-function-declaration' is valid for C/ObjC but not for C++
Linking CXX executable cmTC_37850
/usr/bin/cmake -E cmake_link_script CMakeFiles/cmTC_37850.dir/link.txt --verbose=1
/usr/bin/g++   -DCXX_FLAG_SUPPORTED    CMakeFiles/cmTC_37850.dir/src.cxx.o  -o cmTC_37850 -lm 
make[1]: Leaving directory '/home/icaro/pesquisa_ucpel/aom_1.0/nbbuild/CMakeFiles/CMakeTmp'

Source file was:
int main() { return 0; }
Performing C SOURCE FILE Test C_FLAG_SUPPORTED failed with the following output:
Change Dir: /home/icaro/pesquisa_ucpel/aom_1.0/nbbuild/CMakeFiles/CMakeTmp

Run Build Command:"/usr/bin/make" "cmTC_7683f/fast"
/usr/bin/make -f CMakeFiles/cmTC_7683f.dir/build.make CMakeFiles/cmTC_7683f.dir/build
make[1]: Entering directory '/home/icaro/pesquisa_ucpel/aom_1.0/nbbuild/CMakeFiles/CMakeTmp'
Building C object CMakeFiles/cmTC_7683f.dir/src.c.o
/usr/bin/gcc   -DC_FLAG_SUPPORTED   -Wstring-conversion -o CMakeFiles/cmTC_7683f.dir/src.c.o   -c /home/icaro/pesquisa_ucpel/aom_1.0/nbbuild/CMakeFiles/CMakeTmp/src.c
gcc: error: unrecognized command line option '-Wstring-conversion'; did you mean '-Wint-conversion'?
make[1]: *** [CMakeFiles/cmTC_7683f.dir/build.make:66: CMakeFiles/cmTC_7683f.dir/src.c.o] Error 1
make[1]: Leaving directory '/home/icaro/pesquisa_ucpel/aom_1.0/nbbuild/CMakeFiles/CMakeTmp'
make: *** [Makefile:121: cmTC_7683f/fast] Error 2

Source file was:
int main(void) { return 0; }
Performing C++ SOURCE FILE Test CXX_FLAG_SUPPORTED failed with the following output:
Change Dir: /home/icaro/pesquisa_ucpel/aom_1.0/nbbuild/CMakeFiles/CMakeTmp

Run Build Command:"/usr/bin/make" "cmTC_7a8d2/fast"
/usr/bin/make -f CMakeFiles/cmTC_7a8d2.dir/build.make CMakeFiles/cmTC_7a8d2.dir/build
make[1]: Entering directory '/home/icaro/pesquisa_ucpel/aom_1.0/nbbuild/CMakeFiles/CMakeTmp'
Building CXX object CMakeFiles/cmTC_7a8d2.dir/src.cxx.o
/usr/bin/g++    -DCXX_FLAG_SUPPORTED   -Wstring-conversion -o CMakeFiles/cmTC_7a8d2.dir/src.cxx.o -c /home/icaro/pesquisa_ucpel/aom_1.0/nbbuild/CMakeFiles/CMakeTmp/src.cxx
g++: error: unrecognized command line option '-Wstring-conversion'; did you mean '-Wint-conversion'?
make[1]: *** [CMakeFiles/cmTC_7a8d2.dir/build.make:66: CMakeFiles/cmTC_7a8d2.dir/src.cxx.o] Error 1
make[1]: Leaving directory '/home/icaro/pesquisa_ucpel/aom_1.0/nbbuild/CMakeFiles/CMakeTmp'
make: *** [Makefile:121: cmTC_7a8d2/fast] Error 2

Source file was:
int main() { return 0; }
Performing C SOURCE FILE Test C_FLAG_SUPPORTED failed with the following output:
Change Dir: /home/icaro/pesquisa_ucpel/aom_1.0/nbbuild/CMakeFiles/CMakeTmp

Run Build Command:"/usr/bin/make" "cmTC_33613/fast"
/usr/bin/make -f CMakeFiles/cmTC_33613.dir/build.make CMakeFiles/cmTC_33613.dir/build
make[1]: Entering directory '/home/icaro/pesquisa_ucpel/aom_1.0/nbbuild/CMakeFiles/CMakeTmp'
Building C object CMakeFiles/cmTC_33613.dir/src.c.o
/usr/bin/gcc   -DC_FLAG_SUPPORTED   -Wshorten-64-to-32 -o CMakeFiles/cmTC_33613.dir/src.c.o   -c /home/icaro/pesquisa_ucpel/aom_1.0/nbbuild/CMakeFiles/CMakeTmp/src.c
gcc: error: unrecognized command line option '-Wshorten-64-to-32'
make[1]: *** [CMakeFiles/cmTC_33613.dir/build.make:66: CMakeFiles/cmTC_33613.dir/src.c.o] Error 1
make[1]: Leaving directory '/home/icaro/pesquisa_ucpel/aom_1.0/nbbuild/CMakeFiles/CMakeTmp'
make: *** [Makefile:121: cmTC_33613/fast] Error 2

Source file was:
int main(void) { return 0; }
