The system is: Linux - 5.0.0-25-generic - x86_64
Compiling the C compiler identification source file "CMakeCCompilerId.c" succeeded.
Compiler: /usr/bin/gcc 
Build flags: 
Id flags:  

The output was:
0


Compilation of the C compiler identification source "CMakeCCompilerId.c" produced "a.out"

The C compiler identification is GNU, found in "/home/icaro/pesquisa_ucpel/aom_1.0/nbbuild/CMakeFiles/3.13.4/CompilerIdC/a.out"

Compiling the CXX compiler identification source file "CMakeCXXCompilerId.cpp" succeeded.
Compiler: /usr/bin/g++ 
Build flags: 
Id flags:  

The output was:
0


Compilation of the CXX compiler identification source "CMakeCXXCompilerId.cpp" produced "a.out"

The CXX compiler identification is GNU, found in "/home/icaro/pesquisa_ucpel/aom_1.0/nbbuild/CMakeFiles/3.13.4/CompilerIdCXX/a.out"

Determining if the C compiler works passed with the following output:
Change Dir: /home/icaro/pesquisa_ucpel/aom_1.0/nbbuild/CMakeFiles/CMakeTmp

Run Build Command:"/usr/bin/make" "cmTC_ad0c6/fast"
/usr/bin/make -f CMakeFiles/cmTC_ad0c6.dir/build.make CMakeFiles/cmTC_ad0c6.dir/build
make[1]: Entering directory '/home/icaro/pesquisa_ucpel/aom_1.0/nbbuild/CMakeFiles/CMakeTmp'
Building C object CMakeFiles/cmTC_ad0c6.dir/testCCompiler.c.o
/usr/bin/gcc    -o CMakeFiles/cmTC_ad0c6.dir/testCCompiler.c.o   -c /home/icaro/pesquisa_ucpel/aom_1.0/nbbuild/CMakeFiles/CMakeTmp/testCCompiler.c
Linking C executable cmTC_ad0c6
/usr/bin/cmake -E cmake_link_script CMakeFiles/cmTC_ad0c6.dir/link.txt --verbose=1
/usr/bin/gcc      CMakeFiles/cmTC_ad0c6.dir/testCCompiler.c.o  -o cmTC_ad0c6 
make[1]: Leaving directory '/home/icaro/pesquisa_ucpel/aom_1.0/nbbuild/CMakeFiles/CMakeTmp'


Detecting C compiler ABI info compiled with the following output:
Change Dir: /home/icaro/pesquisa_ucpel/aom_1.0/nbbuild/CMakeFiles/CMakeTmp

Run Build Command:"/usr/bin/make" "cmTC_1fedd/fast"
/usr/bin/make -f CMakeFiles/cmTC_1fedd.dir/build.make CMakeFiles/cmTC_1fedd.dir/build
make[1]: Entering directory '/home/icaro/pesquisa_ucpel/aom_1.0/nbbuild/CMakeFiles/CMakeTmp'
Building C object CMakeFiles/cmTC_1fedd.dir/CMakeCCompilerABI.c.o
/usr/bin/gcc    -o CMakeFiles/cmTC_1fedd.dir/CMakeCCompilerABI.c.o   -c /usr/share/cmake-3.13/Modules/CMakeCCompilerABI.c
Linking C executable cmTC_1fedd
/usr/bin/cmake -E cmake_link_script CMakeFiles/cmTC_1fedd.dir/link.txt --verbose=1
/usr/bin/gcc     -v CMakeFiles/cmTC_1fedd.dir/CMakeCCompilerABI.c.o  -o cmTC_1fedd 
Using built-in specs.
COLLECT_GCC=/usr/bin/gcc
COLLECT_LTO_WRAPPER=/usr/lib/gcc/x86_64-linux-gnu/8/lto-wrapper
OFFLOAD_TARGET_NAMES=nvptx-none
OFFLOAD_TARGET_DEFAULT=1
Target: x86_64-linux-gnu
Configured with: ../src/configure -v --with-pkgversion='Ubuntu 8.3.0-6ubuntu1' --with-bugurl=file:///usr/share/doc/gcc-8/README.Bugs --enable-languages=c,ada,c++,go,brig,d,fortran,objc,obj-c++ --prefix=/usr --with-gcc-major-version-only --program-suffix=-8 --program-prefix=x86_64-linux-gnu- --enable-shared --enable-linker-build-id --libexecdir=/usr/lib --without-included-gettext --enable-threads=posix --libdir=/usr/lib --enable-nls --enable-bootstrap --enable-clocale=gnu --enable-libstdcxx-debug --enable-libstdcxx-time=yes --with-default-libstdcxx-abi=new --enable-gnu-unique-object --disable-vtable-verify --enable-libmpx --enable-plugin --enable-default-pie --with-system-zlib --with-target-system-zlib --enable-objc-gc=auto --enable-multiarch --disable-werror --with-arch-32=i686 --with-abi=m64 --with-multilib-list=m32,m64,mx32 --enable-multilib --with-tune=generic --enable-offload-targets=nvptx-none --without-cuda-driver --enable-checking=release --build=x86_64-linux-gnu --host=x86_64-linux-gnu --target=x86_64-linux-gnu
Thread model: posix
gcc version 8.3.0 (Ubuntu 8.3.0-6ubuntu1) 
COMPILER_PATH=/usr/lib/gcc/x86_64-linux-gnu/8/:/usr/lib/gcc/x86_64-linux-gnu/8/:/usr/lib/gcc/x86_64-linux-gnu/:/usr/lib/gcc/x86_64-linux-gnu/8/:/usr/lib/gcc/x86_64-linux-gnu/
LIBRARY_PATH=/usr/lib/gcc/x86_64-linux-gnu/8/:/usr/lib/gcc/x86_64-linux-gnu/8/../../../x86_64-linux-gnu/:/usr/lib/gcc/x86_64-linux-gnu/8/../../../../lib/:/lib/x86_64-linux-gnu/:/lib/../lib/:/usr/lib/x86_64-linux-gnu/:/usr/lib/../lib/:/usr/lib/gcc/x86_64-linux-gnu/8/../../../:/lib/:/usr/lib/
COLLECT_GCC_OPTIONS='-v' '-o' 'cmTC_1fedd' '-mtune=generic' '-march=x86-64'
 /usr/lib/gcc/x86_64-linux-gnu/8/collect2 -plugin /usr/lib/gcc/x86_64-linux-gnu/8/liblto_plugin.so -plugin-opt=/usr/lib/gcc/x86_64-linux-gnu/8/lto-wrapper -plugin-opt=-fresolution=/tmp/ccShvcFT.res -plugin-opt=-pass-through=-lgcc -plugin-opt=-pass-through=-lgcc_s -plugin-opt=-pass-through=-lc -plugin-opt=-pass-through=-lgcc -plugin-opt=-pass-through=-lgcc_s --build-id --eh-frame-hdr -m elf_x86_64 --hash-style=gnu --as-needed -dynamic-linker /lib64/ld-linux-x86-64.so.2 -pie -z now -z relro -o cmTC_1fedd /usr/lib/gcc/x86_64-linux-gnu/8/../../../x86_64-linux-gnu/Scrt1.o /usr/lib/gcc/x86_64-linux-gnu/8/../../../x86_64-linux-gnu/crti.o /usr/lib/gcc/x86_64-linux-gnu/8/crtbeginS.o -L/usr/lib/gcc/x86_64-linux-gnu/8 -L/usr/lib/gcc/x86_64-linux-gnu/8/../../../x86_64-linux-gnu -L/usr/lib/gcc/x86_64-linux-gnu/8/../../../../lib -L/lib/x86_64-linux-gnu -L/lib/../lib -L/usr/lib/x86_64-linux-gnu -L/usr/lib/../lib -L/usr/lib/gcc/x86_64-linux-gnu/8/../../.. CMakeFiles/cmTC_1fedd.dir/CMakeCCompilerABI.c.o -lgcc --push-state --as-needed -lgcc_s --pop-state -lc -lgcc --push-state --as-needed -lgcc_s --pop-state /usr/lib/gcc/x86_64-linux-gnu/8/crtendS.o /usr/lib/gcc/x86_64-linux-gnu/8/../../../x86_64-linux-gnu/crtn.o
COLLECT_GCC_OPTIONS='-v' '-o' 'cmTC_1fedd' '-mtune=generic' '-march=x86-64'
make[1]: Leaving directory '/home/icaro/pesquisa_ucpel/aom_1.0/nbbuild/CMakeFiles/CMakeTmp'


Parsed C implicit link information from above output:
  link line regex: [^( *|.*[/\])(ld|CMAKE_LINK_STARTFILE-NOTFOUND|([^/\]+-)?ld|collect2)[^/\]*( |$)]
  ignore line: [Change Dir: /home/icaro/pesquisa_ucpel/aom_1.0/nbbuild/CMakeFiles/CMakeTmp]
  ignore line: []
  ignore line: [Run Build Command:"/usr/bin/make" "cmTC_1fedd/fast"]
  ignore line: [/usr/bin/make -f CMakeFiles/cmTC_1fedd.dir/build.make CMakeFiles/cmTC_1fedd.dir/build]
  ignore line: [make[1]: Entering directory '/home/icaro/pesquisa_ucpel/aom_1.0/nbbuild/CMakeFiles/CMakeTmp']
  ignore line: [Building C object CMakeFiles/cmTC_1fedd.dir/CMakeCCompilerABI.c.o]
  ignore line: [/usr/bin/gcc    -o CMakeFiles/cmTC_1fedd.dir/CMakeCCompilerABI.c.o   -c /usr/share/cmake-3.13/Modules/CMakeCCompilerABI.c]
  ignore line: [Linking C executable cmTC_1fedd]
  ignore line: [/usr/bin/cmake -E cmake_link_script CMakeFiles/cmTC_1fedd.dir/link.txt --verbose=1]
  ignore line: [/usr/bin/gcc     -v CMakeFiles/cmTC_1fedd.dir/CMakeCCompilerABI.c.o  -o cmTC_1fedd ]
  ignore line: [Using built-in specs.]
  ignore line: [COLLECT_GCC=/usr/bin/gcc]
  ignore line: [COLLECT_LTO_WRAPPER=/usr/lib/gcc/x86_64-linux-gnu/8/lto-wrapper]
  ignore line: [OFFLOAD_TARGET_NAMES=nvptx-none]
  ignore line: [OFFLOAD_TARGET_DEFAULT=1]
  ignore line: [Target: x86_64-linux-gnu]
  ignore line: [Configured with: ../src/configure -v --with-pkgversion='Ubuntu 8.3.0-6ubuntu1' --with-bugurl=file:///usr/share/doc/gcc-8/README.Bugs --enable-languages=c,ada,c++,go,brig,d,fortran,objc,obj-c++ --prefix=/usr --with-gcc-major-version-only --program-suffix=-8 --program-prefix=x86_64-linux-gnu- --enable-shared --enable-linker-build-id --libexecdir=/usr/lib --without-included-gettext --enable-threads=posix --libdir=/usr/lib --enable-nls --enable-bootstrap --enable-clocale=gnu --enable-libstdcxx-debug --enable-libstdcxx-time=yes --with-default-libstdcxx-abi=new --enable-gnu-unique-object --disable-vtable-verify --enable-libmpx --enable-plugin --enable-default-pie --with-system-zlib --with-target-system-zlib --enable-objc-gc=auto --enable-multiarch --disable-werror --with-arch-32=i686 --with-abi=m64 --with-multilib-list=m32,m64,mx32 --enable-multilib --with-tune=generic --enable-offload-targets=nvptx-none --without-cuda-driver --enable-checking=release --build=x86_64-linux-gnu --host=x86_64-linux-gnu --target=x86_64-linux-gnu]
  ignore line: [Thread model: posix]
  ignore line: [gcc version 8.3.0 (Ubuntu 8.3.0-6ubuntu1) ]
  ignore line: [COMPILER_PATH=/usr/lib/gcc/x86_64-linux-gnu/8/:/usr/lib/gcc/x86_64-linux-gnu/8/:/usr/lib/gcc/x86_64-linux-gnu/:/usr/lib/gcc/x86_64-linux-gnu/8/:/usr/lib/gcc/x86_64-linux-gnu/]
  ignore line: [LIBRARY_PATH=/usr/lib/gcc/x86_64-linux-gnu/8/:/usr/lib/gcc/x86_64-linux-gnu/8/../../../x86_64-linux-gnu/:/usr/lib/gcc/x86_64-linux-gnu/8/../../../../lib/:/lib/x86_64-linux-gnu/:/lib/../lib/:/usr/lib/x86_64-linux-gnu/:/usr/lib/../lib/:/usr/lib/gcc/x86_64-linux-gnu/8/../../../:/lib/:/usr/lib/]
  ignore line: [COLLECT_GCC_OPTIONS='-v' '-o' 'cmTC_1fedd' '-mtune=generic' '-march=x86-64']
  link line: [ /usr/lib/gcc/x86_64-linux-gnu/8/collect2 -plugin /usr/lib/gcc/x86_64-linux-gnu/8/liblto_plugin.so -plugin-opt=/usr/lib/gcc/x86_64-linux-gnu/8/lto-wrapper -plugin-opt=-fresolution=/tmp/ccShvcFT.res -plugin-opt=-pass-through=-lgcc -plugin-opt=-pass-through=-lgcc_s -plugin-opt=-pass-through=-lc -plugin-opt=-pass-through=-lgcc -plugin-opt=-pass-through=-lgcc_s --build-id --eh-frame-hdr -m elf_x86_64 --hash-style=gnu --as-needed -dynamic-linker /lib64/ld-linux-x86-64.so.2 -pie -z now -z relro -o cmTC_1fedd /usr/lib/gcc/x86_64-linux-gnu/8/../../../x86_64-linux-gnu/Scrt1.o /usr/lib/gcc/x86_64-linux-gnu/8/../../../x86_64-linux-gnu/crti.o /usr/lib/gcc/x86_64-linux-gnu/8/crtbeginS.o -L/usr/lib/gcc/x86_64-linux-gnu/8 -L/usr/lib/gcc/x86_64-linux-gnu/8/../../../x86_64-linux-gnu -L/usr/lib/gcc/x86_64-linux-gnu/8/../../../../lib -L/lib/x86_64-linux-gnu -L/lib/../lib -L/usr/lib/x86_64-linux-gnu -L/usr/lib/../lib -L/usr/lib/gcc/x86_64-linux-gnu/8/../../.. CMakeFiles/cmTC_1fedd.dir/CMakeCCompilerABI.c.o -lgcc --push-state --as-needed -lgcc_s --pop-state -lc -lgcc --push-state --as-needed -lgcc_s --pop-state /usr/lib/gcc/x86_64-linux-gnu/8/crtendS.o /usr/lib/gcc/x86_64-linux-gnu/8/../../../x86_64-linux-gnu/crtn.o]
    arg [/usr/lib/gcc/x86_64-linux-gnu/8/collect2] ==> ignore
    arg [-plugin] ==> ignore
    arg [/usr/lib/gcc/x86_64-linux-gnu/8/liblto_plugin.so] ==> ignore
    arg [-plugin-opt=/usr/lib/gcc/x86_64-linux-gnu/8/lto-wrapper] ==> ignore
    arg [-plugin-opt=-fresolution=/tmp/ccShvcFT.res] ==> ignore
    arg [-plugin-opt=-pass-through=-lgcc] ==> ignore
    arg [-plugin-opt=-pass-through=-lgcc_s] ==> ignore
    arg [-plugin-opt=-pass-through=-lc] ==> ignore
    arg [-plugin-opt=-pass-through=-lgcc] ==> ignore
    arg [-plugin-opt=-pass-through=-lgcc_s] ==> ignore
    arg [--build-id] ==> ignore
    arg [--eh-frame-hdr] ==> ignore
    arg [-m] ==> ignore
    arg [elf_x86_64] ==> ignore
    arg [--hash-style=gnu] ==> ignore
    arg [--as-needed] ==> ignore
    arg [-dynamic-linker] ==> ignore
    arg [/lib64/ld-linux-x86-64.so.2] ==> ignore
    arg [-pie] ==> ignore
    arg [-znow] ==> ignore
    arg [-zrelro] ==> ignore
    arg [-o] ==> ignore
    arg [cmTC_1fedd] ==> ignore
    arg [/usr/lib/gcc/x86_64-linux-gnu/8/../../../x86_64-linux-gnu/Scrt1.o] ==> ignore
    arg [/usr/lib/gcc/x86_64-linux-gnu/8/../../../x86_64-linux-gnu/crti.o] ==> ignore
    arg [/usr/lib/gcc/x86_64-linux-gnu/8/crtbeginS.o] ==> ignore
    arg [-L/usr/lib/gcc/x86_64-linux-gnu/8] ==> dir [/usr/lib/gcc/x86_64-linux-gnu/8]
    arg [-L/usr/lib/gcc/x86_64-linux-gnu/8/../../../x86_64-linux-gnu] ==> dir [/usr/lib/gcc/x86_64-linux-gnu/8/../../../x86_64-linux-gnu]
    arg [-L/usr/lib/gcc/x86_64-linux-gnu/8/../../../../lib] ==> dir [/usr/lib/gcc/x86_64-linux-gnu/8/../../../../lib]
    arg [-L/lib/x86_64-linux-gnu] ==> dir [/lib/x86_64-linux-gnu]
    arg [-L/lib/../lib] ==> dir [/lib/../lib]
    arg [-L/usr/lib/x86_64-linux-gnu] ==> dir [/usr/lib/x86_64-linux-gnu]
    arg [-L/usr/lib/../lib] ==> dir [/usr/lib/../lib]
    arg [-L/usr/lib/gcc/x86_64-linux-gnu/8/../../..] ==> dir [/usr/lib/gcc/x86_64-linux-gnu/8/../../..]
    arg [CMakeFiles/cmTC_1fedd.dir/CMakeCCompilerABI.c.o] ==> ignore
    arg [-lgcc] ==> lib [gcc]
    arg [--push-state] ==> ignore
    arg [--as-needed] ==> ignore
    arg [-lgcc_s] ==> lib [gcc_s]
    arg [--pop-state] ==> ignore
    arg [-lc] ==> lib [c]
    arg [-lgcc] ==> lib [gcc]
    arg [--push-state] ==> ignore
    arg [--as-needed] ==> ignore
    arg [-lgcc_s] ==> lib [gcc_s]
    arg [--pop-state] ==> ignore
    arg [/usr/lib/gcc/x86_64-linux-gnu/8/crtendS.o] ==> ignore
    arg [/usr/lib/gcc/x86_64-linux-gnu/8/../../../x86_64-linux-gnu/crtn.o] ==> ignore
  collapse library dir [/usr/lib/gcc/x86_64-linux-gnu/8] ==> [/usr/lib/gcc/x86_64-linux-gnu/8]
  collapse library dir [/usr/lib/gcc/x86_64-linux-gnu/8/../../../x86_64-linux-gnu] ==> [/usr/lib/x86_64-linux-gnu]
  collapse library dir [/usr/lib/gcc/x86_64-linux-gnu/8/../../../../lib] ==> [/usr/lib]
  collapse library dir [/lib/x86_64-linux-gnu] ==> [/lib/x86_64-linux-gnu]
  collapse library dir [/lib/../lib] ==> [/lib]
  collapse library dir [/usr/lib/x86_64-linux-gnu] ==> [/usr/lib/x86_64-linux-gnu]
  collapse library dir [/usr/lib/../lib] ==> [/usr/lib]
  collapse library dir [/usr/lib/gcc/x86_64-linux-gnu/8/../../..] ==> [/usr/lib]
  implicit libs: [gcc;gcc_s;c;gcc;gcc_s]
  implicit dirs: [/usr/lib/gcc/x86_64-linux-gnu/8;/usr/lib/x86_64-linux-gnu;/usr/lib;/lib/x86_64-linux-gnu;/lib]
  implicit fwks: []




Detecting C [-std=c11] compiler features compiled with the following output:
Change Dir: /home/icaro/pesquisa_ucpel/aom_1.0/nbbuild/CMakeFiles/CMakeTmp

Run Build Command:"/usr/bin/make" "cmTC_60af5/fast"
/usr/bin/make -f CMakeFiles/cmTC_60af5.dir/build.make CMakeFiles/cmTC_60af5.dir/build
make[1]: Entering directory '/home/icaro/pesquisa_ucpel/aom_1.0/nbbuild/CMakeFiles/CMakeTmp'
Building C object CMakeFiles/cmTC_60af5.dir/feature_tests.c.o
/usr/bin/gcc   -std=c11 -o CMakeFiles/cmTC_60af5.dir/feature_tests.c.o   -c /home/icaro/pesquisa_ucpel/aom_1.0/nbbuild/CMakeFiles/feature_tests.c
Linking C executable cmTC_60af5
/usr/bin/cmake -E cmake_link_script CMakeFiles/cmTC_60af5.dir/link.txt --verbose=1
/usr/bin/gcc      CMakeFiles/cmTC_60af5.dir/feature_tests.c.o  -o cmTC_60af5 
make[1]: Leaving directory '/home/icaro/pesquisa_ucpel/aom_1.0/nbbuild/CMakeFiles/CMakeTmp'


    Feature record: C_FEATURE:1c_function_prototypes
    Feature record: C_FEATURE:1c_restrict
    Feature record: C_FEATURE:1c_static_assert
    Feature record: C_FEATURE:1c_variadic_macros


Detecting C [-std=c99] compiler features compiled with the following output:
Change Dir: /home/icaro/pesquisa_ucpel/aom_1.0/nbbuild/CMakeFiles/CMakeTmp

Run Build Command:"/usr/bin/make" "cmTC_0b7dd/fast"
/usr/bin/make -f CMakeFiles/cmTC_0b7dd.dir/build.make CMakeFiles/cmTC_0b7dd.dir/build
make[1]: Entering directory '/home/icaro/pesquisa_ucpel/aom_1.0/nbbuild/CMakeFiles/CMakeTmp'
Building C object CMakeFiles/cmTC_0b7dd.dir/feature_tests.c.o
/usr/bin/gcc   -std=c99 -o CMakeFiles/cmTC_0b7dd.dir/feature_tests.c.o   -c /home/icaro/pesquisa_ucpel/aom_1.0/nbbuild/CMakeFiles/feature_tests.c
Linking C executable cmTC_0b7dd
/usr/bin/cmake -E cmake_link_script CMakeFiles/cmTC_0b7dd.dir/link.txt --verbose=1
/usr/bin/gcc      CMakeFiles/cmTC_0b7dd.dir/feature_tests.c.o  -o cmTC_0b7dd 
make[1]: Leaving directory '/home/icaro/pesquisa_ucpel/aom_1.0/nbbuild/CMakeFiles/CMakeTmp'


    Feature record: C_FEATURE:1c_function_prototypes
    Feature record: C_FEATURE:1c_restrict
    Feature record: C_FEATURE:0c_static_assert
    Feature record: C_FEATURE:1c_variadic_macros


Detecting C [-std=c90] compiler features compiled with the following output:
Change Dir: /home/icaro/pesquisa_ucpel/aom_1.0/nbbuild/CMakeFiles/CMakeTmp

Run Build Command:"/usr/bin/make" "cmTC_5fbf2/fast"
/usr/bin/make -f CMakeFiles/cmTC_5fbf2.dir/build.make CMakeFiles/cmTC_5fbf2.dir/build
make[1]: Entering directory '/home/icaro/pesquisa_ucpel/aom_1.0/nbbuild/CMakeFiles/CMakeTmp'
Building C object CMakeFiles/cmTC_5fbf2.dir/feature_tests.c.o
/usr/bin/gcc   -std=c90 -o CMakeFiles/cmTC_5fbf2.dir/feature_tests.c.o   -c /home/icaro/pesquisa_ucpel/aom_1.0/nbbuild/CMakeFiles/feature_tests.c
Linking C executable cmTC_5fbf2
/usr/bin/cmake -E cmake_link_script CMakeFiles/cmTC_5fbf2.dir/link.txt --verbose=1
/usr/bin/gcc      CMakeFiles/cmTC_5fbf2.dir/feature_tests.c.o  -o cmTC_5fbf2 
make[1]: Leaving directory '/home/icaro/pesquisa_ucpel/aom_1.0/nbbuild/CMakeFiles/CMakeTmp'


    Feature record: C_FEATURE:1c_function_prototypes
    Feature record: C_FEATURE:0c_restrict
    Feature record: C_FEATURE:0c_static_assert
    Feature record: C_FEATURE:0c_variadic_macros
Determining if the CXX compiler works passed with the following output:
Change Dir: /home/icaro/pesquisa_ucpel/aom_1.0/nbbuild/CMakeFiles/CMakeTmp

Run Build Command:"/usr/bin/make" "cmTC_b1b4b/fast"
/usr/bin/make -f CMakeFiles/cmTC_b1b4b.dir/build.make CMakeFiles/cmTC_b1b4b.dir/build
make[1]: Entering directory '/home/icaro/pesquisa_ucpel/aom_1.0/nbbuild/CMakeFiles/CMakeTmp'
Building CXX object CMakeFiles/cmTC_b1b4b.dir/testCXXCompiler.cxx.o
/usr/bin/g++     -o CMakeFiles/cmTC_b1b4b.dir/testCXXCompiler.cxx.o -c /home/icaro/pesquisa_ucpel/aom_1.0/nbbuild/CMakeFiles/CMakeTmp/testCXXCompiler.cxx
Linking CXX executable cmTC_b1b4b
/usr/bin/cmake -E cmake_link_script CMakeFiles/cmTC_b1b4b.dir/link.txt --verbose=1
/usr/bin/g++       CMakeFiles/cmTC_b1b4b.dir/testCXXCompiler.cxx.o  -o cmTC_b1b4b 
make[1]: Leaving directory '/home/icaro/pesquisa_ucpel/aom_1.0/nbbuild/CMakeFiles/CMakeTmp'


Detecting CXX compiler ABI info compiled with the following output:
Change Dir: /home/icaro/pesquisa_ucpel/aom_1.0/nbbuild/CMakeFiles/CMakeTmp

Run Build Command:"/usr/bin/make" "cmTC_8b37a/fast"
/usr/bin/make -f CMakeFiles/cmTC_8b37a.dir/build.make CMakeFiles/cmTC_8b37a.dir/build
make[1]: Entering directory '/home/icaro/pesquisa_ucpel/aom_1.0/nbbuild/CMakeFiles/CMakeTmp'
Building CXX object CMakeFiles/cmTC_8b37a.dir/CMakeCXXCompilerABI.cpp.o
/usr/bin/g++     -o CMakeFiles/cmTC_8b37a.dir/CMakeCXXCompilerABI.cpp.o -c /usr/share/cmake-3.13/Modules/CMakeCXXCompilerABI.cpp
Linking CXX executable cmTC_8b37a
/usr/bin/cmake -E cmake_link_script CMakeFiles/cmTC_8b37a.dir/link.txt --verbose=1
/usr/bin/g++      -v CMakeFiles/cmTC_8b37a.dir/CMakeCXXCompilerABI.cpp.o  -o cmTC_8b37a 
Using built-in specs.
COLLECT_GCC=/usr/bin/g++
COLLECT_LTO_WRAPPER=/usr/lib/gcc/x86_64-linux-gnu/8/lto-wrapper
OFFLOAD_TARGET_NAMES=nvptx-none
OFFLOAD_TARGET_DEFAULT=1
Target: x86_64-linux-gnu
Configured with: ../src/configure -v --with-pkgversion='Ubuntu 8.3.0-6ubuntu1' --with-bugurl=file:///usr/share/doc/gcc-8/README.Bugs --enable-languages=c,ada,c++,go,brig,d,fortran,objc,obj-c++ --prefix=/usr --with-gcc-major-version-only --program-suffix=-8 --program-prefix=x86_64-linux-gnu- --enable-shared --enable-linker-build-id --libexecdir=/usr/lib --without-included-gettext --enable-threads=posix --libdir=/usr/lib --enable-nls --enable-bootstrap --enable-clocale=gnu --enable-libstdcxx-debug --enable-libstdcxx-time=yes --with-default-libstdcxx-abi=new --enable-gnu-unique-object --disable-vtable-verify --enable-libmpx --enable-plugin --enable-default-pie --with-system-zlib --with-target-system-zlib --enable-objc-gc=auto --enable-multiarch --disable-werror --with-arch-32=i686 --with-abi=m64 --with-multilib-list=m32,m64,mx32 --enable-multilib --with-tune=generic --enable-offload-targets=nvptx-none --without-cuda-driver --enable-checking=release --build=x86_64-linux-gnu --host=x86_64-linux-gnu --target=x86_64-linux-gnu
Thread model: posix
gcc version 8.3.0 (Ubuntu 8.3.0-6ubuntu1) 
COMPILER_PATH=/usr/lib/gcc/x86_64-linux-gnu/8/:/usr/lib/gcc/x86_64-linux-gnu/8/:/usr/lib/gcc/x86_64-linux-gnu/:/usr/lib/gcc/x86_64-linux-gnu/8/:/usr/lib/gcc/x86_64-linux-gnu/
LIBRARY_PATH=/usr/lib/gcc/x86_64-linux-gnu/8/:/usr/lib/gcc/x86_64-linux-gnu/8/../../../x86_64-linux-gnu/:/usr/lib/gcc/x86_64-linux-gnu/8/../../../../lib/:/lib/x86_64-linux-gnu/:/lib/../lib/:/usr/lib/x86_64-linux-gnu/:/usr/lib/../lib/:/usr/lib/gcc/x86_64-linux-gnu/8/../../../:/lib/:/usr/lib/
COLLECT_GCC_OPTIONS='-v' '-o' 'cmTC_8b37a' '-shared-libgcc' '-mtune=generic' '-march=x86-64'
 /usr/lib/gcc/x86_64-linux-gnu/8/collect2 -plugin /usr/lib/gcc/x86_64-linux-gnu/8/liblto_plugin.so -plugin-opt=/usr/lib/gcc/x86_64-linux-gnu/8/lto-wrapper -plugin-opt=-fresolution=/tmp/ccIAcDJt.res -plugin-opt=-pass-through=-lgcc_s -plugin-opt=-pass-through=-lgcc -plugin-opt=-pass-through=-lc -plugin-opt=-pass-through=-lgcc_s -plugin-opt=-pass-through=-lgcc --build-id --eh-frame-hdr -m elf_x86_64 --hash-style=gnu --as-needed -dynamic-linker /lib64/ld-linux-x86-64.so.2 -pie -z now -z relro -o cmTC_8b37a /usr/lib/gcc/x86_64-linux-gnu/8/../../../x86_64-linux-gnu/Scrt1.o /usr/lib/gcc/x86_64-linux-gnu/8/../../../x86_64-linux-gnu/crti.o /usr/lib/gcc/x86_64-linux-gnu/8/crtbeginS.o -L/usr/lib/gcc/x86_64-linux-gnu/8 -L/usr/lib/gcc/x86_64-linux-gnu/8/../../../x86_64-linux-gnu -L/usr/lib/gcc/x86_64-linux-gnu/8/../../../../lib -L/lib/x86_64-linux-gnu -L/lib/../lib -L/usr/lib/x86_64-linux-gnu -L/usr/lib/../lib -L/usr/lib/gcc/x86_64-linux-gnu/8/../../.. CMakeFiles/cmTC_8b37a.dir/CMakeCXXCompilerABI.cpp.o -lstdc++ -lm -lgcc_s -lgcc -lc -lgcc_s -lgcc /usr/lib/gcc/x86_64-linux-gnu/8/crtendS.o /usr/lib/gcc/x86_64-linux-gnu/8/../../../x86_64-linux-gnu/crtn.o
COLLECT_GCC_OPTIONS='-v' '-o' 'cmTC_8b37a' '-shared-libgcc' '-mtune=generic' '-march=x86-64'
make[1]: Leaving directory '/home/icaro/pesquisa_ucpel/aom_1.0/nbbuild/CMakeFiles/CMakeTmp'


Parsed CXX implicit link information from above output:
  link line regex: [^( *|.*[/\])(ld|CMAKE_LINK_STARTFILE-NOTFOUND|([^/\]+-)?ld|collect2)[^/\]*( |$)]
  ignore line: [Change Dir: /home/icaro/pesquisa_ucpel/aom_1.0/nbbuild/CMakeFiles/CMakeTmp]
  ignore line: []
  ignore line: [Run Build Command:"/usr/bin/make" "cmTC_8b37a/fast"]
  ignore line: [/usr/bin/make -f CMakeFiles/cmTC_8b37a.dir/build.make CMakeFiles/cmTC_8b37a.dir/build]
  ignore line: [make[1]: Entering directory '/home/icaro/pesquisa_ucpel/aom_1.0/nbbuild/CMakeFiles/CMakeTmp']
  ignore line: [Building CXX object CMakeFiles/cmTC_8b37a.dir/CMakeCXXCompilerABI.cpp.o]
  ignore line: [/usr/bin/g++     -o CMakeFiles/cmTC_8b37a.dir/CMakeCXXCompilerABI.cpp.o -c /usr/share/cmake-3.13/Modules/CMakeCXXCompilerABI.cpp]
  ignore line: [Linking CXX executable cmTC_8b37a]
  ignore line: [/usr/bin/cmake -E cmake_link_script CMakeFiles/cmTC_8b37a.dir/link.txt --verbose=1]
  ignore line: [/usr/bin/g++      -v CMakeFiles/cmTC_8b37a.dir/CMakeCXXCompilerABI.cpp.o  -o cmTC_8b37a ]
  ignore line: [Using built-in specs.]
  ignore line: [COLLECT_GCC=/usr/bin/g++]
  ignore line: [COLLECT_LTO_WRAPPER=/usr/lib/gcc/x86_64-linux-gnu/8/lto-wrapper]
  ignore line: [OFFLOAD_TARGET_NAMES=nvptx-none]
  ignore line: [OFFLOAD_TARGET_DEFAULT=1]
  ignore line: [Target: x86_64-linux-gnu]
  ignore line: [Configured with: ../src/configure -v --with-pkgversion='Ubuntu 8.3.0-6ubuntu1' --with-bugurl=file:///usr/share/doc/gcc-8/README.Bugs --enable-languages=c,ada,c++,go,brig,d,fortran,objc,obj-c++ --prefix=/usr --with-gcc-major-version-only --program-suffix=-8 --program-prefix=x86_64-linux-gnu- --enable-shared --enable-linker-build-id --libexecdir=/usr/lib --without-included-gettext --enable-threads=posix --libdir=/usr/lib --enable-nls --enable-bootstrap --enable-clocale=gnu --enable-libstdcxx-debug --enable-libstdcxx-time=yes --with-default-libstdcxx-abi=new --enable-gnu-unique-object --disable-vtable-verify --enable-libmpx --enable-plugin --enable-default-pie --with-system-zlib --with-target-system-zlib --enable-objc-gc=auto --enable-multiarch --disable-werror --with-arch-32=i686 --with-abi=m64 --with-multilib-list=m32,m64,mx32 --enable-multilib --with-tune=generic --enable-offload-targets=nvptx-none --without-cuda-driver --enable-checking=release --build=x86_64-linux-gnu --host=x86_64-linux-gnu --target=x86_64-linux-gnu]
  ignore line: [Thread model: posix]
  ignore line: [gcc version 8.3.0 (Ubuntu 8.3.0-6ubuntu1) ]
  ignore line: [COMPILER_PATH=/usr/lib/gcc/x86_64-linux-gnu/8/:/usr/lib/gcc/x86_64-linux-gnu/8/:/usr/lib/gcc/x86_64-linux-gnu/:/usr/lib/gcc/x86_64-linux-gnu/8/:/usr/lib/gcc/x86_64-linux-gnu/]
  ignore line: [LIBRARY_PATH=/usr/lib/gcc/x86_64-linux-gnu/8/:/usr/lib/gcc/x86_64-linux-gnu/8/../../../x86_64-linux-gnu/:/usr/lib/gcc/x86_64-linux-gnu/8/../../../../lib/:/lib/x86_64-linux-gnu/:/lib/../lib/:/usr/lib/x86_64-linux-gnu/:/usr/lib/../lib/:/usr/lib/gcc/x86_64-linux-gnu/8/../../../:/lib/:/usr/lib/]
  ignore line: [COLLECT_GCC_OPTIONS='-v' '-o' 'cmTC_8b37a' '-shared-libgcc' '-mtune=generic' '-march=x86-64']
  link line: [ /usr/lib/gcc/x86_64-linux-gnu/8/collect2 -plugin /usr/lib/gcc/x86_64-linux-gnu/8/liblto_plugin.so -plugin-opt=/usr/lib/gcc/x86_64-linux-gnu/8/lto-wrapper -plugin-opt=-fresolution=/tmp/ccIAcDJt.res -plugin-opt=-pass-through=-lgcc_s -plugin-opt=-pass-through=-lgcc -plugin-opt=-pass-through=-lc -plugin-opt=-pass-through=-lgcc_s -plugin-opt=-pass-through=-lgcc --build-id --eh-frame-hdr -m elf_x86_64 --hash-style=gnu --as-needed -dynamic-linker /lib64/ld-linux-x86-64.so.2 -pie -z now -z relro -o cmTC_8b37a /usr/lib/gcc/x86_64-linux-gnu/8/../../../x86_64-linux-gnu/Scrt1.o /usr/lib/gcc/x86_64-linux-gnu/8/../../../x86_64-linux-gnu/crti.o /usr/lib/gcc/x86_64-linux-gnu/8/crtbeginS.o -L/usr/lib/gcc/x86_64-linux-gnu/8 -L/usr/lib/gcc/x86_64-linux-gnu/8/../../../x86_64-linux-gnu -L/usr/lib/gcc/x86_64-linux-gnu/8/../../../../lib -L/lib/x86_64-linux-gnu -L/lib/../lib -L/usr/lib/x86_64-linux-gnu -L/usr/lib/../lib -L/usr/lib/gcc/x86_64-linux-gnu/8/../../.. CMakeFiles/cmTC_8b37a.dir/CMakeCXXCompilerABI.cpp.o -lstdc++ -lm -lgcc_s -lgcc -lc -lgcc_s -lgcc /usr/lib/gcc/x86_64-linux-gnu/8/crtendS.o /usr/lib/gcc/x86_64-linux-gnu/8/../../../x86_64-linux-gnu/crtn.o]
    arg [/usr/lib/gcc/x86_64-linux-gnu/8/collect2] ==> ignore
    arg [-plugin] ==> ignore
    arg [/usr/lib/gcc/x86_64-linux-gnu/8/liblto_plugin.so] ==> ignore
    arg [-plugin-opt=/usr/lib/gcc/x86_64-linux-gnu/8/lto-wrapper] ==> ignore
    arg [-plugin-opt=-fresolution=/tmp/ccIAcDJt.res] ==> ignore
    arg [-plugin-opt=-pass-through=-lgcc_s] ==> ignore
    arg [-plugin-opt=-pass-through=-lgcc] ==> ignore
    arg [-plugin-opt=-pass-through=-lc] ==> ignore
    arg [-plugin-opt=-pass-through=-lgcc_s] ==> ignore
    arg [-plugin-opt=-pass-through=-lgcc] ==> ignore
    arg [--build-id] ==> ignore
    arg [--eh-frame-hdr] ==> ignore
    arg [-m] ==> ignore
    arg [elf_x86_64] ==> ignore
    arg [--hash-style=gnu] ==> ignore
    arg [--as-needed] ==> ignore
    arg [-dynamic-linker] ==> ignore
    arg [/lib64/ld-linux-x86-64.so.2] ==> ignore
    arg [-pie] ==> ignore
    arg [-znow] ==> ignore
    arg [-zrelro] ==> ignore
    arg [-o] ==> ignore
    arg [cmTC_8b37a] ==> ignore
    arg [/usr/lib/gcc/x86_64-linux-gnu/8/../../../x86_64-linux-gnu/Scrt1.o] ==> ignore
    arg [/usr/lib/gcc/x86_64-linux-gnu/8/../../../x86_64-linux-gnu/crti.o] ==> ignore
    arg [/usr/lib/gcc/x86_64-linux-gnu/8/crtbeginS.o] ==> ignore
    arg [-L/usr/lib/gcc/x86_64-linux-gnu/8] ==> dir [/usr/lib/gcc/x86_64-linux-gnu/8]
    arg [-L/usr/lib/gcc/x86_64-linux-gnu/8/../../../x86_64-linux-gnu] ==> dir [/usr/lib/gcc/x86_64-linux-gnu/8/../../../x86_64-linux-gnu]
    arg [-L/usr/lib/gcc/x86_64-linux-gnu/8/../../../../lib] ==> dir [/usr/lib/gcc/x86_64-linux-gnu/8/../../../../lib]
    arg [-L/lib/x86_64-linux-gnu] ==> dir [/lib/x86_64-linux-gnu]
    arg [-L/lib/../lib] ==> dir [/lib/../lib]
    arg [-L/usr/lib/x86_64-linux-gnu] ==> dir [/usr/lib/x86_64-linux-gnu]
    arg [-L/usr/lib/../lib] ==> dir [/usr/lib/../lib]
    arg [-L/usr/lib/gcc/x86_64-linux-gnu/8/../../..] ==> dir [/usr/lib/gcc/x86_64-linux-gnu/8/../../..]
    arg [CMakeFiles/cmTC_8b37a.dir/CMakeCXXCompilerABI.cpp.o] ==> ignore
    arg [-lstdc++] ==> lib [stdc++]
    arg [-lm] ==> lib [m]
    arg [-lgcc_s] ==> lib [gcc_s]
    arg [-lgcc] ==> lib [gcc]
    arg [-lc] ==> lib [c]
    arg [-lgcc_s] ==> lib [gcc_s]
    arg [-lgcc] ==> lib [gcc]
    arg [/usr/lib/gcc/x86_64-linux-gnu/8/crtendS.o] ==> ignore
    arg [/usr/lib/gcc/x86_64-linux-gnu/8/../../../x86_64-linux-gnu/crtn.o] ==> ignore
  collapse library dir [/usr/lib/gcc/x86_64-linux-gnu/8] ==> [/usr/lib/gcc/x86_64-linux-gnu/8]
  collapse library dir [/usr/lib/gcc/x86_64-linux-gnu/8/../../../x86_64-linux-gnu] ==> [/usr/lib/x86_64-linux-gnu]
  collapse library dir [/usr/lib/gcc/x86_64-linux-gnu/8/../../../../lib] ==> [/usr/lib]
  collapse library dir [/lib/x86_64-linux-gnu] ==> [/lib/x86_64-linux-gnu]
  collapse library dir [/lib/../lib] ==> [/lib]
  collapse library dir [/usr/lib/x86_64-linux-gnu] ==> [/usr/lib/x86_64-linux-gnu]
  collapse library dir [/usr/lib/../lib] ==> [/usr/lib]
  collapse library dir [/usr/lib/gcc/x86_64-linux-gnu/8/../../..] ==> [/usr/lib]
  implicit libs: [stdc++;m;gcc_s;gcc;c;gcc_s;gcc]
  implicit dirs: [/usr/lib/gcc/x86_64-linux-gnu/8;/usr/lib/x86_64-linux-gnu;/usr/lib;/lib/x86_64-linux-gnu;/lib]
  implicit fwks: []




Detecting CXX [-std=c++2a] compiler features compiled with the following output:
Change Dir: /home/icaro/pesquisa_ucpel/aom_1.0/nbbuild/CMakeFiles/CMakeTmp

Run Build Command:"/usr/bin/make" "cmTC_81ffa/fast"
/usr/bin/make -f CMakeFiles/cmTC_81ffa.dir/build.make CMakeFiles/cmTC_81ffa.dir/build
make[1]: Entering directory '/home/icaro/pesquisa_ucpel/aom_1.0/nbbuild/CMakeFiles/CMakeTmp'
Building CXX object CMakeFiles/cmTC_81ffa.dir/feature_tests.cxx.o
/usr/bin/g++    -std=c++2a -o CMakeFiles/cmTC_81ffa.dir/feature_tests.cxx.o -c /home/icaro/pesquisa_ucpel/aom_1.0/nbbuild/CMakeFiles/feature_tests.cxx
Linking CXX executable cmTC_81ffa
/usr/bin/cmake -E cmake_link_script CMakeFiles/cmTC_81ffa.dir/link.txt --verbose=1
/usr/bin/g++       CMakeFiles/cmTC_81ffa.dir/feature_tests.cxx.o  -o cmTC_81ffa 
make[1]: Leaving directory '/home/icaro/pesquisa_ucpel/aom_1.0/nbbuild/CMakeFiles/CMakeTmp'


    Feature record: CXX_FEATURE:1cxx_aggregate_default_initializers
    Feature record: CXX_FEATURE:1cxx_alias_templates
    Feature record: CXX_FEATURE:1cxx_alignas
    Feature record: CXX_FEATURE:1cxx_alignof
    Feature record: CXX_FEATURE:1cxx_attributes
    Feature record: CXX_FEATURE:1cxx_attribute_deprecated
    Feature record: CXX_FEATURE:1cxx_auto_type
    Feature record: CXX_FEATURE:1cxx_binary_literals
    Feature record: CXX_FEATURE:1cxx_constexpr
    Feature record: CXX_FEATURE:1cxx_contextual_conversions
    Feature record: CXX_FEATURE:1cxx_decltype
    Feature record: CXX_FEATURE:1cxx_decltype_auto
    Feature record: CXX_FEATURE:1cxx_decltype_incomplete_return_types
    Feature record: CXX_FEATURE:1cxx_default_function_template_args
    Feature record: CXX_FEATURE:1cxx_defaulted_functions
    Feature record: CXX_FEATURE:1cxx_defaulted_move_initializers
    Feature record: CXX_FEATURE:1cxx_delegating_constructors
    Feature record: CXX_FEATURE:1cxx_deleted_functions
    Feature record: CXX_FEATURE:1cxx_digit_separators
    Feature record: CXX_FEATURE:1cxx_enum_forward_declarations
    Feature record: CXX_FEATURE:1cxx_explicit_conversions
    Feature record: CXX_FEATURE:1cxx_extended_friend_declarations
    Feature record: CXX_FEATURE:1cxx_extern_templates
    Feature record: CXX_FEATURE:1cxx_final
    Feature record: CXX_FEATURE:1cxx_func_identifier
    Feature record: CXX_FEATURE:1cxx_generalized_initializers
    Feature record: CXX_FEATURE:1cxx_generic_lambdas
    Feature record: CXX_FEATURE:1cxx_inheriting_constructors
    Feature record: CXX_FEATURE:1cxx_inline_namespaces
    Feature record: CXX_FEATURE:1cxx_lambdas
    Feature record: CXX_FEATURE:1cxx_lambda_init_captures
    Feature record: CXX_FEATURE:1cxx_local_type_template_args
    Feature record: CXX_FEATURE:1cxx_long_long_type
    Feature record: CXX_FEATURE:1cxx_noexcept
    Feature record: CXX_FEATURE:1cxx_nonstatic_member_init
    Feature record: CXX_FEATURE:1cxx_nullptr
    Feature record: CXX_FEATURE:1cxx_override
    Feature record: CXX_FEATURE:1cxx_range_for
    Feature record: CXX_FEATURE:1cxx_raw_string_literals
    Feature record: CXX_FEATURE:1cxx_reference_qualified_functions
    Feature record: CXX_FEATURE:1cxx_relaxed_constexpr
    Feature record: CXX_FEATURE:1cxx_return_type_deduction
    Feature record: CXX_FEATURE:1cxx_right_angle_brackets
    Feature record: CXX_FEATURE:1cxx_rvalue_references
    Feature record: CXX_FEATURE:1cxx_sizeof_member
    Feature record: CXX_FEATURE:1cxx_static_assert
    Feature record: CXX_FEATURE:1cxx_strong_enums
    Feature record: CXX_FEATURE:1cxx_template_template_parameters
    Feature record: CXX_FEATURE:1cxx_thread_local
    Feature record: CXX_FEATURE:1cxx_trailing_return_types
    Feature record: CXX_FEATURE:1cxx_unicode_literals
    Feature record: CXX_FEATURE:1cxx_uniform_initialization
    Feature record: CXX_FEATURE:1cxx_unrestricted_unions
    Feature record: CXX_FEATURE:1cxx_user_literals
    Feature record: CXX_FEATURE:1cxx_variable_templates
    Feature record: CXX_FEATURE:1cxx_variadic_macros
    Feature record: CXX_FEATURE:1cxx_variadic_templates


Detecting CXX [-std=c++17] compiler features compiled with the following output:
Change Dir: /home/icaro/pesquisa_ucpel/aom_1.0/nbbuild/CMakeFiles/CMakeTmp

Run Build Command:"/usr/bin/make" "cmTC_34186/fast"
/usr/bin/make -f CMakeFiles/cmTC_34186.dir/build.make CMakeFiles/cmTC_34186.dir/build
make[1]: Entering directory '/home/icaro/pesquisa_ucpel/aom_1.0/nbbuild/CMakeFiles/CMakeTmp'
Building CXX object CMakeFiles/cmTC_34186.dir/feature_tests.cxx.o
/usr/bin/g++    -std=c++17 -o CMakeFiles/cmTC_34186.dir/feature_tests.cxx.o -c /home/icaro/pesquisa_ucpel/aom_1.0/nbbuild/CMakeFiles/feature_tests.cxx
Linking CXX executable cmTC_34186
/usr/bin/cmake -E cmake_link_script CMakeFiles/cmTC_34186.dir/link.txt --verbose=1
/usr/bin/g++       CMakeFiles/cmTC_34186.dir/feature_tests.cxx.o  -o cmTC_34186 
make[1]: Leaving directory '/home/icaro/pesquisa_ucpel/aom_1.0/nbbuild/CMakeFiles/CMakeTmp'


    Feature record: CXX_FEATURE:1cxx_aggregate_default_initializers
    Feature record: CXX_FEATURE:1cxx_alias_templates
    Feature record: CXX_FEATURE:1cxx_alignas
    Feature record: CXX_FEATURE:1cxx_alignof
    Feature record: CXX_FEATURE:1cxx_attributes
    Feature record: CXX_FEATURE:1cxx_attribute_deprecated
    Feature record: CXX_FEATURE:1cxx_auto_type
    Feature record: CXX_FEATURE:1cxx_binary_literals
    Feature record: CXX_FEATURE:1cxx_constexpr
    Feature record: CXX_FEATURE:1cxx_contextual_conversions
    Feature record: CXX_FEATURE:1cxx_decltype
    Feature record: CXX_FEATURE:1cxx_decltype_auto
    Feature record: CXX_FEATURE:1cxx_decltype_incomplete_return_types
    Feature record: CXX_FEATURE:1cxx_default_function_template_args
    Feature record: CXX_FEATURE:1cxx_defaulted_functions
    Feature record: CXX_FEATURE:1cxx_defaulted_move_initializers
    Feature record: CXX_FEATURE:1cxx_delegating_constructors
    Feature record: CXX_FEATURE:1cxx_deleted_functions
    Feature record: CXX_FEATURE:1cxx_digit_separators
    Feature record: CXX_FEATURE:1cxx_enum_forward_declarations
    Feature record: CXX_FEATURE:1cxx_explicit_conversions
    Feature record: CXX_FEATURE:1cxx_extended_friend_declarations
    Feature record: CXX_FEATURE:1cxx_extern_templates
    Feature record: CXX_FEATURE:1cxx_final
    Feature record: CXX_FEATURE:1cxx_func_identifier
    Feature record: CXX_FEATURE:1cxx_generalized_initializers
    Feature record: CXX_FEATURE:1cxx_generic_lambdas
    Feature record: CXX_FEATURE:1cxx_inheriting_constructors
    Feature record: CXX_FEATURE:1cxx_inline_namespaces
    Feature record: CXX_FEATURE:1cxx_lambdas
    Feature record: CXX_FEATURE:1cxx_lambda_init_captures
    Feature record: CXX_FEATURE:1cxx_local_type_template_args
    Feature record: CXX_FEATURE:1cxx_long_long_type
    Feature record: CXX_FEATURE:1cxx_noexcept
    Feature record: CXX_FEATURE:1cxx_nonstatic_member_init
    Feature record: CXX_FEATURE:1cxx_nullptr
    Feature record: CXX_FEATURE:1cxx_override
    Feature record: CXX_FEATURE:1cxx_range_for
    Feature record: CXX_FEATURE:1cxx_raw_string_literals
    Feature record: CXX_FEATURE:1cxx_reference_qualified_functions
    Feature record: CXX_FEATURE:1cxx_relaxed_constexpr
    Feature record: CXX_FEATURE:1cxx_return_type_deduction
    Feature record: CXX_FEATURE:1cxx_right_angle_brackets
    Feature record: CXX_FEATURE:1cxx_rvalue_references
    Feature record: CXX_FEATURE:1cxx_sizeof_member
    Feature record: CXX_FEATURE:1cxx_static_assert
    Feature record: CXX_FEATURE:1cxx_strong_enums
    Feature record: CXX_FEATURE:1cxx_template_template_parameters
    Feature record: CXX_FEATURE:1cxx_thread_local
    Feature record: CXX_FEATURE:1cxx_trailing_return_types
    Feature record: CXX_FEATURE:1cxx_unicode_literals
    Feature record: CXX_FEATURE:1cxx_uniform_initialization
    Feature record: CXX_FEATURE:1cxx_unrestricted_unions
    Feature record: CXX_FEATURE:1cxx_user_literals
    Feature record: CXX_FEATURE:1cxx_variable_templates
    Feature record: CXX_FEATURE:1cxx_variadic_macros
    Feature record: CXX_FEATURE:1cxx_variadic_templates


Detecting CXX [-std=c++14] compiler features compiled with the following output:
Change Dir: /home/icaro/pesquisa_ucpel/aom_1.0/nbbuild/CMakeFiles/CMakeTmp

Run Build Command:"/usr/bin/make" "cmTC_5a10b/fast"
/usr/bin/make -f CMakeFiles/cmTC_5a10b.dir/build.make CMakeFiles/cmTC_5a10b.dir/build
make[1]: Entering directory '/home/icaro/pesquisa_ucpel/aom_1.0/nbbuild/CMakeFiles/CMakeTmp'
Building CXX object CMakeFiles/cmTC_5a10b.dir/feature_tests.cxx.o
/usr/bin/g++    -std=c++14 -o CMakeFiles/cmTC_5a10b.dir/feature_tests.cxx.o -c /home/icaro/pesquisa_ucpel/aom_1.0/nbbuild/CMakeFiles/feature_tests.cxx
Linking CXX executable cmTC_5a10b
/usr/bin/cmake -E cmake_link_script CMakeFiles/cmTC_5a10b.dir/link.txt --verbose=1
/usr/bin/g++       CMakeFiles/cmTC_5a10b.dir/feature_tests.cxx.o  -o cmTC_5a10b 
make[1]: Leaving directory '/home/icaro/pesquisa_ucpel/aom_1.0/nbbuild/CMakeFiles/CMakeTmp'


    Feature record: CXX_FEATURE:1cxx_aggregate_default_initializers
    Feature record: CXX_FEATURE:1cxx_alias_templates
    Feature record: CXX_FEATURE:1cxx_alignas
    Feature record: CXX_FEATURE:1cxx_alignof
    Feature record: CXX_FEATURE:1cxx_attributes
    Feature record: CXX_FEATURE:1cxx_attribute_deprecated
    Feature record: CXX_FEATURE:1cxx_auto_type
    Feature record: CXX_FEATURE:1cxx_binary_literals
    Feature record: CXX_FEATURE:1cxx_constexpr
    Feature record: CXX_FEATURE:1cxx_contextual_conversions
    Feature record: CXX_FEATURE:1cxx_decltype
    Feature record: CXX_FEATURE:1cxx_decltype_auto
    Feature record: CXX_FEATURE:1cxx_decltype_incomplete_return_types
    Feature record: CXX_FEATURE:1cxx_default_function_template_args
    Feature record: CXX_FEATURE:1cxx_defaulted_functions
    Feature record: CXX_FEATURE:1cxx_defaulted_move_initializers
    Feature record: CXX_FEATURE:1cxx_delegating_constructors
    Feature record: CXX_FEATURE:1cxx_deleted_functions
    Feature record: CXX_FEATURE:1cxx_digit_separators
    Feature record: CXX_FEATURE:1cxx_enum_forward_declarations
    Feature record: CXX_FEATURE:1cxx_explicit_conversions
    Feature record: CXX_FEATURE:1cxx_extended_friend_declarations
    Feature record: CXX_FEATURE:1cxx_extern_templates
    Feature record: CXX_FEATURE:1cxx_final
    Feature record: CXX_FEATURE:1cxx_func_identifier
    Feature record: CXX_FEATURE:1cxx_generalized_initializers
    Feature record: CXX_FEATURE:1cxx_generic_lambdas
    Feature record: CXX_FEATURE:1cxx_inheriting_constructors
    Feature record: CXX_FEATURE:1cxx_inline_namespaces
    Feature record: CXX_FEATURE:1cxx_lambdas
    Feature record: CXX_FEATURE:1cxx_lambda_init_captures
    Feature record: CXX_FEATURE:1cxx_local_type_template_args
    Feature record: CXX_FEATURE:1cxx_long_long_type
    Feature record: CXX_FEATURE:1cxx_noexcept
    Feature record: CXX_FEATURE:1cxx_nonstatic_member_init
    Feature record: CXX_FEATURE:1cxx_nullptr
    Feature record: CXX_FEATURE:1cxx_override
    Feature record: CXX_FEATURE:1cxx_range_for
    Feature record: CXX_FEATURE:1cxx_raw_string_literals
    Feature record: CXX_FEATURE:1cxx_reference_qualified_functions
    Feature record: CXX_FEATURE:1cxx_relaxed_constexpr
    Feature record: CXX_FEATURE:1cxx_return_type_deduction
    Feature record: CXX_FEATURE:1cxx_right_angle_brackets
    Feature record: CXX_FEATURE:1cxx_rvalue_references
    Feature record: CXX_FEATURE:1cxx_sizeof_member
    Feature record: CXX_FEATURE:1cxx_static_assert
    Feature record: CXX_FEATURE:1cxx_strong_enums
    Feature record: CXX_FEATURE:1cxx_template_template_parameters
    Feature record: CXX_FEATURE:1cxx_thread_local
    Feature record: CXX_FEATURE:1cxx_trailing_return_types
    Feature record: CXX_FEATURE:1cxx_unicode_literals
    Feature record: CXX_FEATURE:1cxx_uniform_initialization
    Feature record: CXX_FEATURE:1cxx_unrestricted_unions
    Feature record: CXX_FEATURE:1cxx_user_literals
    Feature record: CXX_FEATURE:1cxx_variable_templates
    Feature record: CXX_FEATURE:1cxx_variadic_macros
    Feature record: CXX_FEATURE:1cxx_variadic_templates


Detecting CXX [-std=c++11] compiler features compiled with the following output:
Change Dir: /home/icaro/pesquisa_ucpel/aom_1.0/nbbuild/CMakeFiles/CMakeTmp

Run Build Command:"/usr/bin/make" "cmTC_bfcb7/fast"
/usr/bin/make -f CMakeFiles/cmTC_bfcb7.dir/build.make CMakeFiles/cmTC_bfcb7.dir/build
make[1]: Entering directory '/home/icaro/pesquisa_ucpel/aom_1.0/nbbuild/CMakeFiles/CMakeTmp'
Building CXX object CMakeFiles/cmTC_bfcb7.dir/feature_tests.cxx.o
/usr/bin/g++    -std=c++11 -o CMakeFiles/cmTC_bfcb7.dir/feature_tests.cxx.o -c /home/icaro/pesquisa_ucpel/aom_1.0/nbbuild/CMakeFiles/feature_tests.cxx
Linking CXX executable cmTC_bfcb7
/usr/bin/cmake -E cmake_link_script CMakeFiles/cmTC_bfcb7.dir/link.txt --verbose=1
/usr/bin/g++       CMakeFiles/cmTC_bfcb7.dir/feature_tests.cxx.o  -o cmTC_bfcb7 
make[1]: Leaving directory '/home/icaro/pesquisa_ucpel/aom_1.0/nbbuild/CMakeFiles/CMakeTmp'


    Feature record: CXX_FEATURE:0cxx_aggregate_default_initializers
    Feature record: CXX_FEATURE:1cxx_alias_templates
    Feature record: CXX_FEATURE:1cxx_alignas
    Feature record: CXX_FEATURE:1cxx_alignof
    Feature record: CXX_FEATURE:1cxx_attributes
    Feature record: CXX_FEATURE:0cxx_attribute_deprecated
    Feature record: CXX_FEATURE:1cxx_auto_type
    Feature record: CXX_FEATURE:0cxx_binary_literals
    Feature record: CXX_FEATURE:1cxx_constexpr
    Feature record: CXX_FEATURE:0cxx_contextual_conversions
    Feature record: CXX_FEATURE:1cxx_decltype
    Feature record: CXX_FEATURE:0cxx_decltype_auto
    Feature record: CXX_FEATURE:1cxx_decltype_incomplete_return_types
    Feature record: CXX_FEATURE:1cxx_default_function_template_args
    Feature record: CXX_FEATURE:1cxx_defaulted_functions
    Feature record: CXX_FEATURE:1cxx_defaulted_move_initializers
    Feature record: CXX_FEATURE:1cxx_delegating_constructors
    Feature record: CXX_FEATURE:1cxx_deleted_functions
    Feature record: CXX_FEATURE:0cxx_digit_separators
    Feature record: CXX_FEATURE:1cxx_enum_forward_declarations
    Feature record: CXX_FEATURE:1cxx_explicit_conversions
    Feature record: CXX_FEATURE:1cxx_extended_friend_declarations
    Feature record: CXX_FEATURE:1cxx_extern_templates
    Feature record: CXX_FEATURE:1cxx_final
    Feature record: CXX_FEATURE:1cxx_func_identifier
    Feature record: CXX_FEATURE:1cxx_generalized_initializers
    Feature record: CXX_FEATURE:0cxx_generic_lambdas
    Feature record: CXX_FEATURE:1cxx_inheriting_constructors
    Feature record: CXX_FEATURE:1cxx_inline_namespaces
    Feature record: CXX_FEATURE:1cxx_lambdas
    Feature record: CXX_FEATURE:0cxx_lambda_init_captures
    Feature record: CXX_FEATURE:1cxx_local_type_template_args
    Feature record: CXX_FEATURE:1cxx_long_long_type
    Feature record: CXX_FEATURE:1cxx_noexcept
    Feature record: CXX_FEATURE:1cxx_nonstatic_member_init
    Feature record: CXX_FEATURE:1cxx_nullptr
    Feature record: CXX_FEATURE:1cxx_override
    Feature record: CXX_FEATURE:1cxx_range_for
    Feature record: CXX_FEATURE:1cxx_raw_string_literals
    Feature record: CXX_FEATURE:1cxx_reference_qualified_functions
    Feature record: CXX_FEATURE:0cxx_relaxed_constexpr
    Feature record: CXX_FEATURE:0cxx_return_type_deduction
    Feature record: CXX_FEATURE:1cxx_right_angle_brackets
    Feature record: CXX_FEATURE:1cxx_rvalue_references
    Feature record: CXX_FEATURE:1cxx_sizeof_member
    Feature record: CXX_FEATURE:1cxx_static_assert
    Feature record: CXX_FEATURE:1cxx_strong_enums
    Feature record: CXX_FEATURE:1cxx_template_template_parameters
    Feature record: CXX_FEATURE:1cxx_thread_local
    Feature record: CXX_FEATURE:1cxx_trailing_return_types
    Feature record: CXX_FEATURE:1cxx_unicode_literals
    Feature record: CXX_FEATURE:1cxx_uniform_initialization
    Feature record: CXX_FEATURE:1cxx_unrestricted_unions
    Feature record: CXX_FEATURE:1cxx_user_literals
    Feature record: CXX_FEATURE:0cxx_variable_templates
    Feature record: CXX_FEATURE:1cxx_variadic_macros
    Feature record: CXX_FEATURE:1cxx_variadic_templates


Detecting CXX [-std=c++98] compiler features compiled with the following output:
Change Dir: /home/icaro/pesquisa_ucpel/aom_1.0/nbbuild/CMakeFiles/CMakeTmp

Run Build Command:"/usr/bin/make" "cmTC_0a267/fast"
/usr/bin/make -f CMakeFiles/cmTC_0a267.dir/build.make CMakeFiles/cmTC_0a267.dir/build
make[1]: Entering directory '/home/icaro/pesquisa_ucpel/aom_1.0/nbbuild/CMakeFiles/CMakeTmp'
Building CXX object CMakeFiles/cmTC_0a267.dir/feature_tests.cxx.o
/usr/bin/g++    -std=c++98 -o CMakeFiles/cmTC_0a267.dir/feature_tests.cxx.o -c /home/icaro/pesquisa_ucpel/aom_1.0/nbbuild/CMakeFiles/feature_tests.cxx
Linking CXX executable cmTC_0a267
/usr/bin/cmake -E cmake_link_script CMakeFiles/cmTC_0a267.dir/link.txt --verbose=1
/usr/bin/g++       CMakeFiles/cmTC_0a267.dir/feature_tests.cxx.o  -o cmTC_0a267 
make[1]: Leaving directory '/home/icaro/pesquisa_ucpel/aom_1.0/nbbuild/CMakeFiles/CMakeTmp'


    Feature record: CXX_FEATURE:0cxx_aggregate_default_initializers
    Feature record: CXX_FEATURE:0cxx_alias_templates
    Feature record: CXX_FEATURE:0cxx_alignas
    Feature record: CXX_FEATURE:0cxx_alignof
    Feature record: CXX_FEATURE:0cxx_attributes
    Feature record: CXX_FEATURE:0cxx_attribute_deprecated
    Feature record: CXX_FEATURE:0cxx_auto_type
    Feature record: CXX_FEATURE:0cxx_binary_literals
    Feature record: CXX_FEATURE:0cxx_constexpr
    Feature record: CXX_FEATURE:0cxx_contextual_conversions
    Feature record: CXX_FEATURE:0cxx_decltype
    Feature record: CXX_FEATURE:0cxx_decltype_auto
    Feature record: CXX_FEATURE:0cxx_decltype_incomplete_return_types
    Feature record: CXX_FEATURE:0cxx_default_function_template_args
    Feature record: CXX_FEATURE:0cxx_defaulted_functions
    Feature record: CXX_FEATURE:0cxx_defaulted_move_initializers
    Feature record: CXX_FEATURE:0cxx_delegating_constructors
    Feature record: CXX_FEATURE:0cxx_deleted_functions
    Feature record: CXX_FEATURE:0cxx_digit_separators
    Feature record: CXX_FEATURE:0cxx_enum_forward_declarations
    Feature record: CXX_FEATURE:0cxx_explicit_conversions
    Feature record: CXX_FEATURE:0cxx_extended_friend_declarations
    Feature record: CXX_FEATURE:0cxx_extern_templates
    Feature record: CXX_FEATURE:0cxx_final
    Feature record: CXX_FEATURE:0cxx_func_identifier
    Feature record: CXX_FEATURE:0cxx_generalized_initializers
    Feature record: CXX_FEATURE:0cxx_generic_lambdas
    Feature record: CXX_FEATURE:0cxx_inheriting_constructors
    Feature record: CXX_FEATURE:0cxx_inline_namespaces
    Feature record: CXX_FEATURE:0cxx_lambdas
    Feature record: CXX_FEATURE:0cxx_lambda_init_captures
    Feature record: CXX_FEATURE:0cxx_local_type_template_args
    Feature record: CXX_FEATURE:0cxx_long_long_type
    Feature record: CXX_FEATURE:0cxx_noexcept
    Feature record: CXX_FEATURE:0cxx_nonstatic_member_init
    Feature record: CXX_FEATURE:0cxx_nullptr
    Feature record: CXX_FEATURE:0cxx_override
    Feature record: CXX_FEATURE:0cxx_range_for
    Feature record: CXX_FEATURE:0cxx_raw_string_literals
    Feature record: CXX_FEATURE:0cxx_reference_qualified_functions
    Feature record: CXX_FEATURE:0cxx_relaxed_constexpr
    Feature record: CXX_FEATURE:0cxx_return_type_deduction
    Feature record: CXX_FEATURE:0cxx_right_angle_brackets
    Feature record: CXX_FEATURE:0cxx_rvalue_references
    Feature record: CXX_FEATURE:0cxx_sizeof_member
    Feature record: CXX_FEATURE:0cxx_static_assert
    Feature record: CXX_FEATURE:0cxx_strong_enums
    Feature record: CXX_FEATURE:1cxx_template_template_parameters
    Feature record: CXX_FEATURE:0cxx_thread_local
    Feature record: CXX_FEATURE:0cxx_trailing_return_types
    Feature record: CXX_FEATURE:0cxx_unicode_literals
    Feature record: CXX_FEATURE:0cxx_uniform_initialization
    Feature record: CXX_FEATURE:0cxx_unrestricted_unions
    Feature record: CXX_FEATURE:0cxx_user_literals
    Feature record: CXX_FEATURE:0cxx_variable_templates
    Feature record: CXX_FEATURE:0cxx_variadic_macros
    Feature record: CXX_FEATURE:0cxx_variadic_templates
Determining if the include file pthread.h exists passed with the following output:
Change Dir: /home/icaro/pesquisa_ucpel/aom_1.0/nbbuild/CMakeFiles/CMakeTmp

Run Build Command:"/usr/bin/make" "cmTC_4f50a/fast"
/usr/bin/make -f CMakeFiles/cmTC_4f50a.dir/build.make CMakeFiles/cmTC_4f50a.dir/build
make[1]: Entering directory '/home/icaro/pesquisa_ucpel/aom_1.0/nbbuild/CMakeFiles/CMakeTmp'
Building C object CMakeFiles/cmTC_4f50a.dir/CheckIncludeFile.c.o
/usr/bin/gcc    -o CMakeFiles/cmTC_4f50a.dir/CheckIncludeFile.c.o   -c /home/icaro/pesquisa_ucpel/aom_1.0/nbbuild/CMakeFiles/CMakeTmp/CheckIncludeFile.c
Linking C executable cmTC_4f50a
/usr/bin/cmake -E cmake_link_script CMakeFiles/cmTC_4f50a.dir/link.txt --verbose=1
/usr/bin/gcc      CMakeFiles/cmTC_4f50a.dir/CheckIncludeFile.c.o  -o cmTC_4f50a 
make[1]: Leaving directory '/home/icaro/pesquisa_ucpel/aom_1.0/nbbuild/CMakeFiles/CMakeTmp'


Determining if the function pthread_create exists in the pthread passed with the following output:
Change Dir: /home/icaro/pesquisa_ucpel/aom_1.0/nbbuild/CMakeFiles/CMakeTmp

Run Build Command:"/usr/bin/make" "cmTC_cea39/fast"
/usr/bin/make -f CMakeFiles/cmTC_cea39.dir/build.make CMakeFiles/cmTC_cea39.dir/build
make[1]: Entering directory '/home/icaro/pesquisa_ucpel/aom_1.0/nbbuild/CMakeFiles/CMakeTmp'
Building C object CMakeFiles/cmTC_cea39.dir/CheckFunctionExists.c.o
/usr/bin/gcc   -DCHECK_FUNCTION_EXISTS=pthread_create   -o CMakeFiles/cmTC_cea39.dir/CheckFunctionExists.c.o   -c /usr/share/cmake-3.13/Modules/CheckFunctionExists.c
Linking C executable cmTC_cea39
/usr/bin/cmake -E cmake_link_script CMakeFiles/cmTC_cea39.dir/link.txt --verbose=1
/usr/bin/gcc  -DCHECK_FUNCTION_EXISTS=pthread_create    CMakeFiles/cmTC_cea39.dir/CheckFunctionExists.c.o  -o cmTC_cea39 -lpthread 
make[1]: Leaving directory '/home/icaro/pesquisa_ucpel/aom_1.0/nbbuild/CMakeFiles/CMakeTmp'


Performing C SOURCE FILE Test C_TEST_COMPILED succeeded with the following output:
Change Dir: /home/icaro/pesquisa_ucpel/aom_1.0/nbbuild/CMakeFiles/CMakeTmp

Run Build Command:"/usr/bin/make" "cmTC_e23fc/fast"
/usr/bin/make -f CMakeFiles/cmTC_e23fc.dir/build.make CMakeFiles/cmTC_e23fc.dir/build
make[1]: Entering directory '/home/icaro/pesquisa_ucpel/aom_1.0/nbbuild/CMakeFiles/CMakeTmp'
Building C object CMakeFiles/cmTC_e23fc.dir/src.c.o
/usr/bin/gcc   -DC_TEST_COMPILED   -o CMakeFiles/cmTC_e23fc.dir/src.c.o   -c /home/icaro/pesquisa_ucpel/aom_1.0/nbbuild/CMakeFiles/CMakeTmp/src.c
Linking C executable cmTC_e23fc
/usr/bin/cmake -E cmake_link_script CMakeFiles/cmTC_e23fc.dir/link.txt --verbose=1
/usr/bin/gcc  -DC_TEST_COMPILED    CMakeFiles/cmTC_e23fc.dir/src.c.o  -o cmTC_e23fc 
make[1]: Leaving directory '/home/icaro/pesquisa_ucpel/aom_1.0/nbbuild/CMakeFiles/CMakeTmp'

Source file was:
static inline void function(void) {} 
int main(void) { return 0; }
Performing C++ SOURCE FILE Test CXX_TEST_COMPILED succeeded with the following output:
Change Dir: /home/icaro/pesquisa_ucpel/aom_1.0/nbbuild/CMakeFiles/CMakeTmp

Run Build Command:"/usr/bin/make" "cmTC_4adc1/fast"
/usr/bin/make -f CMakeFiles/cmTC_4adc1.dir/build.make CMakeFiles/cmTC_4adc1.dir/build
make[1]: Entering directory '/home/icaro/pesquisa_ucpel/aom_1.0/nbbuild/CMakeFiles/CMakeTmp'
Building CXX object CMakeFiles/cmTC_4adc1.dir/src.cxx.o
/usr/bin/g++    -DCXX_TEST_COMPILED   -o CMakeFiles/cmTC_4adc1.dir/src.cxx.o -c /home/icaro/pesquisa_ucpel/aom_1.0/nbbuild/CMakeFiles/CMakeTmp/src.cxx
Linking CXX executable cmTC_4adc1
/usr/bin/cmake -E cmake_link_script CMakeFiles/cmTC_4adc1.dir/link.txt --verbose=1
/usr/bin/g++   -DCXX_TEST_COMPILED    CMakeFiles/cmTC_4adc1.dir/src.cxx.o  -o cmTC_4adc1 
make[1]: Leaving directory '/home/icaro/pesquisa_ucpel/aom_1.0/nbbuild/CMakeFiles/CMakeTmp'

Source file was:
static inline void function(void) {} 
int main() { return 0; }
Performing C SOURCE FILE Test C_TEST_COMPILED succeeded with the following output:
Change Dir: /home/icaro/pesquisa_ucpel/aom_1.0/nbbuild/CMakeFiles/CMakeTmp

Run Build Command:"/usr/bin/make" "cmTC_e58e3/fast"
/usr/bin/make -f CMakeFiles/cmTC_e58e3.dir/build.make CMakeFiles/cmTC_e58e3.dir/build
make[1]: Entering directory '/home/icaro/pesquisa_ucpel/aom_1.0/nbbuild/CMakeFiles/CMakeTmp'
Building C object CMakeFiles/cmTC_e58e3.dir/src.c.o
/usr/bin/gcc   -DC_TEST_COMPILED   -o CMakeFiles/cmTC_e58e3.dir/src.c.o   -c /home/icaro/pesquisa_ucpel/aom_1.0/nbbuild/CMakeFiles/CMakeTmp/src.c
Linking C executable cmTC_e58e3
/usr/bin/cmake -E cmake_link_script CMakeFiles/cmTC_e58e3.dir/link.txt --verbose=1
/usr/bin/gcc  -DC_TEST_COMPILED    CMakeFiles/cmTC_e58e3.dir/src.c.o  -o cmTC_e58e3 
make[1]: Leaving directory '/home/icaro/pesquisa_ucpel/aom_1.0/nbbuild/CMakeFiles/CMakeTmp'

Source file was:
#include <unistd.h> 
int main(void) { return 0; }
Performing C++ SOURCE FILE Test CXX_TEST_COMPILED succeeded with the following output:
Change Dir: /home/icaro/pesquisa_ucpel/aom_1.0/nbbuild/CMakeFiles/CMakeTmp

Run Build Command:"/usr/bin/make" "cmTC_3d261/fast"
/usr/bin/make -f CMakeFiles/cmTC_3d261.dir/build.make CMakeFiles/cmTC_3d261.dir/build
make[1]: Entering directory '/home/icaro/pesquisa_ucpel/aom_1.0/nbbuild/CMakeFiles/CMakeTmp'
Building CXX object CMakeFiles/cmTC_3d261.dir/src.cxx.o
/usr/bin/g++    -DCXX_TEST_COMPILED   -o CMakeFiles/cmTC_3d261.dir/src.cxx.o -c /home/icaro/pesquisa_ucpel/aom_1.0/nbbuild/CMakeFiles/CMakeTmp/src.cxx
Linking CXX executable cmTC_3d261
/usr/bin/cmake -E cmake_link_script CMakeFiles/cmTC_3d261.dir/link.txt --verbose=1
/usr/bin/g++   -DCXX_TEST_COMPILED    CMakeFiles/cmTC_3d261.dir/src.cxx.o  -o cmTC_3d261 
make[1]: Leaving directory '/home/icaro/pesquisa_ucpel/aom_1.0/nbbuild/CMakeFiles/CMakeTmp'

Source file was:
#include <unistd.h> 
int main() { return 0; }
Performing C SOURCE FILE Test C_TEST_COMPILED succeeded with the following output:
Change Dir: /home/icaro/pesquisa_ucpel/aom_1.0/nbbuild/CMakeFiles/CMakeTmp

Run Build Command:"/usr/bin/make" "cmTC_31629/fast"
/usr/bin/make -f CMakeFiles/cmTC_31629.dir/build.make CMakeFiles/cmTC_31629.dir/build
make[1]: Entering directory '/home/icaro/pesquisa_ucpel/aom_1.0/nbbuild/CMakeFiles/CMakeTmp'
Building C object CMakeFiles/cmTC_31629.dir/src.c.o
/usr/bin/gcc   -DC_TEST_COMPILED   -o CMakeFiles/cmTC_31629.dir/src.c.o   -c /home/icaro/pesquisa_ucpel/aom_1.0/nbbuild/CMakeFiles/CMakeTmp/src.c
Linking C executable cmTC_31629
/usr/bin/cmake -E cmake_link_script CMakeFiles/cmTC_31629.dir/link.txt --verbose=1
/usr/bin/gcc  -DC_TEST_COMPILED    CMakeFiles/cmTC_31629.dir/src.c.o  -o cmTC_31629 -lm 
make[1]: Leaving directory '/home/icaro/pesquisa_ucpel/aom_1.0/nbbuild/CMakeFiles/CMakeTmp'

Source file was:
#define _GNU_SOURCE
                        #include <fenv.h>
                        void unused(void) {
                          (void)unused;
                          (void)feenableexcept(FE_DIVBYZERO | FE_INVALID);
                        } 
int main(void) { return 0; }
Performing C SOURCE FILE Test HAVE_C_FLAG succeeded with the following output:
Change Dir: /home/icaro/pesquisa_ucpel/aom_1.0/nbbuild/CMakeFiles/CMakeTmp

Run Build Command:"/usr/bin/make" "cmTC_83033/fast"
/usr/bin/make -f CMakeFiles/cmTC_83033.dir/build.make CMakeFiles/cmTC_83033.dir/build
make[1]: Entering directory '/home/icaro/pesquisa_ucpel/aom_1.0/nbbuild/CMakeFiles/CMakeTmp'
Building C object CMakeFiles/cmTC_83033.dir/src.c.o
/usr/bin/gcc   -DHAVE_C_FLAG   -std=c99 -o CMakeFiles/cmTC_83033.dir/src.c.o   -c /home/icaro/pesquisa_ucpel/aom_1.0/nbbuild/CMakeFiles/CMakeTmp/src.c
Linking C executable cmTC_83033
/usr/bin/cmake -E cmake_link_script CMakeFiles/cmTC_83033.dir/link.txt --verbose=1
/usr/bin/gcc  -DHAVE_C_FLAG    CMakeFiles/cmTC_83033.dir/src.c.o  -o cmTC_83033 -lm 
make[1]: Leaving directory '/home/icaro/pesquisa_ucpel/aom_1.0/nbbuild/CMakeFiles/CMakeTmp'

Source file was:
int main(void) { return 0; }
Performing C++ SOURCE FILE Test HAVE_CXX_FLAG succeeded with the following output:
Change Dir: /home/icaro/pesquisa_ucpel/aom_1.0/nbbuild/CMakeFiles/CMakeTmp

Run Build Command:"/usr/bin/make" "cmTC_67ee7/fast"
/usr/bin/make -f CMakeFiles/cmTC_67ee7.dir/build.make CMakeFiles/cmTC_67ee7.dir/build
make[1]: Entering directory '/home/icaro/pesquisa_ucpel/aom_1.0/nbbuild/CMakeFiles/CMakeTmp'
Building CXX object CMakeFiles/cmTC_67ee7.dir/src.cxx.o
/usr/bin/g++    -DHAVE_CXX_FLAG   -std=c++11 -o CMakeFiles/cmTC_67ee7.dir/src.cxx.o -c /home/icaro/pesquisa_ucpel/aom_1.0/nbbuild/CMakeFiles/CMakeTmp/src.cxx
Linking CXX executable cmTC_67ee7
/usr/bin/cmake -E cmake_link_script CMakeFiles/cmTC_67ee7.dir/link.txt --verbose=1
/usr/bin/g++   -DHAVE_CXX_FLAG    CMakeFiles/cmTC_67ee7.dir/src.cxx.o  -o cmTC_67ee7 -lm 
make[1]: Leaving directory '/home/icaro/pesquisa_ucpel/aom_1.0/nbbuild/CMakeFiles/CMakeTmp'

Source file was:
int main() { return 0; }
Performing C SOURCE FILE Test C_FLAG_SUPPORTED succeeded with the following output:
Change Dir: /home/icaro/pesquisa_ucpel/aom_1.0/nbbuild/CMakeFiles/CMakeTmp

Run Build Command:"/usr/bin/make" "cmTC_1e730/fast"
/usr/bin/make -f CMakeFiles/cmTC_1e730.dir/build.make CMakeFiles/cmTC_1e730.dir/build
make[1]: Entering directory '/home/icaro/pesquisa_ucpel/aom_1.0/nbbuild/CMakeFiles/CMakeTmp'
Building C object CMakeFiles/cmTC_1e730.dir/src.c.o
/usr/bin/gcc   -DC_FLAG_SUPPORTED   -Wall -o CMakeFiles/cmTC_1e730.dir/src.c.o   -c /home/icaro/pesquisa_ucpel/aom_1.0/nbbuild/CMakeFiles/CMakeTmp/src.c
Linking C executable cmTC_1e730
/usr/bin/cmake -E cmake_link_script CMakeFiles/cmTC_1e730.dir/link.txt --verbose=1
/usr/bin/gcc  -DC_FLAG_SUPPORTED    CMakeFiles/cmTC_1e730.dir/src.c.o  -o cmTC_1e730 -lm 
make[1]: Leaving directory '/home/icaro/pesquisa_ucpel/aom_1.0/nbbuild/CMakeFiles/CMakeTmp'

Source file was:
int main(void) { return 0; }
Performing C++ SOURCE FILE Test CXX_FLAG_SUPPORTED succeeded with the following output:
Change Dir: /home/icaro/pesquisa_ucpel/aom_1.0/nbbuild/CMakeFiles/CMakeTmp

Run Build Command:"/usr/bin/make" "cmTC_0adb0/fast"
/usr/bin/make -f CMakeFiles/cmTC_0adb0.dir/build.make CMakeFiles/cmTC_0adb0.dir/build
make[1]: Entering directory '/home/icaro/pesquisa_ucpel/aom_1.0/nbbuild/CMakeFiles/CMakeTmp'
Building CXX object CMakeFiles/cmTC_0adb0.dir/src.cxx.o
/usr/bin/g++    -DCXX_FLAG_SUPPORTED   -Wall -o CMakeFiles/cmTC_0adb0.dir/src.cxx.o -c /home/icaro/pesquisa_ucpel/aom_1.0/nbbuild/CMakeFiles/CMakeTmp/src.cxx
Linking CXX executable cmTC_0adb0
/usr/bin/cmake -E cmake_link_script CMakeFiles/cmTC_0adb0.dir/link.txt --verbose=1
/usr/bin/g++   -DCXX_FLAG_SUPPORTED    CMakeFiles/cmTC_0adb0.dir/src.cxx.o  -o cmTC_0adb0 -lm 
make[1]: Leaving directory '/home/icaro/pesquisa_ucpel/aom_1.0/nbbuild/CMakeFiles/CMakeTmp'

Source file was:
int main() { return 0; }
Performing C SOURCE FILE Test C_FLAG_SUPPORTED succeeded with the following output:
Change Dir: /home/icaro/pesquisa_ucpel/aom_1.0/nbbuild/CMakeFiles/CMakeTmp

Run Build Command:"/usr/bin/make" "cmTC_42f06/fast"
/usr/bin/make -f CMakeFiles/cmTC_42f06.dir/build.make CMakeFiles/cmTC_42f06.dir/build
make[1]: Entering directory '/home/icaro/pesquisa_ucpel/aom_1.0/nbbuild/CMakeFiles/CMakeTmp'
Building C object CMakeFiles/cmTC_42f06.dir/src.c.o
/usr/bin/gcc   -DC_FLAG_SUPPORTED   -Wdisabled-optimization -o CMakeFiles/cmTC_42f06.dir/src.c.o   -c /home/icaro/pesquisa_ucpel/aom_1.0/nbbuild/CMakeFiles/CMakeTmp/src.c
Linking C executable cmTC_42f06
/usr/bin/cmake -E cmake_link_script CMakeFiles/cmTC_42f06.dir/link.txt --verbose=1
/usr/bin/gcc  -DC_FLAG_SUPPORTED    CMakeFiles/cmTC_42f06.dir/src.c.o  -o cmTC_42f06 -lm 
make[1]: Leaving directory '/home/icaro/pesquisa_ucpel/aom_1.0/nbbuild/CMakeFiles/CMakeTmp'

Source file was:
int main(void) { return 0; }
Performing C++ SOURCE FILE Test CXX_FLAG_SUPPORTED succeeded with the following output:
Change Dir: /home/icaro/pesquisa_ucpel/aom_1.0/nbbuild/CMakeFiles/CMakeTmp

Run Build Command:"/usr/bin/make" "cmTC_c6124/fast"
/usr/bin/make -f CMakeFiles/cmTC_c6124.dir/build.make CMakeFiles/cmTC_c6124.dir/build
make[1]: Entering directory '/home/icaro/pesquisa_ucpel/aom_1.0/nbbuild/CMakeFiles/CMakeTmp'
Building CXX object CMakeFiles/cmTC_c6124.dir/src.cxx.o
/usr/bin/g++    -DCXX_FLAG_SUPPORTED   -Wdisabled-optimization -o CMakeFiles/cmTC_c6124.dir/src.cxx.o -c /home/icaro/pesquisa_ucpel/aom_1.0/nbbuild/CMakeFiles/CMakeTmp/src.cxx
Linking CXX executable cmTC_c6124
/usr/bin/cmake -E cmake_link_script CMakeFiles/cmTC_c6124.dir/link.txt --verbose=1
/usr/bin/g++   -DCXX_FLAG_SUPPORTED    CMakeFiles/cmTC_c6124.dir/src.cxx.o  -o cmTC_c6124 -lm 
make[1]: Leaving directory '/home/icaro/pesquisa_ucpel/aom_1.0/nbbuild/CMakeFiles/CMakeTmp'

Source file was:
int main() { return 0; }
Performing C SOURCE FILE Test C_FLAG_SUPPORTED succeeded with the following output:
Change Dir: /home/icaro/pesquisa_ucpel/aom_1.0/nbbuild/CMakeFiles/CMakeTmp

Run Build Command:"/usr/bin/make" "cmTC_f7f34/fast"
/usr/bin/make -f CMakeFiles/cmTC_f7f34.dir/build.make CMakeFiles/cmTC_f7f34.dir/build
make[1]: Entering directory '/home/icaro/pesquisa_ucpel/aom_1.0/nbbuild/CMakeFiles/CMakeTmp'
Building C object CMakeFiles/cmTC_f7f34.dir/src.c.o
/usr/bin/gcc   -DC_FLAG_SUPPORTED   -Wextra -o CMakeFiles/cmTC_f7f34.dir/src.c.o   -c /home/icaro/pesquisa_ucpel/aom_1.0/nbbuild/CMakeFiles/CMakeTmp/src.c
Linking C executable cmTC_f7f34
/usr/bin/cmake -E cmake_link_script CMakeFiles/cmTC_f7f34.dir/link.txt --verbose=1
/usr/bin/gcc  -DC_FLAG_SUPPORTED    CMakeFiles/cmTC_f7f34.dir/src.c.o  -o cmTC_f7f34 -lm 
make[1]: Leaving directory '/home/icaro/pesquisa_ucpel/aom_1.0/nbbuild/CMakeFiles/CMakeTmp'

Source file was:
int main(void) { return 0; }
Performing C++ SOURCE FILE Test CXX_FLAG_SUPPORTED succeeded with the following output:
Change Dir: /home/icaro/pesquisa_ucpel/aom_1.0/nbbuild/CMakeFiles/CMakeTmp

Run Build Command:"/usr/bin/make" "cmTC_66114/fast"
/usr/bin/make -f CMakeFiles/cmTC_66114.dir/build.make CMakeFiles/cmTC_66114.dir/build
make[1]: Entering directory '/home/icaro/pesquisa_ucpel/aom_1.0/nbbuild/CMakeFiles/CMakeTmp'
Building CXX object CMakeFiles/cmTC_66114.dir/src.cxx.o
/usr/bin/g++    -DCXX_FLAG_SUPPORTED   -Wextra -o CMakeFiles/cmTC_66114.dir/src.cxx.o -c /home/icaro/pesquisa_ucpel/aom_1.0/nbbuild/CMakeFiles/CMakeTmp/src.cxx
Linking CXX executable cmTC_66114
/usr/bin/cmake -E cmake_link_script CMakeFiles/cmTC_66114.dir/link.txt --verbose=1
/usr/bin/g++   -DCXX_FLAG_SUPPORTED    CMakeFiles/cmTC_66114.dir/src.cxx.o  -o cmTC_66114 -lm 
make[1]: Leaving directory '/home/icaro/pesquisa_ucpel/aom_1.0/nbbuild/CMakeFiles/CMakeTmp'

Source file was:
int main() { return 0; }
Performing C SOURCE FILE Test C_FLAG_SUPPORTED succeeded with the following output:
Change Dir: /home/icaro/pesquisa_ucpel/aom_1.0/nbbuild/CMakeFiles/CMakeTmp

Run Build Command:"/usr/bin/make" "cmTC_ae8c7/fast"
/usr/bin/make -f CMakeFiles/cmTC_ae8c7.dir/build.make CMakeFiles/cmTC_ae8c7.dir/build
make[1]: Entering directory '/home/icaro/pesquisa_ucpel/aom_1.0/nbbuild/CMakeFiles/CMakeTmp'
Building C object CMakeFiles/cmTC_ae8c7.dir/src.c.o
/usr/bin/gcc   -DC_FLAG_SUPPORTED   -Wfloat-conversion -o CMakeFiles/cmTC_ae8c7.dir/src.c.o   -c /home/icaro/pesquisa_ucpel/aom_1.0/nbbuild/CMakeFiles/CMakeTmp/src.c
Linking C executable cmTC_ae8c7
/usr/bin/cmake -E cmake_link_script CMakeFiles/cmTC_ae8c7.dir/link.txt --verbose=1
/usr/bin/gcc  -DC_FLAG_SUPPORTED    CMakeFiles/cmTC_ae8c7.dir/src.c.o  -o cmTC_ae8c7 -lm 
make[1]: Leaving directory '/home/icaro/pesquisa_ucpel/aom_1.0/nbbuild/CMakeFiles/CMakeTmp'

Source file was:
int main(void) { return 0; }
Performing C++ SOURCE FILE Test CXX_FLAG_SUPPORTED succeeded with the following output:
Change Dir: /home/icaro/pesquisa_ucpel/aom_1.0/nbbuild/CMakeFiles/CMakeTmp

Run Build Command:"/usr/bin/make" "cmTC_61f5e/fast"
/usr/bin/make -f CMakeFiles/cmTC_61f5e.dir/build.make CMakeFiles/cmTC_61f5e.dir/build
make[1]: Entering directory '/home/icaro/pesquisa_ucpel/aom_1.0/nbbuild/CMakeFiles/CMakeTmp'
Building CXX object CMakeFiles/cmTC_61f5e.dir/src.cxx.o
/usr/bin/g++    -DCXX_FLAG_SUPPORTED   -Wfloat-conversion -o CMakeFiles/cmTC_61f5e.dir/src.cxx.o -c /home/icaro/pesquisa_ucpel/aom_1.0/nbbuild/CMakeFiles/CMakeTmp/src.cxx
Linking CXX executable cmTC_61f5e
/usr/bin/cmake -E cmake_link_script CMakeFiles/cmTC_61f5e.dir/link.txt --verbose=1
/usr/bin/g++   -DCXX_FLAG_SUPPORTED    CMakeFiles/cmTC_61f5e.dir/src.cxx.o  -o cmTC_61f5e -lm 
make[1]: Leaving directory '/home/icaro/pesquisa_ucpel/aom_1.0/nbbuild/CMakeFiles/CMakeTmp'

Source file was:
int main() { return 0; }
Performing C SOURCE FILE Test C_FLAG_SUPPORTED succeeded with the following output:
Change Dir: /home/icaro/pesquisa_ucpel/aom_1.0/nbbuild/CMakeFiles/CMakeTmp

Run Build Command:"/usr/bin/make" "cmTC_31214/fast"
/usr/bin/make -f CMakeFiles/cmTC_31214.dir/build.make CMakeFiles/cmTC_31214.dir/build
make[1]: Entering directory '/home/icaro/pesquisa_ucpel/aom_1.0/nbbuild/CMakeFiles/CMakeTmp'
Building C object CMakeFiles/cmTC_31214.dir/src.c.o
/usr/bin/gcc   -DC_FLAG_SUPPORTED   -Wimplicit-function-declaration -o CMakeFiles/cmTC_31214.dir/src.c.o   -c /home/icaro/pesquisa_ucpel/aom_1.0/nbbuild/CMakeFiles/CMakeTmp/src.c
Linking C executable cmTC_31214
/usr/bin/cmake -E cmake_link_script CMakeFiles/cmTC_31214.dir/link.txt --verbose=1
/usr/bin/gcc  -DC_FLAG_SUPPORTED    CMakeFiles/cmTC_31214.dir/src.c.o  -o cmTC_31214 -lm 
make[1]: Leaving directory '/home/icaro/pesquisa_ucpel/aom_1.0/nbbuild/CMakeFiles/CMakeTmp'

Source file was:
int main(void) { return 0; }
Performing C SOURCE FILE Test C_FLAG_SUPPORTED succeeded with the following output:
Change Dir: /home/icaro/pesquisa_ucpel/aom_1.0/nbbuild/CMakeFiles/CMakeTmp

Run Build Command:"/usr/bin/make" "cmTC_0fc17/fast"
/usr/bin/make -f CMakeFiles/cmTC_0fc17.dir/build.make CMakeFiles/cmTC_0fc17.dir/build
make[1]: Entering directory '/home/icaro/pesquisa_ucpel/aom_1.0/nbbuild/CMakeFiles/CMakeTmp'
Building C object CMakeFiles/cmTC_0fc17.dir/src.c.o
/usr/bin/gcc   -DC_FLAG_SUPPORTED   -Wlogical-op -o CMakeFiles/cmTC_0fc17.dir/src.c.o   -c /home/icaro/pesquisa_ucpel/aom_1.0/nbbuild/CMakeFiles/CMakeTmp/src.c
Linking C executable cmTC_0fc17
/usr/bin/cmake -E cmake_link_script CMakeFiles/cmTC_0fc17.dir/link.txt --verbose=1
/usr/bin/gcc  -DC_FLAG_SUPPORTED    CMakeFiles/cmTC_0fc17.dir/src.c.o  -o cmTC_0fc17 -lm 
make[1]: Leaving directory '/home/icaro/pesquisa_ucpel/aom_1.0/nbbuild/CMakeFiles/CMakeTmp'

Source file was:
int main(void) { return 0; }
Performing C++ SOURCE FILE Test CXX_FLAG_SUPPORTED succeeded with the following output:
Change Dir: /home/icaro/pesquisa_ucpel/aom_1.0/nbbuild/CMakeFiles/CMakeTmp

Run Build Command:"/usr/bin/make" "cmTC_755f9/fast"
/usr/bin/make -f CMakeFiles/cmTC_755f9.dir/build.make CMakeFiles/cmTC_755f9.dir/build
make[1]: Entering directory '/home/icaro/pesquisa_ucpel/aom_1.0/nbbuild/CMakeFiles/CMakeTmp'
Building CXX object CMakeFiles/cmTC_755f9.dir/src.cxx.o
/usr/bin/g++    -DCXX_FLAG_SUPPORTED   -Wlogical-op -o CMakeFiles/cmTC_755f9.dir/src.cxx.o -c /home/icaro/pesquisa_ucpel/aom_1.0/nbbuild/CMakeFiles/CMakeTmp/src.cxx
Linking CXX executable cmTC_755f9
/usr/bin/cmake -E cmake_link_script CMakeFiles/cmTC_755f9.dir/link.txt --verbose=1
/usr/bin/g++   -DCXX_FLAG_SUPPORTED    CMakeFiles/cmTC_755f9.dir/src.cxx.o  -o cmTC_755f9 -lm 
make[1]: Leaving directory '/home/icaro/pesquisa_ucpel/aom_1.0/nbbuild/CMakeFiles/CMakeTmp'

Source file was:
int main() { return 0; }
Performing C SOURCE FILE Test C_FLAG_SUPPORTED succeeded with the following output:
Change Dir: /home/icaro/pesquisa_ucpel/aom_1.0/nbbuild/CMakeFiles/CMakeTmp

Run Build Command:"/usr/bin/make" "cmTC_510bd/fast"
/usr/bin/make -f CMakeFiles/cmTC_510bd.dir/build.make CMakeFiles/cmTC_510bd.dir/build
make[1]: Entering directory '/home/icaro/pesquisa_ucpel/aom_1.0/nbbuild/CMakeFiles/CMakeTmp'
Building C object CMakeFiles/cmTC_510bd.dir/src.c.o
/usr/bin/gcc   -DC_FLAG_SUPPORTED   -Wpointer-arith -o CMakeFiles/cmTC_510bd.dir/src.c.o   -c /home/icaro/pesquisa_ucpel/aom_1.0/nbbuild/CMakeFiles/CMakeTmp/src.c
Linking C executable cmTC_510bd
/usr/bin/cmake -E cmake_link_script CMakeFiles/cmTC_510bd.dir/link.txt --verbose=1
/usr/bin/gcc  -DC_FLAG_SUPPORTED    CMakeFiles/cmTC_510bd.dir/src.c.o  -o cmTC_510bd -lm 
make[1]: Leaving directory '/home/icaro/pesquisa_ucpel/aom_1.0/nbbuild/CMakeFiles/CMakeTmp'

Source file was:
int main(void) { return 0; }
Performing C++ SOURCE FILE Test CXX_FLAG_SUPPORTED succeeded with the following output:
Change Dir: /home/icaro/pesquisa_ucpel/aom_1.0/nbbuild/CMakeFiles/CMakeTmp

Run Build Command:"/usr/bin/make" "cmTC_82e97/fast"
/usr/bin/make -f CMakeFiles/cmTC_82e97.dir/build.make CMakeFiles/cmTC_82e97.dir/build
make[1]: Entering directory '/home/icaro/pesquisa_ucpel/aom_1.0/nbbuild/CMakeFiles/CMakeTmp'
Building CXX object CMakeFiles/cmTC_82e97.dir/src.cxx.o
/usr/bin/g++    -DCXX_FLAG_SUPPORTED   -Wpointer-arith -o CMakeFiles/cmTC_82e97.dir/src.cxx.o -c /home/icaro/pesquisa_ucpel/aom_1.0/nbbuild/CMakeFiles/CMakeTmp/src.cxx
Linking CXX executable cmTC_82e97
/usr/bin/cmake -E cmake_link_script CMakeFiles/cmTC_82e97.dir/link.txt --verbose=1
/usr/bin/g++   -DCXX_FLAG_SUPPORTED    CMakeFiles/cmTC_82e97.dir/src.cxx.o  -o cmTC_82e97 -lm 
make[1]: Leaving directory '/home/icaro/pesquisa_ucpel/aom_1.0/nbbuild/CMakeFiles/CMakeTmp'

Source file was:
int main() { return 0; }
Performing C SOURCE FILE Test C_FLAG_SUPPORTED succeeded with the following output:
Change Dir: /home/icaro/pesquisa_ucpel/aom_1.0/nbbuild/CMakeFiles/CMakeTmp

Run Build Command:"/usr/bin/make" "cmTC_fd331/fast"
/usr/bin/make -f CMakeFiles/cmTC_fd331.dir/build.make CMakeFiles/cmTC_fd331.dir/build
make[1]: Entering directory '/home/icaro/pesquisa_ucpel/aom_1.0/nbbuild/CMakeFiles/CMakeTmp'
Building C object CMakeFiles/cmTC_fd331.dir/src.c.o
/usr/bin/gcc   -DC_FLAG_SUPPORTED   -Wsign-compare -o CMakeFiles/cmTC_fd331.dir/src.c.o   -c /home/icaro/pesquisa_ucpel/aom_1.0/nbbuild/CMakeFiles/CMakeTmp/src.c
Linking C executable cmTC_fd331
/usr/bin/cmake -E cmake_link_script CMakeFiles/cmTC_fd331.dir/link.txt --verbose=1
/usr/bin/gcc  -DC_FLAG_SUPPORTED    CMakeFiles/cmTC_fd331.dir/src.c.o  -o cmTC_fd331 -lm 
make[1]: Leaving directory '/home/icaro/pesquisa_ucpel/aom_1.0/nbbuild/CMakeFiles/CMakeTmp'

Source file was:
int main(void) { return 0; }
Performing C++ SOURCE FILE Test CXX_FLAG_SUPPORTED succeeded with the following output:
Change Dir: /home/icaro/pesquisa_ucpel/aom_1.0/nbbuild/CMakeFiles/CMakeTmp

Run Build Command:"/usr/bin/make" "cmTC_6e846/fast"
/usr/bin/make -f CMakeFiles/cmTC_6e846.dir/build.make CMakeFiles/cmTC_6e846.dir/build
make[1]: Entering directory '/home/icaro/pesquisa_ucpel/aom_1.0/nbbuild/CMakeFiles/CMakeTmp'
Building CXX object CMakeFiles/cmTC_6e846.dir/src.cxx.o
/usr/bin/g++    -DCXX_FLAG_SUPPORTED   -Wsign-compare -o CMakeFiles/cmTC_6e846.dir/src.cxx.o -c /home/icaro/pesquisa_ucpel/aom_1.0/nbbuild/CMakeFiles/CMakeTmp/src.cxx
Linking CXX executable cmTC_6e846
/usr/bin/cmake -E cmake_link_script CMakeFiles/cmTC_6e846.dir/link.txt --verbose=1
/usr/bin/g++   -DCXX_FLAG_SUPPORTED    CMakeFiles/cmTC_6e846.dir/src.cxx.o  -o cmTC_6e846 -lm 
make[1]: Leaving directory '/home/icaro/pesquisa_ucpel/aom_1.0/nbbuild/CMakeFiles/CMakeTmp'

Source file was:
int main() { return 0; }
Performing C SOURCE FILE Test C_FLAG_SUPPORTED succeeded with the following output:
Change Dir: /home/icaro/pesquisa_ucpel/aom_1.0/nbbuild/CMakeFiles/CMakeTmp

Run Build Command:"/usr/bin/make" "cmTC_ae7a3/fast"
/usr/bin/make -f CMakeFiles/cmTC_ae7a3.dir/build.make CMakeFiles/cmTC_ae7a3.dir/build
make[1]: Entering directory '/home/icaro/pesquisa_ucpel/aom_1.0/nbbuild/CMakeFiles/CMakeTmp'
Building C object CMakeFiles/cmTC_ae7a3.dir/src.c.o
/usr/bin/gcc   -DC_FLAG_SUPPORTED   -Wtype-limits -o CMakeFiles/cmTC_ae7a3.dir/src.c.o   -c /home/icaro/pesquisa_ucpel/aom_1.0/nbbuild/CMakeFiles/CMakeTmp/src.c
Linking C executable cmTC_ae7a3
/usr/bin/cmake -E cmake_link_script CMakeFiles/cmTC_ae7a3.dir/link.txt --verbose=1
/usr/bin/gcc  -DC_FLAG_SUPPORTED    CMakeFiles/cmTC_ae7a3.dir/src.c.o  -o cmTC_ae7a3 -lm 
make[1]: Leaving directory '/home/icaro/pesquisa_ucpel/aom_1.0/nbbuild/CMakeFiles/CMakeTmp'

Source file was:
int main(void) { return 0; }
Performing C++ SOURCE FILE Test CXX_FLAG_SUPPORTED succeeded with the following output:
Change Dir: /home/icaro/pesquisa_ucpel/aom_1.0/nbbuild/CMakeFiles/CMakeTmp

Run Build Command:"/usr/bin/make" "cmTC_d2a83/fast"
/usr/bin/make -f CMakeFiles/cmTC_d2a83.dir/build.make CMakeFiles/cmTC_d2a83.dir/build
make[1]: Entering directory '/home/icaro/pesquisa_ucpel/aom_1.0/nbbuild/CMakeFiles/CMakeTmp'
Building CXX object CMakeFiles/cmTC_d2a83.dir/src.cxx.o
/usr/bin/g++    -DCXX_FLAG_SUPPORTED   -Wtype-limits -o CMakeFiles/cmTC_d2a83.dir/src.cxx.o -c /home/icaro/pesquisa_ucpel/aom_1.0/nbbuild/CMakeFiles/CMakeTmp/src.cxx
Linking CXX executable cmTC_d2a83
/usr/bin/cmake -E cmake_link_script CMakeFiles/cmTC_d2a83.dir/link.txt --verbose=1
/usr/bin/g++   -DCXX_FLAG_SUPPORTED    CMakeFiles/cmTC_d2a83.dir/src.cxx.o  -o cmTC_d2a83 -lm 
make[1]: Leaving directory '/home/icaro/pesquisa_ucpel/aom_1.0/nbbuild/CMakeFiles/CMakeTmp'

Source file was:
int main() { return 0; }
Performing C SOURCE FILE Test C_FLAG_SUPPORTED succeeded with the following output:
Change Dir: /home/icaro/pesquisa_ucpel/aom_1.0/nbbuild/CMakeFiles/CMakeTmp

Run Build Command:"/usr/bin/make" "cmTC_d42b1/fast"
/usr/bin/make -f CMakeFiles/cmTC_d42b1.dir/build.make CMakeFiles/cmTC_d42b1.dir/build
make[1]: Entering directory '/home/icaro/pesquisa_ucpel/aom_1.0/nbbuild/CMakeFiles/CMakeTmp'
Building C object CMakeFiles/cmTC_d42b1.dir/src.c.o
/usr/bin/gcc   -DC_FLAG_SUPPORTED   -Wuninitialized -o CMakeFiles/cmTC_d42b1.dir/src.c.o   -c /home/icaro/pesquisa_ucpel/aom_1.0/nbbuild/CMakeFiles/CMakeTmp/src.c
Linking C executable cmTC_d42b1
/usr/bin/cmake -E cmake_link_script CMakeFiles/cmTC_d42b1.dir/link.txt --verbose=1
/usr/bin/gcc  -DC_FLAG_SUPPORTED    CMakeFiles/cmTC_d42b1.dir/src.c.o  -o cmTC_d42b1 -lm 
make[1]: Leaving directory '/home/icaro/pesquisa_ucpel/aom_1.0/nbbuild/CMakeFiles/CMakeTmp'

Source file was:
int main(void) { return 0; }
Performing C++ SOURCE FILE Test CXX_FLAG_SUPPORTED succeeded with the following output:
Change Dir: /home/icaro/pesquisa_ucpel/aom_1.0/nbbuild/CMakeFiles/CMakeTmp

Run Build Command:"/usr/bin/make" "cmTC_9772c/fast"
/usr/bin/make -f CMakeFiles/cmTC_9772c.dir/build.make CMakeFiles/cmTC_9772c.dir/build
make[1]: Entering directory '/home/icaro/pesquisa_ucpel/aom_1.0/nbbuild/CMakeFiles/CMakeTmp'
Building CXX object CMakeFiles/cmTC_9772c.dir/src.cxx.o
/usr/bin/g++    -DCXX_FLAG_SUPPORTED   -Wuninitialized -o CMakeFiles/cmTC_9772c.dir/src.cxx.o -c /home/icaro/pesquisa_ucpel/aom_1.0/nbbuild/CMakeFiles/CMakeTmp/src.cxx
Linking CXX executable cmTC_9772c
/usr/bin/cmake -E cmake_link_script CMakeFiles/cmTC_9772c.dir/link.txt --verbose=1
/usr/bin/g++   -DCXX_FLAG_SUPPORTED    CMakeFiles/cmTC_9772c.dir/src.cxx.o  -o cmTC_9772c -lm 
make[1]: Leaving directory '/home/icaro/pesquisa_ucpel/aom_1.0/nbbuild/CMakeFiles/CMakeTmp'

Source file was:
int main() { return 0; }
Performing C SOURCE FILE Test C_FLAG_SUPPORTED succeeded with the following output:
Change Dir: /home/icaro/pesquisa_ucpel/aom_1.0/nbbuild/CMakeFiles/CMakeTmp

Run Build Command:"/usr/bin/make" "cmTC_24c4c/fast"
/usr/bin/make -f CMakeFiles/cmTC_24c4c.dir/build.make CMakeFiles/cmTC_24c4c.dir/build
make[1]: Entering directory '/home/icaro/pesquisa_ucpel/aom_1.0/nbbuild/CMakeFiles/CMakeTmp'
Building C object CMakeFiles/cmTC_24c4c.dir/src.c.o
/usr/bin/gcc   -DC_FLAG_SUPPORTED   -Wunused -o CMakeFiles/cmTC_24c4c.dir/src.c.o   -c /home/icaro/pesquisa_ucpel/aom_1.0/nbbuild/CMakeFiles/CMakeTmp/src.c
Linking C executable cmTC_24c4c
/usr/bin/cmake -E cmake_link_script CMakeFiles/cmTC_24c4c.dir/link.txt --verbose=1
/usr/bin/gcc  -DC_FLAG_SUPPORTED    CMakeFiles/cmTC_24c4c.dir/src.c.o  -o cmTC_24c4c -lm 
make[1]: Leaving directory '/home/icaro/pesquisa_ucpel/aom_1.0/nbbuild/CMakeFiles/CMakeTmp'

Source file was:
int main(void) { return 0; }
Performing C++ SOURCE FILE Test CXX_FLAG_SUPPORTED succeeded with the following output:
Change Dir: /home/icaro/pesquisa_ucpel/aom_1.0/nbbuild/CMakeFiles/CMakeTmp

Run Build Command:"/usr/bin/make" "cmTC_67ca8/fast"
/usr/bin/make -f CMakeFiles/cmTC_67ca8.dir/build.make CMakeFiles/cmTC_67ca8.dir/build
make[1]: Entering directory '/home/icaro/pesquisa_ucpel/aom_1.0/nbbuild/CMakeFiles/CMakeTmp'
Building CXX object CMakeFiles/cmTC_67ca8.dir/src.cxx.o
/usr/bin/g++    -DCXX_FLAG_SUPPORTED   -Wunused -o CMakeFiles/cmTC_67ca8.dir/src.cxx.o -c /home/icaro/pesquisa_ucpel/aom_1.0/nbbuild/CMakeFiles/CMakeTmp/src.cxx
Linking CXX executable cmTC_67ca8
/usr/bin/cmake -E cmake_link_script CMakeFiles/cmTC_67ca8.dir/link.txt --verbose=1
/usr/bin/g++   -DCXX_FLAG_SUPPORTED    CMakeFiles/cmTC_67ca8.dir/src.cxx.o  -o cmTC_67ca8 -lm 
make[1]: Leaving directory '/home/icaro/pesquisa_ucpel/aom_1.0/nbbuild/CMakeFiles/CMakeTmp'

Source file was:
int main() { return 0; }
Performing C SOURCE FILE Test C_FLAG_SUPPORTED succeeded with the following output:
Change Dir: /home/icaro/pesquisa_ucpel/aom_1.0/nbbuild/CMakeFiles/CMakeTmp

Run Build Command:"/usr/bin/make" "cmTC_8ec15/fast"
/usr/bin/make -f CMakeFiles/cmTC_8ec15.dir/build.make CMakeFiles/cmTC_8ec15.dir/build
make[1]: Entering directory '/home/icaro/pesquisa_ucpel/aom_1.0/nbbuild/CMakeFiles/CMakeTmp'
Building C object CMakeFiles/cmTC_8ec15.dir/src.c.o
/usr/bin/gcc   -DC_FLAG_SUPPORTED   -Wvla -o CMakeFiles/cmTC_8ec15.dir/src.c.o   -c /home/icaro/pesquisa_ucpel/aom_1.0/nbbuild/CMakeFiles/CMakeTmp/src.c
Linking C executable cmTC_8ec15
/usr/bin/cmake -E cmake_link_script CMakeFiles/cmTC_8ec15.dir/link.txt --verbose=1
/usr/bin/gcc  -DC_FLAG_SUPPORTED    CMakeFiles/cmTC_8ec15.dir/src.c.o  -o cmTC_8ec15 -lm 
make[1]: Leaving directory '/home/icaro/pesquisa_ucpel/aom_1.0/nbbuild/CMakeFiles/CMakeTmp'

Source file was:
int main(void) { return 0; }
Performing C++ SOURCE FILE Test CXX_FLAG_SUPPORTED succeeded with the following output:
Change Dir: /home/icaro/pesquisa_ucpel/aom_1.0/nbbuild/CMakeFiles/CMakeTmp

Run Build Command:"/usr/bin/make" "cmTC_06f15/fast"
/usr/bin/make -f CMakeFiles/cmTC_06f15.dir/build.make CMakeFiles/cmTC_06f15.dir/build
make[1]: Entering directory '/home/icaro/pesquisa_ucpel/aom_1.0/nbbuild/CMakeFiles/CMakeTmp'
Building CXX object CMakeFiles/cmTC_06f15.dir/src.cxx.o
/usr/bin/g++    -DCXX_FLAG_SUPPORTED   -Wvla -o CMakeFiles/cmTC_06f15.dir/src.cxx.o -c /home/icaro/pesquisa_ucpel/aom_1.0/nbbuild/CMakeFiles/CMakeTmp/src.cxx
Linking CXX executable cmTC_06f15
/usr/bin/cmake -E cmake_link_script CMakeFiles/cmTC_06f15.dir/link.txt --verbose=1
/usr/bin/g++   -DCXX_FLAG_SUPPORTED    CMakeFiles/cmTC_06f15.dir/src.cxx.o  -o cmTC_06f15 -lm 
make[1]: Leaving directory '/home/icaro/pesquisa_ucpel/aom_1.0/nbbuild/CMakeFiles/CMakeTmp'

Source file was:
int main() { return 0; }
Performing C SOURCE FILE Test C_FLAG_SUPPORTED succeeded with the following output:
Change Dir: /home/icaro/pesquisa_ucpel/aom_1.0/nbbuild/CMakeFiles/CMakeTmp

Run Build Command:"/usr/bin/make" "cmTC_b89cb/fast"
/usr/bin/make -f CMakeFiles/cmTC_b89cb.dir/build.make CMakeFiles/cmTC_b89cb.dir/build
make[1]: Entering directory '/home/icaro/pesquisa_ucpel/aom_1.0/nbbuild/CMakeFiles/CMakeTmp'
Building C object CMakeFiles/cmTC_b89cb.dir/src.c.o
/usr/bin/gcc   -DC_FLAG_SUPPORTED   -Wstack-usage=100000 -o CMakeFiles/cmTC_b89cb.dir/src.c.o   -c /home/icaro/pesquisa_ucpel/aom_1.0/nbbuild/CMakeFiles/CMakeTmp/src.c
Linking C executable cmTC_b89cb
/usr/bin/cmake -E cmake_link_script CMakeFiles/cmTC_b89cb.dir/link.txt --verbose=1
/usr/bin/gcc  -DC_FLAG_SUPPORTED    CMakeFiles/cmTC_b89cb.dir/src.c.o  -o cmTC_b89cb -lm 
make[1]: Leaving directory '/home/icaro/pesquisa_ucpel/aom_1.0/nbbuild/CMakeFiles/CMakeTmp'

Source file was:
int main(void) { return 0; }
Performing C++ SOURCE FILE Test CXX_FLAG_SUPPORTED succeeded with the following output:
Change Dir: /home/icaro/pesquisa_ucpel/aom_1.0/nbbuild/CMakeFiles/CMakeTmp

Run Build Command:"/usr/bin/make" "cmTC_c7f74/fast"
/usr/bin/make -f CMakeFiles/cmTC_c7f74.dir/build.make CMakeFiles/cmTC_c7f74.dir/build
make[1]: Entering directory '/home/icaro/pesquisa_ucpel/aom_1.0/nbbuild/CMakeFiles/CMakeTmp'
Building CXX object CMakeFiles/cmTC_c7f74.dir/src.cxx.o
/usr/bin/g++    -DCXX_FLAG_SUPPORTED   -Wstack-usage=240000 -o CMakeFiles/cmTC_c7f74.dir/src.cxx.o -c /home/icaro/pesquisa_ucpel/aom_1.0/nbbuild/CMakeFiles/CMakeTmp/src.cxx
Linking CXX executable cmTC_c7f74
/usr/bin/cmake -E cmake_link_script CMakeFiles/cmTC_c7f74.dir/link.txt --verbose=1
/usr/bin/g++   -DCXX_FLAG_SUPPORTED    CMakeFiles/cmTC_c7f74.dir/src.cxx.o  -o cmTC_c7f74 -lm 
make[1]: Leaving directory '/home/icaro/pesquisa_ucpel/aom_1.0/nbbuild/CMakeFiles/CMakeTmp'

Source file was:
int main() { return 0; }
Performing C SOURCE FILE Test C_FLAG_SUPPORTED succeeded with the following output:
Change Dir: /home/icaro/pesquisa_ucpel/aom_1.0/nbbuild/CMakeFiles/CMakeTmp

Run Build Command:"/usr/bin/make" "cmTC_30e41/fast"
/usr/bin/make -f CMakeFiles/cmTC_30e41.dir/build.make CMakeFiles/cmTC_30e41.dir/build
make[1]: Entering directory '/home/icaro/pesquisa_ucpel/aom_1.0/nbbuild/CMakeFiles/CMakeTmp'
Building C object CMakeFiles/cmTC_30e41.dir/src.c.o
/usr/bin/gcc   -DC_FLAG_SUPPORTED   -Wshadow -o CMakeFiles/cmTC_30e41.dir/src.c.o   -c /home/icaro/pesquisa_ucpel/aom_1.0/nbbuild/CMakeFiles/CMakeTmp/src.c
Linking C executable cmTC_30e41
/usr/bin/cmake -E cmake_link_script CMakeFiles/cmTC_30e41.dir/link.txt --verbose=1
/usr/bin/gcc  -DC_FLAG_SUPPORTED    CMakeFiles/cmTC_30e41.dir/src.c.o  -o cmTC_30e41 -lm 
make[1]: Leaving directory '/home/icaro/pesquisa_ucpel/aom_1.0/nbbuild/CMakeFiles/CMakeTmp'

Source file was:
int main(void) { return 0; }
Performing C SOURCE FILE Test C_FLAG_SUPPORTED succeeded with the following output:
Change Dir: /home/icaro/pesquisa_ucpel/aom_1.0/nbbuild/CMakeFiles/CMakeTmp

Run Build Command:"/usr/bin/make" "cmTC_9c500/fast"
/usr/bin/make -f CMakeFiles/cmTC_9c500.dir/build.make CMakeFiles/cmTC_9c500.dir/build
make[1]: Entering directory '/home/icaro/pesquisa_ucpel/aom_1.0/nbbuild/CMakeFiles/CMakeTmp'
Building C object CMakeFiles/cmTC_9c500.dir/src.c.o
/usr/bin/gcc   -DC_FLAG_SUPPORTED   -Wundef -o CMakeFiles/cmTC_9c500.dir/src.c.o   -c /home/icaro/pesquisa_ucpel/aom_1.0/nbbuild/CMakeFiles/CMakeTmp/src.c
Linking C executable cmTC_9c500
/usr/bin/cmake -E cmake_link_script CMakeFiles/cmTC_9c500.dir/link.txt --verbose=1
/usr/bin/gcc  -DC_FLAG_SUPPORTED    CMakeFiles/cmTC_9c500.dir/src.c.o  -o cmTC_9c500 -lm 
make[1]: Leaving directory '/home/icaro/pesquisa_ucpel/aom_1.0/nbbuild/CMakeFiles/CMakeTmp'

Source file was:
int main(void) { return 0; }
Performing C SOURCE FILE Test C_FLAG_SUPPORTED succeeded with the following output:
Change Dir: /home/icaro/pesquisa_ucpel/aom_1.0/nbbuild/CMakeFiles/CMakeTmp

Run Build Command:"/usr/bin/make" "cmTC_1ce0b/fast"
/usr/bin/make -f CMakeFiles/cmTC_1ce0b.dir/build.make CMakeFiles/cmTC_1ce0b.dir/build
make[1]: Entering directory '/home/icaro/pesquisa_ucpel/aom_1.0/nbbuild/CMakeFiles/CMakeTmp'
Building C object CMakeFiles/cmTC_1ce0b.dir/src.c.o
/usr/bin/gcc -D_LARGEFILE_SOURCE  -DC_FLAG_SUPPORTED   -o CMakeFiles/cmTC_1ce0b.dir/src.c.o   -c /home/icaro/pesquisa_ucpel/aom_1.0/nbbuild/CMakeFiles/CMakeTmp/src.c
Linking C executable cmTC_1ce0b
/usr/bin/cmake -E cmake_link_script CMakeFiles/cmTC_1ce0b.dir/link.txt --verbose=1
/usr/bin/gcc  -DC_FLAG_SUPPORTED    CMakeFiles/cmTC_1ce0b.dir/src.c.o  -o cmTC_1ce0b -lm 
make[1]: Leaving directory '/home/icaro/pesquisa_ucpel/aom_1.0/nbbuild/CMakeFiles/CMakeTmp'

Source file was:
int main(void) { return 0; }
Performing C++ SOURCE FILE Test CXX_FLAG_SUPPORTED succeeded with the following output:
Change Dir: /home/icaro/pesquisa_ucpel/aom_1.0/nbbuild/CMakeFiles/CMakeTmp

Run Build Command:"/usr/bin/make" "cmTC_5731d/fast"
/usr/bin/make -f CMakeFiles/cmTC_5731d.dir/build.make CMakeFiles/cmTC_5731d.dir/build
make[1]: Entering directory '/home/icaro/pesquisa_ucpel/aom_1.0/nbbuild/CMakeFiles/CMakeTmp'
Building CXX object CMakeFiles/cmTC_5731d.dir/src.cxx.o
/usr/bin/g++  -D_LARGEFILE_SOURCE  -DCXX_FLAG_SUPPORTED   -o CMakeFiles/cmTC_5731d.dir/src.cxx.o -c /home/icaro/pesquisa_ucpel/aom_1.0/nbbuild/CMakeFiles/CMakeTmp/src.cxx
Linking CXX executable cmTC_5731d
/usr/bin/cmake -E cmake_link_script CMakeFiles/cmTC_5731d.dir/link.txt --verbose=1
/usr/bin/g++   -DCXX_FLAG_SUPPORTED    CMakeFiles/cmTC_5731d.dir/src.cxx.o  -o cmTC_5731d -lm 
make[1]: Leaving directory '/home/icaro/pesquisa_ucpel/aom_1.0/nbbuild/CMakeFiles/CMakeTmp'

Source file was:
int main() { return 0; }
Performing C SOURCE FILE Test C_FLAG_SUPPORTED succeeded with the following output:
Change Dir: /home/icaro/pesquisa_ucpel/aom_1.0/nbbuild/CMakeFiles/CMakeTmp

Run Build Command:"/usr/bin/make" "cmTC_b760a/fast"
/usr/bin/make -f CMakeFiles/cmTC_b760a.dir/build.make CMakeFiles/cmTC_b760a.dir/build
make[1]: Entering directory '/home/icaro/pesquisa_ucpel/aom_1.0/nbbuild/CMakeFiles/CMakeTmp'
Building C object CMakeFiles/cmTC_b760a.dir/src.c.o
/usr/bin/gcc -D_FILE_OFFSET_BITS=64  -DC_FLAG_SUPPORTED   -o CMakeFiles/cmTC_b760a.dir/src.c.o   -c /home/icaro/pesquisa_ucpel/aom_1.0/nbbuild/CMakeFiles/CMakeTmp/src.c
Linking C executable cmTC_b760a
/usr/bin/cmake -E cmake_link_script CMakeFiles/cmTC_b760a.dir/link.txt --verbose=1
/usr/bin/gcc  -DC_FLAG_SUPPORTED    CMakeFiles/cmTC_b760a.dir/src.c.o  -o cmTC_b760a -lm 
make[1]: Leaving directory '/home/icaro/pesquisa_ucpel/aom_1.0/nbbuild/CMakeFiles/CMakeTmp'

Source file was:
int main(void) { return 0; }
Performing C++ SOURCE FILE Test CXX_FLAG_SUPPORTED succeeded with the following output:
Change Dir: /home/icaro/pesquisa_ucpel/aom_1.0/nbbuild/CMakeFiles/CMakeTmp

Run Build Command:"/usr/bin/make" "cmTC_91bb0/fast"
/usr/bin/make -f CMakeFiles/cmTC_91bb0.dir/build.make CMakeFiles/cmTC_91bb0.dir/build
make[1]: Entering directory '/home/icaro/pesquisa_ucpel/aom_1.0/nbbuild/CMakeFiles/CMakeTmp'
Building CXX object CMakeFiles/cmTC_91bb0.dir/src.cxx.o
/usr/bin/g++  -D_FILE_OFFSET_BITS=64  -DCXX_FLAG_SUPPORTED   -o CMakeFiles/cmTC_91bb0.dir/src.cxx.o -c /home/icaro/pesquisa_ucpel/aom_1.0/nbbuild/CMakeFiles/CMakeTmp/src.cxx
Linking CXX executable cmTC_91bb0
/usr/bin/cmake -E cmake_link_script CMakeFiles/cmTC_91bb0.dir/link.txt --verbose=1
/usr/bin/g++   -DCXX_FLAG_SUPPORTED    CMakeFiles/cmTC_91bb0.dir/src.cxx.o  -o cmTC_91bb0 -lm 
make[1]: Leaving directory '/home/icaro/pesquisa_ucpel/aom_1.0/nbbuild/CMakeFiles/CMakeTmp'

Source file was:
int main() { return 0; }
Performing C SOURCE FILE Test HAVE_C_FLAG succeeded with the following output:
Change Dir: /home/icaro/pesquisa_ucpel/aom_1.0/nbbuild/CMakeFiles/CMakeTmp

Run Build Command:"/usr/bin/make" "cmTC_7acd5/fast"
/usr/bin/make -f CMakeFiles/cmTC_7acd5.dir/build.make CMakeFiles/cmTC_7acd5.dir/build
make[1]: Entering directory '/home/icaro/pesquisa_ucpel/aom_1.0/nbbuild/CMakeFiles/CMakeTmp'
Building C object CMakeFiles/cmTC_7acd5.dir/src.c.o
/usr/bin/gcc   -DHAVE_C_FLAG   -msse2 -o CMakeFiles/cmTC_7acd5.dir/src.c.o   -c /home/icaro/pesquisa_ucpel/aom_1.0/nbbuild/CMakeFiles/CMakeTmp/src.c
Linking C executable cmTC_7acd5
/usr/bin/cmake -E cmake_link_script CMakeFiles/cmTC_7acd5.dir/link.txt --verbose=1
/usr/bin/gcc  -DHAVE_C_FLAG    CMakeFiles/cmTC_7acd5.dir/src.c.o  -o cmTC_7acd5 -lm 
make[1]: Leaving directory '/home/icaro/pesquisa_ucpel/aom_1.0/nbbuild/CMakeFiles/CMakeTmp'

Source file was:
int main(void) { return 0; }
Performing C++ SOURCE FILE Test HAVE_CXX_FLAG succeeded with the following output:
Change Dir: /home/icaro/pesquisa_ucpel/aom_1.0/nbbuild/CMakeFiles/CMakeTmp

Run Build Command:"/usr/bin/make" "cmTC_35619/fast"
/usr/bin/make -f CMakeFiles/cmTC_35619.dir/build.make CMakeFiles/cmTC_35619.dir/build
make[1]: Entering directory '/home/icaro/pesquisa_ucpel/aom_1.0/nbbuild/CMakeFiles/CMakeTmp'
Building CXX object CMakeFiles/cmTC_35619.dir/src.cxx.o
/usr/bin/g++    -DHAVE_CXX_FLAG   -msse2 -o CMakeFiles/cmTC_35619.dir/src.cxx.o -c /home/icaro/pesquisa_ucpel/aom_1.0/nbbuild/CMakeFiles/CMakeTmp/src.cxx
Linking CXX executable cmTC_35619
/usr/bin/cmake -E cmake_link_script CMakeFiles/cmTC_35619.dir/link.txt --verbose=1
/usr/bin/g++   -DHAVE_CXX_FLAG    CMakeFiles/cmTC_35619.dir/src.cxx.o  -o cmTC_35619 -lm 
make[1]: Leaving directory '/home/icaro/pesquisa_ucpel/aom_1.0/nbbuild/CMakeFiles/CMakeTmp'

Source file was:
int main() { return 0; }
Performing C SOURCE FILE Test HAVE_C_FLAG succeeded with the following output:
Change Dir: /home/icaro/pesquisa_ucpel/aom_1.0/nbbuild/CMakeFiles/CMakeTmp

Run Build Command:"/usr/bin/make" "cmTC_00112/fast"
/usr/bin/make -f CMakeFiles/cmTC_00112.dir/build.make CMakeFiles/cmTC_00112.dir/build
make[1]: Entering directory '/home/icaro/pesquisa_ucpel/aom_1.0/nbbuild/CMakeFiles/CMakeTmp'
Building C object CMakeFiles/cmTC_00112.dir/src.c.o
/usr/bin/gcc   -DHAVE_C_FLAG   -msse3 -o CMakeFiles/cmTC_00112.dir/src.c.o   -c /home/icaro/pesquisa_ucpel/aom_1.0/nbbuild/CMakeFiles/CMakeTmp/src.c
Linking C executable cmTC_00112
/usr/bin/cmake -E cmake_link_script CMakeFiles/cmTC_00112.dir/link.txt --verbose=1
/usr/bin/gcc  -DHAVE_C_FLAG    CMakeFiles/cmTC_00112.dir/src.c.o  -o cmTC_00112 -lm 
make[1]: Leaving directory '/home/icaro/pesquisa_ucpel/aom_1.0/nbbuild/CMakeFiles/CMakeTmp'

Source file was:
int main(void) { return 0; }
Performing C++ SOURCE FILE Test HAVE_CXX_FLAG succeeded with the following output:
Change Dir: /home/icaro/pesquisa_ucpel/aom_1.0/nbbuild/CMakeFiles/CMakeTmp

Run Build Command:"/usr/bin/make" "cmTC_4a9dd/fast"
/usr/bin/make -f CMakeFiles/cmTC_4a9dd.dir/build.make CMakeFiles/cmTC_4a9dd.dir/build
make[1]: Entering directory '/home/icaro/pesquisa_ucpel/aom_1.0/nbbuild/CMakeFiles/CMakeTmp'
Building CXX object CMakeFiles/cmTC_4a9dd.dir/src.cxx.o
/usr/bin/g++    -DHAVE_CXX_FLAG   -msse3 -o CMakeFiles/cmTC_4a9dd.dir/src.cxx.o -c /home/icaro/pesquisa_ucpel/aom_1.0/nbbuild/CMakeFiles/CMakeTmp/src.cxx
Linking CXX executable cmTC_4a9dd
/usr/bin/cmake -E cmake_link_script CMakeFiles/cmTC_4a9dd.dir/link.txt --verbose=1
/usr/bin/g++   -DHAVE_CXX_FLAG    CMakeFiles/cmTC_4a9dd.dir/src.cxx.o  -o cmTC_4a9dd -lm 
make[1]: Leaving directory '/home/icaro/pesquisa_ucpel/aom_1.0/nbbuild/CMakeFiles/CMakeTmp'

Source file was:
int main() { return 0; }
Performing C SOURCE FILE Test HAVE_C_FLAG succeeded with the following output:
Change Dir: /home/icaro/pesquisa_ucpel/aom_1.0/nbbuild/CMakeFiles/CMakeTmp

Run Build Command:"/usr/bin/make" "cmTC_5f9e7/fast"
/usr/bin/make -f CMakeFiles/cmTC_5f9e7.dir/build.make CMakeFiles/cmTC_5f9e7.dir/build
make[1]: Entering directory '/home/icaro/pesquisa_ucpel/aom_1.0/nbbuild/CMakeFiles/CMakeTmp'
Building C object CMakeFiles/cmTC_5f9e7.dir/src.c.o
/usr/bin/gcc   -DHAVE_C_FLAG   -mssse3 -o CMakeFiles/cmTC_5f9e7.dir/src.c.o   -c /home/icaro/pesquisa_ucpel/aom_1.0/nbbuild/CMakeFiles/CMakeTmp/src.c
Linking C executable cmTC_5f9e7
/usr/bin/cmake -E cmake_link_script CMakeFiles/cmTC_5f9e7.dir/link.txt --verbose=1
/usr/bin/gcc  -DHAVE_C_FLAG    CMakeFiles/cmTC_5f9e7.dir/src.c.o  -o cmTC_5f9e7 -lm 
make[1]: Leaving directory '/home/icaro/pesquisa_ucpel/aom_1.0/nbbuild/CMakeFiles/CMakeTmp'

Source file was:
int main(void) { return 0; }
Performing C++ SOURCE FILE Test HAVE_CXX_FLAG succeeded with the following output:
Change Dir: /home/icaro/pesquisa_ucpel/aom_1.0/nbbuild/CMakeFiles/CMakeTmp

Run Build Command:"/usr/bin/make" "cmTC_c44f0/fast"
/usr/bin/make -f CMakeFiles/cmTC_c44f0.dir/build.make CMakeFiles/cmTC_c44f0.dir/build
make[1]: Entering directory '/home/icaro/pesquisa_ucpel/aom_1.0/nbbuild/CMakeFiles/CMakeTmp'
Building CXX object CMakeFiles/cmTC_c44f0.dir/src.cxx.o
/usr/bin/g++    -DHAVE_CXX_FLAG   -mssse3 -o CMakeFiles/cmTC_c44f0.dir/src.cxx.o -c /home/icaro/pesquisa_ucpel/aom_1.0/nbbuild/CMakeFiles/CMakeTmp/src.cxx
Linking CXX executable cmTC_c44f0
/usr/bin/cmake -E cmake_link_script CMakeFiles/cmTC_c44f0.dir/link.txt --verbose=1
/usr/bin/g++   -DHAVE_CXX_FLAG    CMakeFiles/cmTC_c44f0.dir/src.cxx.o  -o cmTC_c44f0 -lm 
make[1]: Leaving directory '/home/icaro/pesquisa_ucpel/aom_1.0/nbbuild/CMakeFiles/CMakeTmp'

Source file was:
int main() { return 0; }
Performing C SOURCE FILE Test HAVE_C_FLAG succeeded with the following output:
Change Dir: /home/icaro/pesquisa_ucpel/aom_1.0/nbbuild/CMakeFiles/CMakeTmp

Run Build Command:"/usr/bin/make" "cmTC_4bcc0/fast"
/usr/bin/make -f CMakeFiles/cmTC_4bcc0.dir/build.make CMakeFiles/cmTC_4bcc0.dir/build
make[1]: Entering directory '/home/icaro/pesquisa_ucpel/aom_1.0/nbbuild/CMakeFiles/CMakeTmp'
Building C object CMakeFiles/cmTC_4bcc0.dir/src.c.o
/usr/bin/gcc   -DHAVE_C_FLAG   -msse4.1 -o CMakeFiles/cmTC_4bcc0.dir/src.c.o   -c /home/icaro/pesquisa_ucpel/aom_1.0/nbbuild/CMakeFiles/CMakeTmp/src.c
Linking C executable cmTC_4bcc0
/usr/bin/cmake -E cmake_link_script CMakeFiles/cmTC_4bcc0.dir/link.txt --verbose=1
/usr/bin/gcc  -DHAVE_C_FLAG    CMakeFiles/cmTC_4bcc0.dir/src.c.o  -o cmTC_4bcc0 -lm 
make[1]: Leaving directory '/home/icaro/pesquisa_ucpel/aom_1.0/nbbuild/CMakeFiles/CMakeTmp'

Source file was:
int main(void) { return 0; }
Performing C++ SOURCE FILE Test HAVE_CXX_FLAG succeeded with the following output:
Change Dir: /home/icaro/pesquisa_ucpel/aom_1.0/nbbuild/CMakeFiles/CMakeTmp

Run Build Command:"/usr/bin/make" "cmTC_0c97a/fast"
/usr/bin/make -f CMakeFiles/cmTC_0c97a.dir/build.make CMakeFiles/cmTC_0c97a.dir/build
make[1]: Entering directory '/home/icaro/pesquisa_ucpel/aom_1.0/nbbuild/CMakeFiles/CMakeTmp'
Building CXX object CMakeFiles/cmTC_0c97a.dir/src.cxx.o
/usr/bin/g++    -DHAVE_CXX_FLAG   -msse4.1 -o CMakeFiles/cmTC_0c97a.dir/src.cxx.o -c /home/icaro/pesquisa_ucpel/aom_1.0/nbbuild/CMakeFiles/CMakeTmp/src.cxx
Linking CXX executable cmTC_0c97a
/usr/bin/cmake -E cmake_link_script CMakeFiles/cmTC_0c97a.dir/link.txt --verbose=1
/usr/bin/g++   -DHAVE_CXX_FLAG    CMakeFiles/cmTC_0c97a.dir/src.cxx.o  -o cmTC_0c97a -lm 
make[1]: Leaving directory '/home/icaro/pesquisa_ucpel/aom_1.0/nbbuild/CMakeFiles/CMakeTmp'

Source file was:
int main() { return 0; }
Performing C SOURCE FILE Test HAVE_C_FLAG succeeded with the following output:
Change Dir: /home/icaro/pesquisa_ucpel/aom_1.0/nbbuild/CMakeFiles/CMakeTmp

Run Build Command:"/usr/bin/make" "cmTC_9e36e/fast"
/usr/bin/make -f CMakeFiles/cmTC_9e36e.dir/build.make CMakeFiles/cmTC_9e36e.dir/build
make[1]: Entering directory '/home/icaro/pesquisa_ucpel/aom_1.0/nbbuild/CMakeFiles/CMakeTmp'
Building C object CMakeFiles/cmTC_9e36e.dir/src.c.o
/usr/bin/gcc   -DHAVE_C_FLAG   -msse4.2 -o CMakeFiles/cmTC_9e36e.dir/src.c.o   -c /home/icaro/pesquisa_ucpel/aom_1.0/nbbuild/CMakeFiles/CMakeTmp/src.c
Linking C executable cmTC_9e36e
/usr/bin/cmake -E cmake_link_script CMakeFiles/cmTC_9e36e.dir/link.txt --verbose=1
/usr/bin/gcc  -DHAVE_C_FLAG    CMakeFiles/cmTC_9e36e.dir/src.c.o  -o cmTC_9e36e -lm 
make[1]: Leaving directory '/home/icaro/pesquisa_ucpel/aom_1.0/nbbuild/CMakeFiles/CMakeTmp'

Source file was:
int main(void) { return 0; }
Performing C++ SOURCE FILE Test HAVE_CXX_FLAG succeeded with the following output:
Change Dir: /home/icaro/pesquisa_ucpel/aom_1.0/nbbuild/CMakeFiles/CMakeTmp

Run Build Command:"/usr/bin/make" "cmTC_cea21/fast"
/usr/bin/make -f CMakeFiles/cmTC_cea21.dir/build.make CMakeFiles/cmTC_cea21.dir/build
make[1]: Entering directory '/home/icaro/pesquisa_ucpel/aom_1.0/nbbuild/CMakeFiles/CMakeTmp'
Building CXX object CMakeFiles/cmTC_cea21.dir/src.cxx.o
/usr/bin/g++    -DHAVE_CXX_FLAG   -msse4.2 -o CMakeFiles/cmTC_cea21.dir/src.cxx.o -c /home/icaro/pesquisa_ucpel/aom_1.0/nbbuild/CMakeFiles/CMakeTmp/src.cxx
Linking CXX executable cmTC_cea21
/usr/bin/cmake -E cmake_link_script CMakeFiles/cmTC_cea21.dir/link.txt --verbose=1
/usr/bin/g++   -DHAVE_CXX_FLAG    CMakeFiles/cmTC_cea21.dir/src.cxx.o  -o cmTC_cea21 -lm 
make[1]: Leaving directory '/home/icaro/pesquisa_ucpel/aom_1.0/nbbuild/CMakeFiles/CMakeTmp'

Source file was:
int main() { return 0; }
Performing C SOURCE FILE Test HAVE_C_FLAG succeeded with the following output:
Change Dir: /home/icaro/pesquisa_ucpel/aom_1.0/nbbuild/CMakeFiles/CMakeTmp

Run Build Command:"/usr/bin/make" "cmTC_a466b/fast"
/usr/bin/make -f CMakeFiles/cmTC_a466b.dir/build.make CMakeFiles/cmTC_a466b.dir/build
make[1]: Entering directory '/home/icaro/pesquisa_ucpel/aom_1.0/nbbuild/CMakeFiles/CMakeTmp'
Building C object CMakeFiles/cmTC_a466b.dir/src.c.o
/usr/bin/gcc   -DHAVE_C_FLAG   -mavx2 -o CMakeFiles/cmTC_a466b.dir/src.c.o   -c /home/icaro/pesquisa_ucpel/aom_1.0/nbbuild/CMakeFiles/CMakeTmp/src.c
Linking C executable cmTC_a466b
/usr/bin/cmake -E cmake_link_script CMakeFiles/cmTC_a466b.dir/link.txt --verbose=1
/usr/bin/gcc  -DHAVE_C_FLAG    CMakeFiles/cmTC_a466b.dir/src.c.o  -o cmTC_a466b -lm 
make[1]: Leaving directory '/home/icaro/pesquisa_ucpel/aom_1.0/nbbuild/CMakeFiles/CMakeTmp'

Source file was:
int main(void) { return 0; }
Performing C++ SOURCE FILE Test HAVE_CXX_FLAG succeeded with the following output:
Change Dir: /home/icaro/pesquisa_ucpel/aom_1.0/nbbuild/CMakeFiles/CMakeTmp

Run Build Command:"/usr/bin/make" "cmTC_aaabc/fast"
/usr/bin/make -f CMakeFiles/cmTC_aaabc.dir/build.make CMakeFiles/cmTC_aaabc.dir/build
make[1]: Entering directory '/home/icaro/pesquisa_ucpel/aom_1.0/nbbuild/CMakeFiles/CMakeTmp'
Building CXX object CMakeFiles/cmTC_aaabc.dir/src.cxx.o
/usr/bin/g++    -DHAVE_CXX_FLAG   -mavx2 -o CMakeFiles/cmTC_aaabc.dir/src.cxx.o -c /home/icaro/pesquisa_ucpel/aom_1.0/nbbuild/CMakeFiles/CMakeTmp/src.cxx
Linking CXX executable cmTC_aaabc
/usr/bin/cmake -E cmake_link_script CMakeFiles/cmTC_aaabc.dir/link.txt --verbose=1
/usr/bin/g++   -DHAVE_CXX_FLAG    CMakeFiles/cmTC_aaabc.dir/src.cxx.o  -o cmTC_aaabc -lm 
make[1]: Leaving directory '/home/icaro/pesquisa_ucpel/aom_1.0/nbbuild/CMakeFiles/CMakeTmp'

Source file was:
int main() { return 0; }
